11:11:58 **** Incremental Build of configuration Debug for project student ****
make all 
make: Nothing to be done for `all'.
15:34:23 **** Build of configuration Debug for project ExceptionHandling ****
make all 
Building file: ../exceptionHandling.cpp
Invoking: GCC C++ Compiler
g++ -O0 -g3 -Wall -c -fmessage-length=0 -MMD -MP -MF"exceptionHandling.d" -MT"exceptionHandling.d" -o "exceptionHandling.o" "../exceptionHandling.cpp"
../exceptionHandling.cpp:11:1: error: expected ‘;’ after class definition
 }
 ^
make: *** [exceptionHandling.o] Error 1
15:34:25 **** Build of configuration Debug for project Quadratic ****
make all 
make: Nothing to be done for `all'.
15:34:25 **** Build of configuration Debug for project calc ****
make all 
make: Nothing to be done for `all'.
15:34:26 **** Build of configuration Debug for project calcadv ****
make all 
make: Nothing to be done for `all'.
15:34:26 **** Build of configuration Debug for project complex ****
make all 
make: Nothing to be done for `all'.
15:34:26 **** Build of configuration Debug for project employee ****
make all 
make: Nothing to be done for `all'.
15:34:26 **** Incremental Build of configuration Debug for project student ****
make all 
make: Nothing to be done for `all'.
15:39:37 **** Incremental Build of configuration Debug for project ExceptionHandling ****
make all 
Building file: ../exceptionHandling.cpp
Invoking: GCC C++ Compiler
g++ -O0 -g3 -Wall -c -fmessage-length=0 -MMD -MP -MF"exceptionHandling.d" -MT"exceptionHandling.d" -o "exceptionHandling.o" "../exceptionHandling.cpp"
Finished building: ../exceptionHandling.cpp
 
Building target: ExceptionHandling
Invoking: GCC C++ Linker
g++  -o "ExceptionHandling"  ./exceptionHandling.o   
/usr/lib/gcc/x86_64-redhat-linux/4.8.3/../../../../lib64/crt1.o: In function `_start':
(.text+0x20): undefined reference to `main'
collect2: error: ld returned 1 exit status
make: *** [ExceptionHandling] Error 1
15:39:38 **** Incremental Build of configuration Debug for project Quadratic ****
make all 
make: Nothing to be done for `all'.
15:39:38 **** Incremental Build of configuration Debug for project calc ****
make all 
make: Nothing to be done for `all'.
15:39:38 **** Incremental Build of configuration Debug for project calcadv ****
make all 
make: Nothing to be done for `all'.
15:39:39 **** Incremental Build of configuration Debug for project complex ****
make all 
make: Nothing to be done for `all'.
15:39:39 **** Incremental Build of configuration Debug for project employee ****
make all 
make: Nothing to be done for `all'.
15:39:39 **** Incremental Build of configuration Debug for project student ****
make all 
make: Nothing to be done for `all'.
15:44:15 **** Incremental Build of configuration Debug for project ExceptionHandling ****
make all 
Building file: ../exceptionHandling.cpp
Invoking: GCC C++ Compiler
g++ -O0 -g3 -Wall -c -fmessage-length=0 -MMD -MP -MF"exceptionHandling.d" -MT"exceptionHandling.d" -o "exceptionHandling.o" "../exceptionHandling.cpp"
../exceptionHandling.cpp: In function ‘int main()’:
../exceptionHandling.cpp:36:21: error: no matching function for call to ‘exceptn::exceptn(int&)’
    throw exceptn(age)
                     ^
../exceptionHandling.cpp:36:21: note: candidates are:
../exceptionHandling.cpp:12:2: note: exceptn::exceptn(int, double, std::string, bool)
  exceptn(int age,double income,string city,bool veh)
  ^
../exceptionHandling.cpp:12:2: note:   candidate expects 4 arguments, 1 provided
../exceptionHandling.cpp:5:7: note: exceptn::exceptn(const exceptn&)
 class exceptn
       ^
../exceptionHandling.cpp:5:7: note:   no known conversion for argument 1 from ‘int’ to ‘const exceptn&’
../exceptionHandling.cpp:37:3: error: expected ‘;’ before ‘else’
   else
   ^
../exceptionHandling.cpp:40:1: error: expected ‘catch’ before ‘}’ token
 }
 ^
../exceptionHandling.cpp:40:1: error: expected ‘(’ before ‘}’ token
../exceptionHandling.cpp:40:1: error: expected type-specifier before ‘}’ token
../exceptionHandling.cpp:40:1: error: expected ‘)’ before ‘}’ token
../exceptionHandling.cpp:40:1: error: expected ‘{’ before ‘}’ token
../exceptionHandling.cpp:28:9: warning: unused variable ‘income’ [-Wunused-variable]
  double income;
         ^
../exceptionHandling.cpp:30:7: warning: unused variable ‘veh’ [-Wunused-variable]
  bool veh;
       ^
make: *** [exceptionHandling.o] Error 1
15:44:16 **** Incremental Build of configuration Debug for project Quadratic ****
make all 
make: Nothing to be done for `all'.
15:44:16 **** Incremental Build of configuration Debug for project calc ****
make all 
make: Nothing to be done for `all'.
15:44:16 **** Incremental Build of configuration Debug for project calcadv ****
make all 
make: Nothing to be done for `all'.
15:44:16 **** Incremental Build of configuration Debug for project complex ****
make all 
make: Nothing to be done for `all'.
15:44:16 **** Incremental Build of configuration Debug for project employee ****
make all 
make: Nothing to be done for `all'.
15:44:17 **** Incremental Build of configuration Debug for project student ****
make all 
make: Nothing to be done for `all'.
15:44:39 **** Incremental Build of configuration Debug for project ExceptionHandling ****
make all 
Building file: ../exceptionHandling.cpp
Invoking: GCC C++ Compiler
g++ -O0 -g3 -Wall -c -fmessage-length=0 -MMD -MP -MF"exceptionHandling.d" -MT"exceptionHandling.d" -o "exceptionHandling.o" "../exceptionHandling.cpp"
../exceptionHandling.cpp: In function ‘int main()’:
../exceptionHandling.cpp:36:21: error: no matching function for call to ‘exceptn::exceptn(int&)’
    throw exceptn(age);
                     ^
../exceptionHandling.cpp:36:21: note: candidates are:
../exceptionHandling.cpp:12:2: note: exceptn::exceptn(int, double, std::string, bool)
  exceptn(int age,double income,string city,bool veh)
  ^
../exceptionHandling.cpp:12:2: note:   candidate expects 4 arguments, 1 provided
../exceptionHandling.cpp:5:7: note: exceptn::exceptn(const exceptn&)
 class exceptn
       ^
../exceptionHandling.cpp:5:7: note:   no known conversion for argument 1 from ‘int’ to ‘const exceptn&’
../exceptionHandling.cpp:40:1: error: expected ‘catch’ before ‘}’ token
 }
 ^
../exceptionHandling.cpp:40:1: error: expected ‘(’ before ‘}’ token
../exceptionHandling.cpp:40:1: error: expected type-specifier before ‘}’ token
../exceptionHandling.cpp:40:1: error: expected ‘)’ before ‘}’ token
../exceptionHandling.cpp:40:1: error: expected ‘{’ before ‘}’ token
../exceptionHandling.cpp:28:9: warning: unused variable ‘income’ [-Wunused-variable]
  double income;
         ^
../exceptionHandling.cpp:30:7: warning: unused variable ‘veh’ [-Wunused-variable]
  bool veh;
       ^
make: *** [exceptionHandling.o] Error 1
15:44:40 **** Incremental Build of configuration Debug for project Quadratic ****
make all 
make: Nothing to be done for `all'.
15:44:40 **** Incremental Build of configuration Debug for project calc ****
make all 
make: Nothing to be done for `all'.
15:44:40 **** Incremental Build of configuration Debug for project calcadv ****
make all 
make: Nothing to be done for `all'.
15:44:40 **** Incremental Build of configuration Debug for project complex ****
make all 
make: Nothing to be done for `all'.
15:44:40 **** Incremental Build of configuration Debug for project employee ****
make all 
make: Nothing to be done for `all'.
15:44:40 **** Incremental Build of configuration Debug for project student ****
make all 
make: Nothing to be done for `all'.
15:45:21 **** Incremental Build of configuration Debug for project ExceptionHandling ****
make all 
Building file: ../exceptionHandling.cpp
Invoking: GCC C++ Compiler
g++ -O0 -g3 -Wall -c -fmessage-length=0 -MMD -MP -MF"exceptionHandling.d" -MT"exceptionHandling.d" -o "exceptionHandling.o" "../exceptionHandling.cpp"
../exceptionHandling.cpp: In function ‘int main()’:
../exceptionHandling.cpp:40:1: error: expected ‘catch’ before ‘}’ token
 }
 ^
../exceptionHandling.cpp:40:1: error: expected ‘(’ before ‘}’ token
../exceptionHandling.cpp:40:1: error: expected type-specifier before ‘}’ token
../exceptionHandling.cpp:40:1: error: expected ‘)’ before ‘}’ token
../exceptionHandling.cpp:40:1: error: expected ‘{’ before ‘}’ token
../exceptionHandling.cpp:28:9: warning: unused variable ‘income’ [-Wunused-variable]
  double income;
         ^
../exceptionHandling.cpp:30:7: warning: unused variable ‘veh’ [-Wunused-variable]
  bool veh;
       ^
make: *** [exceptionHandling.o] Error 1
15:45:22 **** Incremental Build of configuration Debug for project Quadratic ****
make all 
make: Nothing to be done for `all'.
15:45:22 **** Incremental Build of configuration Debug for project calc ****
make all 
make: Nothing to be done for `all'.
15:45:22 **** Incremental Build of configuration Debug for project calcadv ****
make all 
make: Nothing to be done for `all'.
15:45:22 **** Incremental Build of configuration Debug for project complex ****
make all 
make: Nothing to be done for `all'.
15:45:22 **** Incremental Build of configuration Debug for project employee ****
make all 
make: Nothing to be done for `all'.
15:45:22 **** Incremental Build of configuration Debug for project student ****
make all 
make: Nothing to be done for `all'.
15:46:17 **** Incremental Build of configuration Debug for project ExceptionHandling ****
make all 
Building file: ../exceptionHandling.cpp
Invoking: GCC C++ Compiler
g++ -O0 -g3 -Wall -c -fmessage-length=0 -MMD -MP -MF"exceptionHandling.d" -MT"exceptionHandling.d" -o "exceptionHandling.o" "../exceptionHandling.cpp"
../exceptionHandling.cpp: In function ‘int main()’:
../exceptionHandling.cpp:28:9: warning: unused variable ‘income’ [-Wunused-variable]
  double income;
         ^
../exceptionHandling.cpp:30:7: warning: unused variable ‘veh’ [-Wunused-variable]
  bool veh;
       ^
Finished building: ../exceptionHandling.cpp
 
Building target: ExceptionHandling
Invoking: GCC C++ Linker
g++  -o "ExceptionHandling"  ./exceptionHandling.o   
Finished building target: ExceptionHandling
 
15:46:17 **** Incremental Build of configuration Debug for project Quadratic ****
make all 
make: Nothing to be done for `all'.
15:46:17 **** Incremental Build of configuration Debug for project calc ****
make all 
make: Nothing to be done for `all'.
15:46:18 **** Incremental Build of configuration Debug for project calcadv ****
make all 
make: Nothing to be done for `all'.
15:46:18 **** Incremental Build of configuration Debug for project complex ****
make all 
make: Nothing to be done for `all'.
15:46:18 **** Incremental Build of configuration Debug for project employee ****
make all 
make: Nothing to be done for `all'.
15:46:18 **** Incremental Build of configuration Debug for project student ****
make all 
make: Nothing to be done for `all'.
15:46:36 **** Incremental Build of configuration Debug for project ExceptionHandling ****
make all 
Building file: ../exceptionHandling.cpp
Invoking: GCC C++ Compiler
g++ -O0 -g3 -Wall -c -fmessage-length=0 -MMD -MP -MF"exceptionHandling.d" -MT"exceptionHandling.d" -o "exceptionHandling.o" "../exceptionHandling.cpp"
../exceptionHandling.cpp: In function ‘int main()’:
../exceptionHandling.cpp:28:9: warning: unused variable ‘income’ [-Wunused-variable]
  double income;
         ^
Finished building: ../exceptionHandling.cpp
../exceptionHandling.cpp:30:7: warning: unused variable ‘veh’ [-Wunused-variable]
 
  bool veh;
       ^
Building target: ExceptionHandling
Invoking: GCC C++ Linker
g++  -o "ExceptionHandling"  ./exceptionHandling.o   
Finished building target: ExceptionHandling
 
15:46:36 **** Incremental Build of configuration Debug for project Quadratic ****
make all 
make: Nothing to be done for `all'.
15:46:36 **** Incremental Build of configuration Debug for project calc ****
make all 
make: Nothing to be done for `all'.
15:46:36 **** Incremental Build of configuration Debug for project calcadv ****
make all 
make: Nothing to be done for `all'.
15:46:37 **** Incremental Build of configuration Debug for project complex ****
make all 
make: Nothing to be done for `all'.
15:46:37 **** Incremental Build of configuration Debug for project employee ****
make all 
make: Nothing to be done for `all'.
15:46:37 **** Incremental Build of configuration Debug for project student ****
make all 
make: Nothing to be done for `all'.
15:46:43 **** Incremental Build of configuration Debug for project ExceptionHandling ****
make all 
make: Nothing to be done for `all'.
15:46:44 **** Incremental Build of configuration Debug for project ExceptionHandling ****
make all 
make: Nothing to be done for `all'.
15:46:45 **** Incremental Build of configuration Debug for project ExceptionHandling ****
make all 
make: Nothing to be done for `all'.
15:46:46 **** Incremental Build of configuration Debug for project ExceptionHandling ****
make all 
make: Nothing to be done for `all'.
15:46:49 **** Incremental Build of configuration Debug for project ExceptionHandling ****
make all 
make: Nothing to be done for `all'.
15:47:06 **** Incremental Build of configuration Debug for project ExceptionHandling ****
make all 
make: Nothing to be done for `all'.
15:47:07 **** Incremental Build of configuration Debug for project Quadratic ****
make all 
make: Nothing to be done for `all'.
15:47:07 **** Incremental Build of configuration Debug for project calc ****
make all 
make: Nothing to be done for `all'.
15:47:07 **** Incremental Build of configuration Debug for project calcadv ****
make all 
make: Nothing to be done for `all'.
15:47:07 **** Incremental Build of configuration Debug for project complex ****
make all 
make: Nothing to be done for `all'.
15:47:07 **** Incremental Build of configuration Debug for project employee ****
make all 
make: Nothing to be done for `all'.
15:47:07 **** Incremental Build of configuration Debug for project student ****
make all 
make: Nothing to be done for `all'.
15:47:08 **** Incremental Build of configuration Debug for project ExceptionHandling ****
make all 
make: Nothing to be done for `all'.
15:47:11 **** Incremental Build of configuration Debug for project ExceptionHandling ****
make all 
make: Nothing to be done for `all'.
15:47:40 **** Incremental Build of configuration Debug for project ExceptionHandling ****
make all 
make: Nothing to be done for `all'.
15:48:16 **** Incremental Build of configuration Debug for project ExceptionHandling ****
make all 
make: Nothing to be done for `all'.
15:48:18 **** Incremental Build of configuration Debug for project ExceptionHandling ****
make all 
make: Nothing to be done for `all'.
15:48:20 **** Incremental Build of configuration Debug for project ExceptionHandling ****
make all 
make: Nothing to be done for `all'.
15:48:21 **** Incremental Build of configuration Debug for project ExceptionHandling ****
make all 
make: Nothing to be done for `all'.
15:48:23 **** Incremental Build of configuration Debug for project ExceptionHandling ****
make all 
make: Nothing to be done for `all'.
15:48:23 **** Incremental Build of configuration Debug for project Quadratic ****
make all 
make: Nothing to be done for `all'.
15:48:23 **** Incremental Build of configuration Debug for project calc ****
make all 
make: Nothing to be done for `all'.
15:48:24 **** Incremental Build of configuration Debug for project calcadv ****
make all 
make: Nothing to be done for `all'.
15:48:24 **** Incremental Build of configuration Debug for project complex ****
make all 
make: Nothing to be done for `all'.
15:48:24 **** Incremental Build of configuration Debug for project employee ****
make all 
make: Nothing to be done for `all'.
15:48:24 **** Incremental Build of configuration Debug for project student ****
make all 
make: Nothing to be done for `all'.
15:48:25 **** Incremental Build of configuration Debug for project ExceptionHandling ****
make all 
make: Nothing to be done for `all'.
15:48:29 **** Incremental Build of configuration Debug for project employee ****
make all 
make: Nothing to be done for `all'.
15:48:33 **** Incremental Build of configuration Debug for project ExceptionHandling ****
make all 
make: Nothing to be done for `all'.
15:48:43 **** Incremental Build of configuration Debug for project ExceptionHandling ****
make all 
make: Nothing to be done for `all'.
15:49:18 **** Incremental Build of configuration Debug for project ExceptionHandling ****
make all 
Building file: ../exceptionHandling.cpp
Invoking: GCC C++ Compiler
g++ -O0 -g3 -Wall -c -fmessage-length=0 -MMD -MP -MF"exceptionHandling.d" -MT"exceptionHandling.d" -o "exceptionHandling.o" "../exceptionHandling.cpp"
../exceptionHandling.cpp: In function ‘int main()’:
../exceptionHandling.cpp:28:9: warning: unused variable ‘income’ [-Wunused-variable]
  double income;
         ^
../exceptionHandling.cpp:30:7: warning: unused variable ‘veh’ [-Wunused-variable]
  bool veh;
       ^
Finished building: ../exceptionHandling.cpp
 
Building target: ExceptionHandling
Invoking: GCC C++ Linker
g++  -o "ExceptionHandling"  ./exceptionHandling.o   
Finished building target: ExceptionHandling
 
15:49:19 **** Incremental Build of configuration Debug for project Quadratic ****
make all 
make: Nothing to be done for `all'.
15:49:19 **** Incremental Build of configuration Debug for project calc ****
make all 
make: Nothing to be done for `all'.
15:49:19 **** Incremental Build of configuration Debug for project calcadv ****
make all 
make: Nothing to be done for `all'.
15:49:19 **** Incremental Build of configuration Debug for project complex ****
make all 
make: Nothing to be done for `all'.
15:49:20 **** Incremental Build of configuration Debug for project employee ****
make all 
make: Nothing to be done for `all'.
15:49:20 **** Incremental Build of configuration Debug for project student ****
make all 
make: Nothing to be done for `all'.
15:49:22 **** Incremental Build of configuration Debug for project ExceptionHandling ****
make all 
make: Nothing to be done for `all'.
15:49:33 **** Incremental Build of configuration Debug for project ExceptionHandling ****
make all 
make: Nothing to be done for `all'.
16:03:37 **** Incremental Build of configuration Debug for project ExceptionHandling ****
make all 
Building file: ../exceptionHandling.cpp
Invoking: GCC C++ Compiler
g++ -O0 -g3 -Wall -c -fmessage-length=0 -MMD -MP -MF"exceptionHandling.d" -MT"exceptionHandling.d" -o "exceptionHandling.o" "../exceptionHandling.cpp"
../exceptionHandling.cpp: In function ‘int main()’:
../exceptionHandling.cpp:35:7: warning: unused variable ‘veh’ [-Wunused-variable]
  bool veh;
       ^
Finished building: ../exceptionHandling.cpp
 
Building target: ExceptionHandling
Invoking: GCC C++ Linker
g++  -o "ExceptionHandling"  ./exceptionHandling.o   
Finished building target: ExceptionHandling
 
16:03:38 **** Incremental Build of configuration Debug for project Quadratic ****
make all 
make: Nothing to be done for `all'.
16:03:38 **** Incremental Build of configuration Debug for project calc ****
make all 
make: Nothing to be done for `all'.
16:03:38 **** Incremental Build of configuration Debug for project calcadv ****
make all 
make: Nothing to be done for `all'.
16:03:38 **** Incremental Build of configuration Debug for project complex ****
make all 
make: Nothing to be done for `all'.
16:03:38 **** Incremental Build of configuration Debug for project employee ****
make all 
make: Nothing to be done for `all'.
16:03:39 **** Incremental Build of configuration Debug for project student ****
make all 
make: Nothing to be done for `all'.
16:03:40 **** Incremental Build of configuration Debug for project ExceptionHandling ****
make all 
make: Nothing to be done for `all'.
16:08:26 **** Incremental Build of configuration Debug for project ExceptionHandling ****
make all 
Building file: ../exceptionHandling.cpp
Invoking: GCC C++ Compiler
g++ -O0 -g3 -Wall -c -fmessage-length=0 -MMD -MP -MF"exceptionHandling.d" -MT"exceptionHandling.d" -o "exceptionHandling.o" "../exceptionHandling.cpp"
../exceptionHandling.cpp: In function ‘int main()’:
../exceptionHandling.cpp:33:9: warning: unused variable ‘income’ [-Wunused-variable]
  double income;
         ^
../exceptionHandling.cpp:35:7: warning: unused variable ‘veh’ [-Wunused-variable]
  bool veh;
       ^
Finished building: ../exceptionHandling.cpp
 
Building target: ExceptionHandling
Invoking: GCC C++ Linker
g++  -o "ExceptionHandling"  ./exceptionHandling.o   
Finished building target: ExceptionHandling
 
16:08:26 **** Incremental Build of configuration Debug for project Quadratic ****
make all 
make: Nothing to be done for `all'.
16:08:26 **** Incremental Build of configuration Debug for project calc ****
make all 
make: Nothing to be done for `all'.
16:08:26 **** Incremental Build of configuration Debug for project calcadv ****
make all 
make: Nothing to be done for `all'.
16:08:26 **** Incremental Build of configuration Debug for project complex ****
make all 
make: Nothing to be done for `all'.
16:08:26 **** Incremental Build of configuration Debug for project employee ****
make all 
make: Nothing to be done for `all'.
16:08:27 **** Incremental Build of configuration Debug for project student ****
make all 
make: Nothing to be done for `all'.
16:08:28 **** Incremental Build of configuration Debug for project ExceptionHandling ****
make all 
make: Nothing to be done for `all'.
16:12:25 **** Incremental Build of configuration Debug for project ExceptionHandling ****
make all 
Building file: ../exceptionHandling.cpp
Invoking: GCC C++ Compiler
g++ -O0 -g3 -Wall -c -fmessage-length=0 -MMD -MP -MF"exceptionHandling.d" -MT"exceptionHandling.d" -o "exceptionHandling.o" "../exceptionHandling.cpp"
../exceptionHandling.cpp: In function ‘int main()’:
../exceptionHandling.cpp:36:9: warning: unused variable ‘income’ [-Wunused-variable]
  double income;
Finished building: ../exceptionHandling.cpp
         ^
../exceptionHandling.cpp:38:7: warning: unused variable ‘veh’ [-Wunused-variable]
 
  bool veh;
       ^
Building target: ExceptionHandling
Invoking: GCC C++ Linker
g++  -o "ExceptionHandling"  ./exceptionHandling.o   
Finished building target: ExceptionHandling
 
16:12:26 **** Incremental Build of configuration Debug for project Quadratic ****
make all 
make: Nothing to be done for `all'.
16:12:26 **** Incremental Build of configuration Debug for project calc ****
make all 
make: Nothing to be done for `all'.
16:12:26 **** Incremental Build of configuration Debug for project calcadv ****
make all 
make: Nothing to be done for `all'.
16:12:26 **** Incremental Build of configuration Debug for project complex ****
make all 
make: Nothing to be done for `all'.
16:12:26 **** Incremental Build of configuration Debug for project employee ****
make all 
make: Nothing to be done for `all'.
16:12:26 **** Incremental Build of configuration Debug for project student ****
make all 
make: Nothing to be done for `all'.
16:12:33 **** Incremental Build of configuration Debug for project ExceptionHandling ****
make all 
make: Nothing to be done for `all'.
16:12:33 **** Incremental Build of configuration Debug for project Quadratic ****
make all 
make: Nothing to be done for `all'.
16:12:33 **** Incremental Build of configuration Debug for project calc ****
make all 
make: Nothing to be done for `all'.
16:12:33 **** Incremental Build of configuration Debug for project calcadv ****
make all 
make: Nothing to be done for `all'.
16:12:33 **** Incremental Build of configuration Debug for project complex ****
make all 
make: Nothing to be done for `all'.
16:12:33 **** Incremental Build of configuration Debug for project employee ****
make all 
make: Nothing to be done for `all'.
16:12:34 **** Incremental Build of configuration Debug for project student ****
make all 
make: Nothing to be done for `all'.
16:12:36 **** Incremental Build of configuration Debug for project ExceptionHandling ****
make all 
make: Nothing to be done for `all'.
16:14:11 **** Incremental Build of configuration Debug for project ExceptionHandling ****
make all 
Building file: ../exceptionHandling.cpp
Invoking: GCC C++ Compiler
g++ -O0 -g3 -Wall -c -fmessage-length=0 -MMD -MP -MF"exceptionHandling.d" -MT"exceptionHandling.d" -o "exceptionHandling.o" "../exceptionHandling.cpp"
../exceptionHandling.cpp: In function ‘int main()’:
../exceptionHandling.cpp:40:9: warning: unused variable ‘income’ [-Wunused-variable]
  double income;
         ^
../exceptionHandling.cpp:42:7: warning: unused variable ‘veh’ [-Wunused-variable]
Finished building: ../exceptionHandling.cpp
  bool veh;
       ^
 
Building target: ExceptionHandling
Invoking: GCC C++ Linker
g++  -o "ExceptionHandling"  ./exceptionHandling.o   
Finished building target: ExceptionHandling
 
16:14:11 **** Incremental Build of configuration Debug for project Quadratic ****
make all 
make: Nothing to be done for `all'.
16:14:11 **** Incremental Build of configuration Debug for project calc ****
make all 
make: Nothing to be done for `all'.
16:14:11 **** Incremental Build of configuration Debug for project calcadv ****
make all 
make: Nothing to be done for `all'.
16:14:11 **** Incremental Build of configuration Debug for project complex ****
make all 
make: Nothing to be done for `all'.
16:14:12 **** Incremental Build of configuration Debug for project employee ****
make all 
make: Nothing to be done for `all'.
16:14:12 **** Incremental Build of configuration Debug for project student ****
make all 
make: Nothing to be done for `all'.
16:14:13 **** Incremental Build of configuration Debug for project ExceptionHandling ****
make all 
make: Nothing to be done for `all'.
16:14:19 **** Incremental Build of configuration Debug for project ExceptionHandling ****
make all 
make: Nothing to be done for `all'.
16:23:23 **** Incremental Build of configuration Debug for project ExceptionHandling ****
make all 
Building file: ../exceptionHandling.cpp
Invoking: GCC C++ Compiler
g++ -O0 -g3 -Wall -c -fmessage-length=0 -MMD -MP -MF"exceptionHandling.d" -MT"exceptionHandling.d" -o "exceptionHandling.o" "../exceptionHandling.cpp"
Finished building: ../exceptionHandling.cpp
 
Building target: ExceptionHandling
Invoking: GCC C++ Linker
g++  -o "ExceptionHandling"  ./exceptionHandling.o   
Finished building target: ExceptionHandling
 
16:23:23 **** Incremental Build of configuration Debug for project Quadratic ****
make all 
make: Nothing to be done for `all'.
16:23:24 **** Incremental Build of configuration Debug for project calc ****
make all 
make: Nothing to be done for `all'.
16:23:24 **** Incremental Build of configuration Debug for project calcadv ****
make all 
make: Nothing to be done for `all'.
16:23:24 **** Incremental Build of configuration Debug for project complex ****
make all 
make: Nothing to be done for `all'.
16:23:24 **** Incremental Build of configuration Debug for project employee ****
make all 
make: Nothing to be done for `all'.
16:23:24 **** Incremental Build of configuration Debug for project student ****
make all 
make: Nothing to be done for `all'.
16:23:25 **** Incremental Build of configuration Debug for project ExceptionHandling ****
make all 
make: Nothing to be done for `all'.
16:24:27 **** Incremental Build of configuration Debug for project ExceptionHandling ****
make all 
Building file: ../exceptionHandling.cpp
Invoking: GCC C++ Compiler
g++ -O0 -g3 -Wall -c -fmessage-length=0 -MMD -MP -MF"exceptionHandling.d" -MT"exceptionHandling.d" -o "exceptionHandling.o" "../exceptionHandling.cpp"
Finished building: ../exceptionHandling.cpp
 
Building target: ExceptionHandling
Invoking: GCC C++ Linker
g++  -o "ExceptionHandling"  ./exceptionHandling.o   
Finished building target: ExceptionHandling
 
16:24:27 **** Incremental Build of configuration Debug for project Quadratic ****
make all 
make: Nothing to be done for `all'.
16:24:27 **** Incremental Build of configuration Debug for project calc ****
make all 
make: Nothing to be done for `all'.
16:24:27 **** Incremental Build of configuration Debug for project calcadv ****
make all 
make: Nothing to be done for `all'.
16:24:27 **** Incremental Build of configuration Debug for project complex ****
make all 
make: Nothing to be done for `all'.
16:24:27 **** Incremental Build of configuration Debug for project employee ****
make all 
make: Nothing to be done for `all'.
16:24:28 **** Incremental Build of configuration Debug for project student ****
make all 
make: Nothing to be done for `all'.
16:24:37 **** Incremental Build of configuration Debug for project ExceptionHandling ****
make all 
Building file: ../exceptionHandling.cpp
Invoking: GCC C++ Compiler
g++ -O0 -g3 -Wall -c -fmessage-length=0 -MMD -MP -MF"exceptionHandling.d" -MT"exceptionHandling.d" -o "exceptionHandling.o" "../exceptionHandling.cpp"
Finished building: ../exceptionHandling.cpp
 
Building target: ExceptionHandling
Invoking: GCC C++ Linker
g++  -o "ExceptionHandling"  ./exceptionHandling.o   
Finished building target: ExceptionHandling
 
16:24:37 **** Incremental Build of configuration Debug for project Quadratic ****
make all 
make: Nothing to be done for `all'.
16:24:37 **** Incremental Build of configuration Debug for project calc ****
make all 
make: Nothing to be done for `all'.
16:24:37 **** Incremental Build of configuration Debug for project calcadv ****
make all 
make: Nothing to be done for `all'.
16:24:38 **** Incremental Build of configuration Debug for project complex ****
make all 
make: Nothing to be done for `all'.
16:24:38 **** Incremental Build of configuration Debug for project employee ****
make all 
make: Nothing to be done for `all'.
16:24:38 **** Incremental Build of configuration Debug for project student ****
make all 
make: Nothing to be done for `all'.
16:24:45 **** Incremental Build of configuration Debug for project ExceptionHandling ****
make all 
Building file: ../exceptionHandling.cpp
Invoking: GCC C++ Compiler
g++ -O0 -g3 -Wall -c -fmessage-length=0 -MMD -MP -MF"exceptionHandling.d" -MT"exceptionHandling.d" -o "exceptionHandling.o" "../exceptionHandling.cpp"
Finished building: ../exceptionHandling.cpp
 
Building target: ExceptionHandling
Invoking: GCC C++ Linker
g++  -o "ExceptionHandling"  ./exceptionHandling.o   
Finished building target: ExceptionHandling
 
16:24:45 **** Incremental Build of configuration Debug for project Quadratic ****
make all 
make: Nothing to be done for `all'.
16:24:45 **** Incremental Build of configuration Debug for project calc ****
make all 
make: Nothing to be done for `all'.
16:24:45 **** Incremental Build of configuration Debug for project calcadv ****
make all 
make: Nothing to be done for `all'.
16:24:45 **** Incremental Build of configuration Debug for project complex ****
make all 
make: Nothing to be done for `all'.
16:24:45 **** Incremental Build of configuration Debug for project employee ****
make all 
make: Nothing to be done for `all'.
16:24:45 **** Incremental Build of configuration Debug for project student ****
make all 
make: Nothing to be done for `all'.
16:24:47 **** Incremental Build of configuration Debug for project ExceptionHandling ****
make all 
make: Nothing to be done for `all'.
16:25:34 **** Incremental Build of configuration Debug for project ExceptionHandling ****
make all 
make: Nothing to be done for `all'.
16:26:03 **** Incremental Build of configuration Debug for project ExceptionHandling ****
make all 
Building file: ../exceptionHandling.cpp
Invoking: GCC C++ Compiler
g++ -O0 -g3 -Wall -c -fmessage-length=0 -MMD -MP -MF"exceptionHandling.d" -MT"exceptionHandling.d" -o "exceptionHandling.o" "../exceptionHandling.cpp"
Finished building: ../exceptionHandling.cpp
 
Building target: ExceptionHandling
Invoking: GCC C++ Linker
g++  -o "ExceptionHandling"  ./exceptionHandling.o   
Finished building target: ExceptionHandling
 
16:26:04 **** Incremental Build of configuration Debug for project Quadratic ****
make all 
make: Nothing to be done for `all'.
16:26:04 **** Incremental Build of configuration Debug for project calc ****
make all 
make: Nothing to be done for `all'.
16:26:04 **** Incremental Build of configuration Debug for project calcadv ****
make all 
make: Nothing to be done for `all'.
16:26:04 **** Incremental Build of configuration Debug for project complex ****
make all 
make: Nothing to be done for `all'.
16:26:04 **** Incremental Build of configuration Debug for project employee ****
make all 
make: Nothing to be done for `all'.
16:26:04 **** Incremental Build of configuration Debug for project student ****
make all 
make: Nothing to be done for `all'.
16:26:08 **** Incremental Build of configuration Debug for project ExceptionHandling ****
make all 
make: Nothing to be done for `all'.
16:27:14 **** Incremental Build of configuration Debug for project ExceptionHandling ****
make all 
make: Nothing to be done for `all'.
16:28:20 **** Incremental Build of configuration Debug for project ExceptionHandling ****
make all 
Building file: ../exceptionHandling.cpp
Invoking: GCC C++ Compiler
g++ -O0 -g3 -Wall -c -fmessage-length=0 -MMD -MP -MF"exceptionHandling.d" -MT"exceptionHandling.d" -o "exceptionHandling.o" "../exceptionHandling.cpp"
Finished building: ../exceptionHandling.cpp
 
Building target: ExceptionHandling
Invoking: GCC C++ Linker
g++  -o "ExceptionHandling"  ./exceptionHandling.o   
Finished building target: ExceptionHandling
 
16:28:20 **** Incremental Build of configuration Debug for project Quadratic ****
make all 
make: Nothing to be done for `all'.
16:28:20 **** Incremental Build of configuration Debug for project calc ****
make all 
make: Nothing to be done for `all'.
16:28:20 **** Incremental Build of configuration Debug for project calcadv ****
make all 
make: Nothing to be done for `all'.
16:28:20 **** Incremental Build of configuration Debug for project complex ****
make all 
make: Nothing to be done for `all'.
16:28:20 **** Incremental Build of configuration Debug for project employee ****
make all 
make: Nothing to be done for `all'.
16:28:20 **** Incremental Build of configuration Debug for project student ****
make all 
make: Nothing to be done for `all'.
16:28:30 **** Incremental Build of configuration Debug for project ExceptionHandling ****
make all 
make: Nothing to be done for `all'.
16:28:30 **** Incremental Build of configuration Debug for project Quadratic ****
make all 
make: Nothing to be done for `all'.
16:28:30 **** Incremental Build of configuration Debug for project calc ****
make all 
make: Nothing to be done for `all'.
16:28:31 **** Incremental Build of configuration Debug for project calcadv ****
make all 
make: Nothing to be done for `all'.
16:28:31 **** Incremental Build of configuration Debug for project complex ****
make all 
make: Nothing to be done for `all'.
16:28:31 **** Incremental Build of configuration Debug for project employee ****
make all 
make: Nothing to be done for `all'.
16:28:31 **** Incremental Build of configuration Debug for project student ****
make all 
make: Nothing to be done for `all'.
16:28:32 **** Incremental Build of configuration Debug for project ExceptionHandling ****
make all 
make: Nothing to be done for `all'.
16:29:36 **** Incremental Build of configuration Debug for project ExceptionHandling ****
make all 
Building file: ../exceptionHandling.cpp
Invoking: GCC C++ Compiler
g++ -O0 -g3 -Wall -c -fmessage-length=0 -MMD -MP -MF"exceptionHandling.d" -MT"exceptionHandling.d" -o "exceptionHandling.o" "../exceptionHandling.cpp"
Finished building: ../exceptionHandling.cpp
 
Building target: ExceptionHandling
Invoking: GCC C++ Linker
g++  -o "ExceptionHandling"  ./exceptionHandling.o   
Finished building target: ExceptionHandling
 
16:29:37 **** Incremental Build of configuration Debug for project Quadratic ****
make all 
make: Nothing to be done for `all'.
16:29:37 **** Incremental Build of configuration Debug for project calc ****
make all 
make: Nothing to be done for `all'.
16:29:37 **** Incremental Build of configuration Debug for project calcadv ****
make all 
make: Nothing to be done for `all'.
16:29:37 **** Incremental Build of configuration Debug for project complex ****
make all 
make: Nothing to be done for `all'.
16:29:37 **** Incremental Build of configuration Debug for project employee ****
make all 
make: Nothing to be done for `all'.
16:29:37 **** Incremental Build of configuration Debug for project student ****
make all 
make: Nothing to be done for `all'.
16:29:38 **** Incremental Build of configuration Debug for project ExceptionHandling ****
make all 
make: Nothing to be done for `all'.
16:30:17 **** Incremental Build of configuration Debug for project ExceptionHandling ****
make all 
Building file: ../exceptionHandling.cpp
Invoking: GCC C++ Compiler
g++ -O0 -g3 -Wall -c -fmessage-length=0 -MMD -MP -MF"exceptionHandling.d" -MT"exceptionHandling.d" -o "exceptionHandling.o" "../exceptionHandling.cpp"
Finished building: ../exceptionHandling.cpp
 
Building target: ExceptionHandling
Invoking: GCC C++ Linker
g++  -o "ExceptionHandling"  ./exceptionHandling.o   
Finished building target: ExceptionHandling
 
16:30:18 **** Incremental Build of configuration Debug for project Quadratic ****
make all 
make: Nothing to be done for `all'.
16:30:18 **** Incremental Build of configuration Debug for project calc ****
make all 
make: Nothing to be done for `all'.
16:30:18 **** Incremental Build of configuration Debug for project calcadv ****
make all 
make: Nothing to be done for `all'.
16:30:18 **** Incremental Build of configuration Debug for project complex ****
make all 
make: Nothing to be done for `all'.
16:30:18 **** Incremental Build of configuration Debug for project employee ****
make all 
make: Nothing to be done for `all'.
16:30:18 **** Incremental Build of configuration Debug for project student ****
make all 
make: Nothing to be done for `all'.
16:32:44 **** Incremental Build of configuration Debug for project ExceptionHandling ****
make all 
Building file: ../exceptionHandling.cpp
Invoking: GCC C++ Compiler
g++ -O0 -g3 -Wall -c -fmessage-length=0 -MMD -MP -MF"exceptionHandling.d" -MT"exceptionHandling.d" -o "exceptionHandling.o" "../exceptionHandling.cpp"
../exceptionHandling.cpp: In function ‘int main()’:
../exceptionHandling.cpp:60:10: error: no matching function for call to ‘exceptn::exceptn()’
  exceptn E;
          ^
../exceptionHandling.cpp:60:10: note: candidates are:
../exceptionHandling.cpp:33:2: note: exceptn::exceptn(bool)
  exceptn(bool veh)
  ^
../exceptionHandling.cpp:33:2: note:   candidate expects 1 argument, 0 provided
../exceptionHandling.cpp:26:2: note: exceptn::exceptn(std::string)
  exceptn(string city)
  ^
../exceptionHandling.cpp:26:2: note:   candidate expects 1 argument, 0 provided
../exceptionHandling.cpp:19:2: note: exceptn::exceptn(double)
  exceptn(double income)
  ^
../exceptionHandling.cpp:19:2: note:   candidate expects 1 argument, 0 provided
../exceptionHandling.cpp:12:2: note: exceptn::exceptn(int)
  exceptn(int age)
  ^
../exceptionHandling.cpp:12:2: note:   candidate expects 1 argument, 0 provided
../exceptionHandling.cpp:5:7: note: exceptn::exceptn(const exceptn&)
 class exceptn
       ^
../exceptionHandling.cpp:5:7: note:   candidate expects 1 argument, 0 provided
make: *** [exceptionHandling.o] Error 1
16:32:44 **** Incremental Build of configuration Debug for project Quadratic ****
make all 
make: Nothing to be done for `all'.
16:32:44 **** Incremental Build of configuration Debug for project calc ****
make all 
make: Nothing to be done for `all'.
16:32:44 **** Incremental Build of configuration Debug for project calcadv ****
make all 
make: Nothing to be done for `all'.
16:32:44 **** Incremental Build of configuration Debug for project complex ****
make all 
make: Nothing to be done for `all'.
16:32:44 **** Incremental Build of configuration Debug for project employee ****
make all 
make: Nothing to be done for `all'.
16:32:44 **** Incremental Build of configuration Debug for project student ****
make all 
make: Nothing to be done for `all'.
16:35:26 **** Incremental Build of configuration Debug for project ExceptionHandling ****
make all 
Building file: ../exceptionHandling.cpp
Invoking: GCC C++ Compiler
g++ -O0 -g3 -Wall -c -fmessage-length=0 -MMD -MP -MF"exceptionHandling.d" -MT"exceptionHandling.d" -o "exceptionHandling.o" "../exceptionHandling.cpp"
../exceptionHandling.cpp: In function ‘int main()’:
../exceptionHandling.cpp:60:10: error: no matching function for call to ‘exceptn::exceptn()’
  exceptn E;
          ^
../exceptionHandling.cpp:60:10: note: candidates are:
../exceptionHandling.cpp:33:2: note: exceptn::exceptn(bool)
  exceptn(bool veh)
  ^
../exceptionHandling.cpp:33:2: note:   candidate expects 1 argument, 0 provided
../exceptionHandling.cpp:26:2: note: exceptn::exceptn(std::string)
  exceptn(string city)
  ^
../exceptionHandling.cpp:26:2: note:   candidate expects 1 argument, 0 provided
../exceptionHandling.cpp:19:2: note: exceptn::exceptn(double)
  exceptn(double income)
  ^
../exceptionHandling.cpp:19:2: note:   candidate expects 1 argument, 0 provided
../exceptionHandling.cpp:12:2: note: exceptn::exceptn(int)
  exceptn(int age)
  ^
../exceptionHandling.cpp:12:2: note:   candidate expects 1 argument, 0 provided
../exceptionHandling.cpp:5:7: note: exceptn::exceptn(const exceptn&)
 class exceptn
       ^
../exceptionHandling.cpp:5:7: note:   candidate expects 1 argument, 0 provided
make: *** [exceptionHandling.o] Error 1
16:35:27 **** Incremental Build of configuration Debug for project Quadratic ****
make all 
make: Nothing to be done for `all'.
16:35:27 **** Incremental Build of configuration Debug for project calc ****
make all 
make: Nothing to be done for `all'.
16:35:27 **** Incremental Build of configuration Debug for project calcadv ****
make all 
make: Nothing to be done for `all'.
16:35:27 **** Incremental Build of configuration Debug for project complex ****
make all 
make: Nothing to be done for `all'.
16:35:27 **** Incremental Build of configuration Debug for project employee ****
make all 
make: Nothing to be done for `all'.
16:35:27 **** Incremental Build of configuration Debug for project student ****
make all 
make: Nothing to be done for `all'.
16:35:38 **** Incremental Build of configuration Debug for project employee ****
make all 
make: Nothing to be done for `all'.
16:37:55 **** Incremental Build of configuration Debug for project ExceptionHandling ****
make all 
Building file: ../exceptionHandling.cpp
Invoking: GCC C++ Compiler
g++ -O0 -g3 -Wall -c -fmessage-length=0 -MMD -MP -MF"exceptionHandling.d" -MT"exceptionHandling.d" -o "exceptionHandling.o" "../exceptionHandling.cpp"
Finished building: ../exceptionHandling.cpp
 
Building target: ExceptionHandling
Invoking: GCC C++ Linker
g++  -o "ExceptionHandling"  ./exceptionHandling.o   
Finished building target: ExceptionHandling
 
16:37:55 **** Incremental Build of configuration Debug for project Quadratic ****
make all 
make: Nothing to be done for `all'.
16:37:55 **** Incremental Build of configuration Debug for project calc ****
make all 
make: Nothing to be done for `all'.
16:37:56 **** Incremental Build of configuration Debug for project calcadv ****
make all 
make: Nothing to be done for `all'.
16:37:56 **** Incremental Build of configuration Debug for project complex ****
make all 
make: Nothing to be done for `all'.
16:37:56 **** Incremental Build of configuration Debug for project employee ****
make all 
make: Nothing to be done for `all'.
16:37:56 **** Incremental Build of configuration Debug for project student ****
make all 
make: Nothing to be done for `all'.
16:39:40 **** Incremental Build of configuration Debug for project ExceptionHandling ****
make all 
make: Nothing to be done for `all'.
16:42:53 **** Incremental Build of configuration Debug for project ExceptionHandling ****
make all 
Building file: ../exceptionHandling.cpp
Invoking: GCC C++ Compiler
g++ -O0 -g3 -Wall -c -fmessage-length=0 -MMD -MP -MF"exceptionHandling.d" -MT"exceptionHandling.d" -o "exceptionHandling.o" "../exceptionHandling.cpp"
Finished building: ../exceptionHandling.cpp
 
Building target: ExceptionHandling
Invoking: GCC C++ Linker
g++  -o "ExceptionHandling"  ./exceptionHandling.o   
Finished building target: ExceptionHandling
 
16:42:53 **** Incremental Build of configuration Debug for project Quadratic ****
make all 
make: Nothing to be done for `all'.
16:42:53 **** Incremental Build of configuration Debug for project calc ****
make all 
make: Nothing to be done for `all'.
16:42:53 **** Incremental Build of configuration Debug for project calcadv ****
make all 
make: Nothing to be done for `all'.
16:42:53 **** Incremental Build of configuration Debug for project complex ****
make all 
make: Nothing to be done for `all'.
16:42:53 **** Incremental Build of configuration Debug for project employee ****
make all 
make: Nothing to be done for `all'.
16:42:53 **** Incremental Build of configuration Debug for project student ****
make all 
make: Nothing to be done for `all'.
16:42:56 **** Incremental Build of configuration Debug for project ExceptionHandling ****
make all 
make: Nothing to be done for `all'.
16:44:06 **** Incremental Build of configuration Debug for project ExceptionHandling ****
make all 
Building file: ../exceptionHandling.cpp
Invoking: GCC C++ Compiler
g++ -O0 -g3 -Wall -c -fmessage-length=0 -MMD -MP -MF"exceptionHandling.d" -MT"exceptionHandling.d" -o "exceptionHandling.o" "../exceptionHandling.cpp"
Finished building: ../exceptionHandling.cpp
 
Building target: ExceptionHandling
Invoking: GCC C++ Linker
g++  -o "ExceptionHandling"  ./exceptionHandling.o   
Finished building target: ExceptionHandling
 
16:44:07 **** Incremental Build of configuration Debug for project Quadratic ****
make all 
make: Nothing to be done for `all'.
16:44:07 **** Incremental Build of configuration Debug for project calc ****
make all 
make: Nothing to be done for `all'.
16:44:07 **** Incremental Build of configuration Debug for project calcadv ****
make all 
make: Nothing to be done for `all'.
16:44:07 **** Incremental Build of configuration Debug for project complex ****
make all 
make: Nothing to be done for `all'.
16:44:07 **** Incremental Build of configuration Debug for project employee ****
make all 
make: Nothing to be done for `all'.
16:44:07 **** Incremental Build of configuration Debug for project student ****
make all 
make: Nothing to be done for `all'.
16:44:09 **** Incremental Build of configuration Debug for project ExceptionHandling ****
make all 
make: Nothing to be done for `all'.
16:44:29 **** Incremental Build of configuration Debug for project ExceptionHandling ****
make all 
Building file: ../exceptionHandling.cpp
Invoking: GCC C++ Compiler
g++ -O0 -g3 -Wall -c -fmessage-length=0 -MMD -MP -MF"exceptionHandling.d" -MT"exceptionHandling.d" -o "exceptionHandling.o" "../exceptionHandling.cpp"
Finished building: ../exceptionHandling.cpp
 
Building target: ExceptionHandling
Invoking: GCC C++ Linker
g++  -o "ExceptionHandling"  ./exceptionHandling.o   
Finished building target: ExceptionHandling
 
16:44:30 **** Incremental Build of configuration Debug for project Quadratic ****
make all 
make: Nothing to be done for `all'.
16:44:30 **** Incremental Build of configuration Debug for project calc ****
make all 
make: Nothing to be done for `all'.
16:44:30 **** Incremental Build of configuration Debug for project calcadv ****
make all 
make: Nothing to be done for `all'.
16:44:30 **** Incremental Build of configuration Debug for project complex ****
make all 
make: Nothing to be done for `all'.
16:44:30 **** Incremental Build of configuration Debug for project employee ****
make all 
make: Nothing to be done for `all'.
16:44:30 **** Incremental Build of configuration Debug for project student ****
make all 
make: Nothing to be done for `all'.
16:44:31 **** Incremental Build of configuration Debug for project ExceptionHandling ****
make all 
make: Nothing to be done for `all'.
16:45:13 **** Incremental Build of configuration Debug for project ExceptionHandling ****
make all 
make: Nothing to be done for `all'.
16:45:13 **** Incremental Build of configuration Debug for project Quadratic ****
make all 
make: Nothing to be done for `all'.
16:45:13 **** Incremental Build of configuration Debug for project calc ****
make all 
make: Nothing to be done for `all'.
16:45:14 **** Incremental Build of configuration Debug for project calcadv ****
make all 
make: Nothing to be done for `all'.
16:45:14 **** Incremental Build of configuration Debug for project complex ****
make all 
make: Nothing to be done for `all'.
16:45:14 **** Incremental Build of configuration Debug for project employee ****
make all 
make: Nothing to be done for `all'.
16:45:14 **** Incremental Build of configuration Debug for project student ****
make all 
make: Nothing to be done for `all'.
16:50:55 **** Incremental Build of configuration Debug for project ExceptionHandling ****
make all 
make: Nothing to be done for `all'.
16:50:55 **** Incremental Build of configuration Debug for project Quadratic ****
make all 
make: Nothing to be done for `all'.
16:50:56 **** Incremental Build of configuration Debug for project calc ****
make all 
make: Nothing to be done for `all'.
16:50:56 **** Incremental Build of configuration Debug for project calcadv ****
make all 
make: Nothing to be done for `all'.
16:50:57 **** Incremental Build of configuration Debug for project complex ****
make all 
make: Nothing to be done for `all'.
16:50:57 **** Incremental Build of configuration Debug for project employee ****
make all 
make: Nothing to be done for `all'.
16:50:57 **** Build of configuration Debug for project stack&queue ****
make all 
Building file: ../stackqueue.cpp
Invoking: GCC C++ Compiler
g++ -O0 -g3 -Wall -c -fmessage-length=0 -MMD -MP -MF"stackqueue.d" -MT"stackqueue.d" -o "stackqueue.o" "../stackqueue.cpp"
../stackqueue.cpp:8:14: error: ‘stack’ has not been declared
  void insert(stack <int> gq)
              ^
../stackqueue.cpp:8:20: error: expected ‘,’ or ‘...’ before ‘<’ token
  void insert(stack <int> gq)
                    ^
../stackqueue.cpp: In member function ‘void stck::insert(int)’:
../stackqueue.cpp:10:6: error: ‘stack’ was not declared in this scope
      stack <int> s = gq;
      ^
../stackqueue.cpp:10:13: error: expected primary-expression before ‘int’
      stack <int> s = gq;
             ^
../stackqueue.cpp:10:13: error: expected ‘;’ before ‘int’
../stackqueue.cpp:11:14: error: ‘s’ was not declared in this scope
      while (!s.empty())
              ^
make: *** [stackqueue.o] Error 1
16:50:58 **** Incremental Build of configuration Debug for project student ****
make all 
make: Nothing to be done for `all'.
16:51:42 **** Incremental Build of configuration Debug for project ExceptionHandling ****
make all 
make: Nothing to be done for `all'.
16:51:42 **** Incremental Build of configuration Debug for project Quadratic ****
make all 
make: Nothing to be done for `all'.
16:51:42 **** Incremental Build of configuration Debug for project calc ****
make all 
make: Nothing to be done for `all'.
16:51:42 **** Incremental Build of configuration Debug for project calcadv ****
make all 
make: Nothing to be done for `all'.
16:51:43 **** Incremental Build of configuration Debug for project complex ****
make all 
make: Nothing to be done for `all'.
16:51:43 **** Incremental Build of configuration Debug for project employee ****
make all 
make: Nothing to be done for `all'.
16:51:43 **** Incremental Build of configuration Debug for project stack&queue ****
make all 
Building file: ../stackqueue.cpp
Invoking: GCC C++ Compiler
g++ -O0 -g3 -Wall -c -fmessage-length=0 -MMD -MP -MF"stackqueue.d" -MT"stackqueue.d" -o "stackqueue.o" "../stackqueue.cpp"
Finished building: ../stackqueue.cpp
 
Building target: stack&queue
Invoking: GCC C++ Linker
g++  -o "stack&queue"  ./stackqueue.o   
/usr/lib/gcc/x86_64-redhat-linux/4.8.3/../../../../lib64/crt1.o: In function `_start':
(.text+0x20): undefined reference to `main'
collect2: error: ld returned 1 exit status
make: *** [stack&queue] Error 1
16:51:44 **** Incremental Build of configuration Debug for project student ****
make all 
make: Nothing to be done for `all'.
17:09:10 **** Incremental Build of configuration Debug for project ExceptionHandling ****
make all 
make: Nothing to be done for `all'.
17:09:10 **** Incremental Build of configuration Debug for project Quadratic ****
make all 
make: Nothing to be done for `all'.
17:09:10 **** Incremental Build of configuration Debug for project calc ****
make all 
make: Nothing to be done for `all'.
17:09:10 **** Incremental Build of configuration Debug for project calcadv ****
make all 
make: Nothing to be done for `all'.
17:09:10 **** Incremental Build of configuration Debug for project complex ****
make all 
make: Nothing to be done for `all'.
17:09:10 **** Incremental Build of configuration Debug for project employee ****
make all 
make: Nothing to be done for `all'.
17:09:11 **** Incremental Build of configuration Debug for project stack&queue ****
make all 
Building file: ../stackqueue.cpp
Invoking: GCC C++ Compiler
g++ -O0 -g3 -Wall -c -fmessage-length=0 -MMD -MP -MF"stackqueue.d" -MT"stackqueue.d" -o "stackqueue.o" "../stackqueue.cpp"
../stackqueue.cpp: In function ‘int main()’:
../stackqueue.cpp:26:10: error: ‘a’ was not declared in this scope
   switch(a)
          ^
../stackqueue.cpp:36:12: error: ‘c1’ was not declared in this scope
   case 3 : c1.mul(x,y);
            ^
../stackqueue.cpp:36:19: error: ‘x’ was not declared in this scope
   case 3 : c1.mul(x,y);
                   ^
../stackqueue.cpp:36:21: error: ‘y’ was not declared in this scope
   case 3 : c1.mul(x,y);
                     ^
../stackqueue.cpp:43:10: error: ‘a’ was not declared in this scope
     cin>>a;
          ^
../stackqueue.cpp:45:9: error: ‘a’ was not declared in this scope
   while(a=='y');
         ^
make: *** [stackqueue.o] Error 1
17:09:11 **** Incremental Build of configuration Debug for project student ****
make all 
make: Nothing to be done for `all'.
15:23:20 **** Incremental Build of configuration Debug for project ExceptionHandling ****
make all 
make: Nothing to be done for `all'.
15:23:21 **** Incremental Build of configuration Debug for project Quadratic ****
make all 
make: Nothing to be done for `all'.
15:23:21 **** Incremental Build of configuration Debug for project calc ****
make all 
make: Nothing to be done for `all'.
15:23:21 **** Incremental Build of configuration Debug for project calcadv ****
make all 
make: Nothing to be done for `all'.
15:23:21 **** Incremental Build of configuration Debug for project complex ****
make all 
make: Nothing to be done for `all'.
15:23:22 **** Incremental Build of configuration Debug for project employee ****
make all 
make: Nothing to be done for `all'.
15:23:22 **** Build of configuration Debug for project stack&queue ****
make all 
Building file: ../stackqueue.cpp
Invoking: GCC C++ Compiler
g++ -O0 -g3 -Wall -c -fmessage-length=0 -MMD -MP -MF"stackqueue.d" -MT"stackqueue.d" -o "stackqueue.o" "../stackqueue.cpp"
../stackqueue.cpp:20:15: error: ‘queue’ has not been declared
  void insertq(queue <int> y)
               ^
../stackqueue.cpp:20:21: error: expected ‘,’ or ‘...’ before ‘<’ token
  void insertq(queue <int> y)
                     ^
../stackqueue.cpp: In member function ‘void stck::insertq(int)’:
../stackqueue.cpp:22:11: error: ‘y’ was not declared in this scope
    while(!y.empty())
           ^
../stackqueue.cpp:28:7: error: ‘y’ was not declared in this scope
    if(y.empty())
       ^
../stackqueue.cpp: In function ‘int main()’:
../stackqueue.cpp:42:10: error: ‘a’ was not declared in this scope
   switch(a)
          ^
../stackqueue.cpp:52:12: error: ‘c1’ was not declared in this scope
   case 3 : c1.mul(x,y);
            ^
../stackqueue.cpp:52:19: error: ‘x’ was not declared in this scope
   case 3 : c1.mul(x,y);
                   ^
../stackqueue.cpp:52:21: error: ‘y’ was not declared in this scope
   case 3 : c1.mul(x,y);
                     ^
../stackqueue.cpp:59:10: error: ‘a’ was not declared in this scope
     cin>>a;
          ^
../stackqueue.cpp:61:9: error: ‘a’ was not declared in this scope
   while(a=='y');
         ^
make: *** [stackqueue.o] Error 1
15:23:23 **** Incremental Build of configuration Debug for project student ****
make all 
make: Nothing to be done for `all'.
15:23:38 **** Incremental Build of configuration Debug for project ExceptionHandling ****
make all 
make: Nothing to be done for `all'.
15:23:39 **** Incremental Build of configuration Debug for project Quadratic ****
make all 
make: Nothing to be done for `all'.
15:23:39 **** Incremental Build of configuration Debug for project calc ****
make all 
make: Nothing to be done for `all'.
15:23:39 **** Incremental Build of configuration Debug for project calcadv ****
make all 
make: Nothing to be done for `all'.
15:23:39 **** Incremental Build of configuration Debug for project complex ****
make all 
make: Nothing to be done for `all'.
15:23:39 **** Incremental Build of configuration Debug for project employee ****
make all 
make: Nothing to be done for `all'.
15:23:39 **** Incremental Build of configuration Debug for project stack&queue ****
make all 
Building file: ../stackqueue.cpp
Invoking: GCC C++ Compiler
g++ -O0 -g3 -Wall -c -fmessage-length=0 -MMD -MP -MF"stackqueue.d" -MT"stackqueue.d" -o "stackqueue.o" "../stackqueue.cpp"
../stackqueue.cpp: In function ‘int main()’:
../stackqueue.cpp:43:10: error: ‘a’ was not declared in this scope
   switch(a)
          ^
../stackqueue.cpp:53:12: error: ‘c1’ was not declared in this scope
   case 3 : c1.mul(x,y);
            ^
../stackqueue.cpp:53:19: error: ‘x’ was not declared in this scope
   case 3 : c1.mul(x,y);
                   ^
../stackqueue.cpp:53:21: error: ‘y’ was not declared in this scope
   case 3 : c1.mul(x,y);
                     ^
../stackqueue.cpp:60:10: error: ‘a’ was not declared in this scope
     cin>>a;
          ^
../stackqueue.cpp:62:9: error: ‘a’ was not declared in this scope
   while(a=='y');
         ^
make: *** [stackqueue.o] Error 1
15:23:40 **** Incremental Build of configuration Debug for project student ****
make all 
make: Nothing to be done for `all'.
15:24:06 **** Incremental Build of configuration Debug for project ExceptionHandling ****
make all 
make: Nothing to be done for `all'.
15:24:06 **** Incremental Build of configuration Debug for project Quadratic ****
make all 
make: Nothing to be done for `all'.
15:24:06 **** Incremental Build of configuration Debug for project calc ****
make all 
make: Nothing to be done for `all'.
15:24:06 **** Incremental Build of configuration Debug for project calcadv ****
make all 
make: Nothing to be done for `all'.
15:24:07 **** Incremental Build of configuration Debug for project complex ****
make all 
make: Nothing to be done for `all'.
15:24:07 **** Incremental Build of configuration Debug for project employee ****
make all 
make: Nothing to be done for `all'.
15:24:07 **** Incremental Build of configuration Debug for project stack&queue ****
make all 
Building file: ../stackqueue.cpp
Invoking: GCC C++ Compiler
g++ -O0 -g3 -Wall -c -fmessage-length=0 -MMD -MP -MF"stackqueue.d" -MT"stackqueue.d" -o "stackqueue.o" "../stackqueue.cpp"
../stackqueue.cpp: In function ‘int main()’:
../stackqueue.cpp:43:10: error: ‘a’ was not declared in this scope
   switch(a)
          ^
../stackqueue.cpp:53:12: error: ‘c1’ was not declared in this scope
   case 3 : c1.mul(x,y);
            ^
../stackqueue.cpp:53:19: error: ‘x’ was not declared in this scope
   case 3 : c1.mul(x,y);
                   ^
../stackqueue.cpp:53:21: error: ‘y’ was not declared in this scope
   case 3 : c1.mul(x,y);
                     ^
../stackqueue.cpp:60:10: error: ‘a’ was not declared in this scope
     cin>>a;
          ^
../stackqueue.cpp:62:9: error: ‘a’ was not declared in this scope
   while(a=='y');
         ^
make: *** [stackqueue.o] Error 1
15:24:07 **** Incremental Build of configuration Debug for project student ****
make all 
make: Nothing to be done for `all'.
15:25:03 **** Incremental Build of configuration Debug for project ExceptionHandling ****
make all 
make: Nothing to be done for `all'.
15:25:03 **** Incremental Build of configuration Debug for project Quadratic ****
make all 
make: Nothing to be done for `all'.
15:25:03 **** Incremental Build of configuration Debug for project calc ****
make all 
make: Nothing to be done for `all'.
15:25:03 **** Incremental Build of configuration Debug for project calcadv ****
make all 
make: Nothing to be done for `all'.
15:25:03 **** Incremental Build of configuration Debug for project complex ****
make all 
make: Nothing to be done for `all'.
15:25:03 **** Incremental Build of configuration Debug for project employee ****
make all 
make: Nothing to be done for `all'.
15:25:03 **** Incremental Build of configuration Debug for project stack&queue ****
make all 
Building file: ../stackqueue.cpp
Invoking: GCC C++ Compiler
g++ -O0 -g3 -Wall -c -fmessage-length=0 -MMD -MP -MF"stackqueue.d" -MT"stackqueue.d" -o "stackqueue.o" "../stackqueue.cpp"
../stackqueue.cpp: In function ‘int main()’:
../stackqueue.cpp:47:10: error: ‘a’ was not declared in this scope
   switch(a)
          ^
../stackqueue.cpp:57:12: error: ‘c1’ was not declared in this scope
   case 3 : c1.mul(x,y);
            ^
../stackqueue.cpp:57:19: error: ‘x’ was not declared in this scope
   case 3 : c1.mul(x,y);
                   ^
../stackqueue.cpp:57:21: error: ‘y’ was not declared in this scope
   case 3 : c1.mul(x,y);
                     ^
../stackqueue.cpp:64:10: error: ‘a’ was not declared in this scope
     cin>>a;
          ^
../stackqueue.cpp:66:9: error: ‘a’ was not declared in this scope
   while(a=='y');
         ^
make: *** [stackqueue.o] Error 1
15:25:04 **** Incremental Build of configuration Debug for project student ****
make all 
make: Nothing to be done for `all'.
15:26:30 **** Incremental Build of configuration Debug for project ExceptionHandling ****
make all 
make: Nothing to be done for `all'.
15:26:31 **** Incremental Build of configuration Debug for project Quadratic ****
make all 
make: Nothing to be done for `all'.
15:26:31 **** Incremental Build of configuration Debug for project calc ****
make all 
make: Nothing to be done for `all'.
15:26:31 **** Incremental Build of configuration Debug for project calcadv ****
make all 
make: Nothing to be done for `all'.
15:26:31 **** Incremental Build of configuration Debug for project complex ****
make all 
make: Nothing to be done for `all'.
15:26:31 **** Incremental Build of configuration Debug for project employee ****
make all 
make: Nothing to be done for `all'.
15:26:31 **** Incremental Build of configuration Debug for project stack&queue ****
make all 
Building file: ../stackqueue.cpp
Invoking: GCC C++ Compiler
g++ -O0 -g3 -Wall -c -fmessage-length=0 -MMD -MP -MF"stackqueue.d" -MT"stackqueue.d" -o "stackqueue.o" "../stackqueue.cpp"
../stackqueue.cpp: In function ‘int main()’:
../stackqueue.cpp:59:5: error: ‘z’ was not declared in this scope
     z.push(e);
     ^
../stackqueue.cpp:61:5: error: ‘y’ was not declared in this scope
     y.push(e);
     ^
../stackqueue.cpp:86:7: error: ‘class stl’ has no member named ‘displayst’
     s.displayst(z);
       ^
../stackqueue.cpp:88:7: error: ‘class stl’ has no member named ‘displayq’
     s.displayq(y);
       ^
make: *** [stackqueue.o] Error 1
15:26:32 **** Incremental Build of configuration Debug for project student ****
make all 
make: Nothing to be done for `all'.
15:27:26 **** Incremental Build of configuration Debug for project ExceptionHandling ****
make all 
make: Nothing to be done for `all'.
15:27:27 **** Incremental Build of configuration Debug for project Quadratic ****
make all 
make: Nothing to be done for `all'.
15:27:27 **** Incremental Build of configuration Debug for project calc ****
make all 
make: Nothing to be done for `all'.
15:27:27 **** Incremental Build of configuration Debug for project calcadv ****
make all 
make: Nothing to be done for `all'.
15:27:27 **** Incremental Build of configuration Debug for project complex ****
make all 
make: Nothing to be done for `all'.
15:27:27 **** Incremental Build of configuration Debug for project employee ****
make all 
make: Nothing to be done for `all'.
15:27:27 **** Incremental Build of configuration Debug for project stack&queue ****
make all 
Building file: ../stackqueue.cpp
Invoking: GCC C++ Compiler
g++ -O0 -g3 -Wall -c -fmessage-length=0 -MMD -MP -MF"stackqueue.d" -MT"stackqueue.d" -o "stackqueue.o" "../stackqueue.cpp"
../stackqueue.cpp: In function ‘int main()’:
../stackqueue.cpp:65:7: error: ‘z’ was not declared in this scope
     e=z.top();
       ^
../stackqueue.cpp:68:7: error: ‘y’ was not declared in this scope
     e=y.front();
       ^
../stackqueue.cpp:86:7: error: ‘class stl’ has no member named ‘displayst’
     s.displayst(z);
       ^
../stackqueue.cpp:88:7: error: ‘class stl’ has no member named ‘displayq’
     s.displayq(y);
       ^
make: *** [stackqueue.o] Error 1
15:27:28 **** Incremental Build of configuration Debug for project student ****
make all 
make: Nothing to be done for `all'.
15:28:08 **** Incremental Build of configuration Debug for project ExceptionHandling ****
make all 
make: Nothing to be done for `all'.
15:28:09 **** Incremental Build of configuration Debug for project Quadratic ****
make all 
make: Nothing to be done for `all'.
15:28:09 **** Incremental Build of configuration Debug for project calc ****
make all 
make: Nothing to be done for `all'.
15:28:09 **** Incremental Build of configuration Debug for project calcadv ****
make all 
make: Nothing to be done for `all'.
15:28:09 **** Incremental Build of configuration Debug for project complex ****
make all 
make: Nothing to be done for `all'.
15:28:09 **** Incremental Build of configuration Debug for project employee ****
make all 
make: Nothing to be done for `all'.
15:28:09 **** Incremental Build of configuration Debug for project stack&queue ****
make all 
Building file: ../stackqueue.cpp
Invoking: GCC C++ Compiler
g++ -O0 -g3 -Wall -c -fmessage-length=0 -MMD -MP -MF"stackqueue.d" -MT"stackqueue.d" -o "stackqueue.o" "../stackqueue.cpp"
../stackqueue.cpp: In function ‘int main()’:
../stackqueue.cpp:74:11: error: ‘z’ was not declared in this scope
     cout<<z.size()<<endl;
           ^
../stackqueue.cpp:76:11: error: ‘y’ was not declared in this scope
     cout<<y.size()<<endl;
           ^
../stackqueue.cpp:86:7: error: ‘class stl’ has no member named ‘displayst’
     s.displayst(z);
       ^
../stackqueue.cpp:88:7: error: ‘class stl’ has no member named ‘displayq’
     s.displayq(y);
       ^
make: *** [stackqueue.o] Error 1
15:28:10 **** Incremental Build of configuration Debug for project student ****
make all 
make: Nothing to be done for `all'.
15:28:46 **** Incremental Build of configuration Debug for project ExceptionHandling ****
make all 
make: Nothing to be done for `all'.
15:28:46 **** Incremental Build of configuration Debug for project Quadratic ****
make all 
make: Nothing to be done for `all'.
15:28:46 **** Incremental Build of configuration Debug for project calc ****
make all 
make: Nothing to be done for `all'.
15:28:46 **** Incremental Build of configuration Debug for project calcadv ****
make all 
make: Nothing to be done for `all'.
15:28:46 **** Incremental Build of configuration Debug for project complex ****
make all 
make: Nothing to be done for `all'.
15:28:46 **** Incremental Build of configuration Debug for project employee ****
make all 
make: Nothing to be done for `all'.
15:28:46 **** Incremental Build of configuration Debug for project stack&queue ****
make all 
Building file: ../stackqueue.cpp
Invoking: GCC C++ Compiler
g++ -O0 -g3 -Wall -c -fmessage-length=0 -MMD -MP -MF"stackqueue.d" -MT"stackqueue.d" -o "stackqueue.o" "../stackqueue.cpp"
../stackqueue.cpp: In function ‘int main()’:
../stackqueue.cpp:80:11: error: ‘z’ was not declared in this scope
     cout<<z.top()<<endl;
           ^
../stackqueue.cpp:82:11: error: ‘y’ was not declared in this scope
     cout<<y.front()<<endl;
           ^
../stackqueue.cpp:86:7: error: ‘class stl’ has no member named ‘displayst’
     s.displayst(z);
       ^
../stackqueue.cpp:88:7: error: ‘class stl’ has no member named ‘displayq’
     s.displayq(y);
       ^
make: *** [stackqueue.o] Error 1
15:28:47 **** Incremental Build of configuration Debug for project student ****
make all 
make: Nothing to be done for `all'.
15:29:19 **** Incremental Build of configuration Debug for project ExceptionHandling ****
make all 
make: Nothing to be done for `all'.
15:29:19 **** Incremental Build of configuration Debug for project Quadratic ****
make all 
make: Nothing to be done for `all'.
15:29:19 **** Incremental Build of configuration Debug for project calc ****
make all 
make: Nothing to be done for `all'.
15:29:19 **** Incremental Build of configuration Debug for project calcadv ****
make all 
make: Nothing to be done for `all'.
15:29:19 **** Incremental Build of configuration Debug for project complex ****
make all 
make: Nothing to be done for `all'.
15:29:19 **** Incremental Build of configuration Debug for project employee ****
make all 
make: Nothing to be done for `all'.
15:29:19 **** Incremental Build of configuration Debug for project stack&queue ****
make all 
Building file: ../stackqueue.cpp
Invoking: GCC C++ Compiler
g++ -O0 -g3 -Wall -c -fmessage-length=0 -MMD -MP -MF"stackqueue.d" -MT"stackqueue.d" -o "stackqueue.o" "../stackqueue.cpp"
../stackqueue.cpp: In function ‘int main()’:
../stackqueue.cpp:80:11: error: ‘atck’ was not declared in this scope
     cout<<atck.top()<<endl;
           ^
../stackqueue.cpp:86:7: error: ‘class stl’ has no member named ‘displayst’
     s.displayst(z);
       ^
../stackqueue.cpp:86:17: error: ‘z’ was not declared in this scope
     s.displayst(z);
                 ^
../stackqueue.cpp:88:7: error: ‘class stl’ has no member named ‘displayq’
     s.displayq(y);
       ^
../stackqueue.cpp:88:16: error: ‘y’ was not declared in this scope
     s.displayq(y);
                ^
make: *** [stackqueue.o] Error 1
15:29:20 **** Incremental Build of configuration Debug for project student ****
make all 
make: Nothing to be done for `all'.
15:29:26 **** Incremental Build of configuration Debug for project ExceptionHandling ****
make all 
make: Nothing to be done for `all'.
15:29:26 **** Incremental Build of configuration Debug for project Quadratic ****
make all 
make: Nothing to be done for `all'.
15:29:26 **** Incremental Build of configuration Debug for project calc ****
make all 
make: Nothing to be done for `all'.
15:29:26 **** Incremental Build of configuration Debug for project calcadv ****
make all 
make: Nothing to be done for `all'.
15:29:26 **** Incremental Build of configuration Debug for project complex ****
make all 
make: Nothing to be done for `all'.
15:29:26 **** Incremental Build of configuration Debug for project employee ****
make all 
make: Nothing to be done for `all'.
15:29:26 **** Incremental Build of configuration Debug for project stack&queue ****
make all 
Building file: ../stackqueue.cpp
Invoking: GCC C++ Compiler
g++ -O0 -g3 -Wall -c -fmessage-length=0 -MMD -MP -MF"stackqueue.d" -MT"stackqueue.d" -o "stackqueue.o" "../stackqueue.cpp"
../stackqueue.cpp: In function ‘int main()’:
../stackqueue.cpp:86:7: error: ‘class stl’ has no member named ‘displayst’
     s.displayst(z);
       ^
../stackqueue.cpp:86:17: error: ‘z’ was not declared in this scope
     s.displayst(z);
                 ^
../stackqueue.cpp:88:7: error: ‘class stl’ has no member named ‘displayq’
     s.displayq(y);
       ^
../stackqueue.cpp:88:16: error: ‘y’ was not declared in this scope
     s.displayq(y);
                ^
make: *** [stackqueue.o] Error 1
15:29:27 **** Incremental Build of configuration Debug for project student ****
make all 
make: Nothing to be done for `all'.
15:30:19 **** Incremental Build of configuration Debug for project ExceptionHandling ****
make all 
make: Nothing to be done for `all'.
15:30:20 **** Incremental Build of configuration Debug for project Quadratic ****
make all 
make: Nothing to be done for `all'.
15:30:20 **** Incremental Build of configuration Debug for project calc ****
make all 
make: Nothing to be done for `all'.
15:30:20 **** Incremental Build of configuration Debug for project calcadv ****
make all 
make: Nothing to be done for `all'.
15:30:20 **** Incremental Build of configuration Debug for project complex ****
make all 
make: Nothing to be done for `all'.
15:30:20 **** Incremental Build of configuration Debug for project employee ****
make all 
make: Nothing to be done for `all'.
15:30:20 **** Incremental Build of configuration Debug for project stack&queue ****
make all 
Building file: ../stackqueue.cpp
Invoking: GCC C++ Compiler
g++ -O0 -g3 -Wall -c -fmessage-length=0 -MMD -MP -MF"stackqueue.d" -MT"stackqueue.d" -o "stackqueue.o" "../stackqueue.cpp"
../stackqueue.cpp: In function ‘int main()’:
../stackqueue.cpp:90:7: error: ‘class stl’ has no member named ‘displayst’
     s.displayst(z);
       ^
../stackqueue.cpp:90:17: error: ‘z’ was not declared in this scope
     s.displayst(z);
                 ^
../stackqueue.cpp:92:7: error: ‘class stl’ has no member named ‘displayq’
     s.displayq(y);
       ^
../stackqueue.cpp:92:16: error: ‘y’ was not declared in this scope
     s.displayq(y);
                ^
make: *** [stackqueue.o] Error 1
15:30:20 **** Incremental Build of configuration Debug for project student ****
make all 
make: Nothing to be done for `all'.
15:30:30 **** Incremental Build of configuration Debug for project ExceptionHandling ****
make all 
make: Nothing to be done for `all'.
15:30:30 **** Incremental Build of configuration Debug for project Quadratic ****
make all 
make: Nothing to be done for `all'.
15:30:30 **** Incremental Build of configuration Debug for project calc ****
make all 
make: Nothing to be done for `all'.
15:30:30 **** Incremental Build of configuration Debug for project calcadv ****
make all 
make: Nothing to be done for `all'.
15:30:30 **** Incremental Build of configuration Debug for project complex ****
make all 
make: Nothing to be done for `all'.
15:30:31 **** Incremental Build of configuration Debug for project employee ****
make all 
make: Nothing to be done for `all'.
15:30:31 **** Incremental Build of configuration Debug for project stack&queue ****
make all 
Building file: ../stackqueue.cpp
Invoking: GCC C++ Compiler
g++ -O0 -g3 -Wall -c -fmessage-length=0 -MMD -MP -MF"stackqueue.d" -MT"stackqueue.d" -o "stackqueue.o" "../stackqueue.cpp"
../stackqueue.cpp: In function ‘int main()’:
../stackqueue.cpp:90:7: error: ‘class stl’ has no member named ‘displayst’
     s.displayst(z);
       ^
../stackqueue.cpp:90:17: error: ‘z’ was not declared in this scope
     s.displayst(z);
                 ^
../stackqueue.cpp:92:7: error: ‘class stl’ has no member named ‘displayq’
     s.displayq(y);
       ^
../stackqueue.cpp:92:16: error: ‘y’ was not declared in this scope
     s.displayq(y);
                ^
make: *** [stackqueue.o] Error 1
15:30:31 **** Incremental Build of configuration Debug for project student ****
make all 
make: Nothing to be done for `all'.
15:31:11 **** Incremental Build of configuration Debug for project ExceptionHandling ****
make all 
make: Nothing to be done for `all'.
15:31:12 **** Incremental Build of configuration Debug for project Quadratic ****
make all 
make: Nothing to be done for `all'.
15:31:12 **** Incremental Build of configuration Debug for project calc ****
make all 
make: Nothing to be done for `all'.
15:31:12 **** Incremental Build of configuration Debug for project calcadv ****
make all 
make: Nothing to be done for `all'.
15:31:12 **** Incremental Build of configuration Debug for project complex ****
make all 
make: Nothing to be done for `all'.
15:31:12 **** Incremental Build of configuration Debug for project employee ****
make all 
make: Nothing to be done for `all'.
15:31:12 **** Incremental Build of configuration Debug for project stack&queue ****
make all 
Building file: ../stackqueue.cpp
Invoking: GCC C++ Compiler
g++ -O0 -g3 -Wall -c -fmessage-length=0 -MMD -MP -MF"stackqueue.d" -MT"stackqueue.d" -o "stackqueue.o" "../stackqueue.cpp"
Finished building: ../stackqueue.cpp
 
Building target: stack&queue
Invoking: GCC C++ Linker
g++  -o "stack&queue"  ./stackqueue.o   
Finished building target: stack&queue
 
15:31:13 **** Incremental Build of configuration Debug for project student ****
make all 
make: Nothing to be done for `all'.
15:31:15 **** Incremental Build of configuration Debug for project stack&queue ****
make all 
make: Nothing to be done for `all'.
15:35:55 **** Build of configuration Debug for project Dequeue ****
make all 
Building file: ../dequeue.cpp
Invoking: GCC C++ Compiler
g++ -O0 -g3 -Wall -c -fmessage-length=0 -MMD -MP -MF"dequeue.d" -MT"dequeue.d" -o "dequeue.o" "../dequeue.cpp"
../dequeue.cpp:16:1: error: expected ‘;’ after class definition
 }
 ^
make: *** [dequeue.o] Error 1
15:35:56 **** Incremental Build of configuration Debug for project ExceptionHandling ****
make all 
make: Nothing to be done for `all'.
15:35:56 **** Incremental Build of configuration Debug for project Quadratic ****
make all 
make: Nothing to be done for `all'.
15:35:56 **** Incremental Build of configuration Debug for project calc ****
make all 
make: Nothing to be done for `all'.
15:35:56 **** Incremental Build of configuration Debug for project calcadv ****
make all 
make: Nothing to be done for `all'.
15:35:56 **** Incremental Build of configuration Debug for project complex ****
make all 
make: Nothing to be done for `all'.
15:35:56 **** Incremental Build of configuration Debug for project employee ****
make all 
make: Nothing to be done for `all'.
15:35:57 **** Incremental Build of configuration Debug for project stack&queue ****
make all 
make: Nothing to be done for `all'.
15:35:57 **** Incremental Build of configuration Debug for project student ****
make all 
make: Nothing to be done for `all'.
15:36:03 **** Incremental Build of configuration Debug for project Dequeue ****
make all 
Building file: ../dequeue.cpp
Invoking: GCC C++ Compiler
g++ -O0 -g3 -Wall -c -fmessage-length=0 -MMD -MP -MF"dequeue.d" -MT"dequeue.d" -o "dequeue.o" "../dequeue.cpp"
Finished building: ../dequeue.cpp
 
Building target: Dequeue
Invoking: GCC C++ Linker
g++  -o "Dequeue"  ./dequeue.o   
/usr/lib/gcc/x86_64-redhat-linux/4.8.3/../../../../lib64/crt1.o: In function `_start':
(.text+0x20): undefined reference to `main'
collect2: error: ld returned 1 exit status
make: *** [Dequeue] Error 1
15:36:03 **** Incremental Build of configuration Debug for project ExceptionHandling ****
make all 
make: Nothing to be done for `all'.
15:36:03 **** Incremental Build of configuration Debug for project Quadratic ****
make all 
make: Nothing to be done for `all'.
15:36:03 **** Incremental Build of configuration Debug for project calc ****
make all 
make: Nothing to be done for `all'.
15:36:03 **** Incremental Build of configuration Debug for project calcadv ****
make all 
make: Nothing to be done for `all'.
15:36:04 **** Incremental Build of configuration Debug for project complex ****
make all 
make: Nothing to be done for `all'.
15:36:04 **** Incremental Build of configuration Debug for project employee ****
make all 
make: Nothing to be done for `all'.
15:36:04 **** Incremental Build of configuration Debug for project stack&queue ****
make all 
make: Nothing to be done for `all'.
15:36:04 **** Incremental Build of configuration Debug for project student ****
make all 
make: Nothing to be done for `all'.
15:38:42 **** Incremental Build of configuration Debug for project Dequeue ****
make all 
Building file: ../dequeue.cpp
Invoking: GCC C++ Compiler
g++ -O0 -g3 -Wall -c -fmessage-length=0 -MMD -MP -MF"dequeue.d" -MT"dequeue.d" -o "dequeue.o" "../dequeue.cpp"
../dequeue.cpp:3:18: fatal error: dequeue: No such file or directory
 #include<dequeue>
                  ^
compilation terminated.
make: *** [dequeue.o] Error 1
15:38:42 **** Incremental Build of configuration Debug for project ExceptionHandling ****
make all 
make: Nothing to be done for `all'.
15:38:42 **** Incremental Build of configuration Debug for project Quadratic ****
make all 
make: Nothing to be done for `all'.
15:38:42 **** Incremental Build of configuration Debug for project calc ****
make all 
make: Nothing to be done for `all'.
15:38:42 **** Incremental Build of configuration Debug for project calcadv ****
make all 
make: Nothing to be done for `all'.
15:38:43 **** Incremental Build of configuration Debug for project complex ****
make all 
make: Nothing to be done for `all'.
15:38:43 **** Incremental Build of configuration Debug for project employee ****
make all 
make: Nothing to be done for `all'.
15:38:43 **** Incremental Build of configuration Debug for project stack&queue ****
make all 
make: Nothing to be done for `all'.
15:38:43 **** Incremental Build of configuration Debug for project student ****
make all 
make: Nothing to be done for `all'.
15:39:07 **** Incremental Build of configuration Debug for project Dequeue ****
make all 
Building file: ../dequeue.cpp
Invoking: GCC C++ Compiler
g++ -O0 -g3 -Wall -c -fmessage-length=0 -MMD -MP -MF"dequeue.d" -MT"dequeue.d" -o "dequeue.o" "../dequeue.cpp"
../dequeue.cpp: In function ‘int main()’:
../dequeue.cpp:21:2: error: ‘stl’ was not declared in this scope
  stl s;
  ^
../dequeue.cpp:21:6: error: expected ‘;’ before ‘s’
  stl s;
      ^
../dequeue.cpp:38:5: error: ‘stck’ was not declared in this scope
     stck.push(e);
     ^
../dequeue.cpp:40:5: error: ‘que’ was not declared in this scope
     que.push(e);
     ^
../dequeue.cpp:65:5: error: ‘s’ was not declared in this scope
     s.insertst(stck);
     ^
make: *** [dequeue.o] Error 1
15:39:07 **** Incremental Build of configuration Debug for project ExceptionHandling ****
make all 
make: Nothing to be done for `all'.
15:39:07 **** Incremental Build of configuration Debug for project Quadratic ****
make all 
make: Nothing to be done for `all'.
15:39:08 **** Incremental Build of configuration Debug for project calc ****
make all 
make: Nothing to be done for `all'.
15:39:08 **** Incremental Build of configuration Debug for project calcadv ****
make all 
make: Nothing to be done for `all'.
15:39:08 **** Incremental Build of configuration Debug for project complex ****
make all 
make: Nothing to be done for `all'.
15:39:08 **** Incremental Build of configuration Debug for project employee ****
make all 
make: Nothing to be done for `all'.
15:39:08 **** Incremental Build of configuration Debug for project stack&queue ****
make all 
make: Nothing to be done for `all'.
15:39:08 **** Incremental Build of configuration Debug for project student ****
make all 
make: Nothing to be done for `all'.
15:39:18 **** Incremental Build of configuration Debug for project Dequeue ****
make all 
Building file: ../dequeue.cpp
Invoking: GCC C++ Compiler
g++ -O0 -g3 -Wall -c -fmessage-length=0 -MMD -MP -MF"dequeue.d" -MT"dequeue.d" -o "dequeue.o" "../dequeue.cpp"
../dequeue.cpp: In function ‘int main()’:
../dequeue.cpp:38:5: error: ‘stck’ was not declared in this scope
     stck.push(e);
     ^
../dequeue.cpp:40:5: error: ‘que’ was not declared in this scope
     que.push(e);
     ^
../dequeue.cpp:65:5: error: ‘s’ was not declared in this scope
     s.insertst(stck);
     ^
../dequeue.cpp:21:6: warning: unused variable ‘d’ [-Wunused-variable]
  deq d;
      ^
make: *** [dequeue.o] Error 1
15:39:18 **** Incremental Build of configuration Debug for project ExceptionHandling ****
make all 
make: Nothing to be done for `all'.
15:39:18 **** Incremental Build of configuration Debug for project Quadratic ****
make all 
make: Nothing to be done for `all'.
15:39:18 **** Incremental Build of configuration Debug for project calc ****
make all 
make: Nothing to be done for `all'.
15:39:18 **** Incremental Build of configuration Debug for project calcadv ****
make all 
make: Nothing to be done for `all'.
15:39:19 **** Incremental Build of configuration Debug for project complex ****
make all 
make: Nothing to be done for `all'.
15:39:19 **** Incremental Build of configuration Debug for project employee ****
make all 
make: Nothing to be done for `all'.
15:39:19 **** Incremental Build of configuration Debug for project stack&queue ****
make all 
make: Nothing to be done for `all'.
15:39:19 **** Incremental Build of configuration Debug for project student ****
make all 
make: Nothing to be done for `all'.
15:40:46 **** Incremental Build of configuration Debug for project Dequeue ****
make all 
Building file: ../dequeue.cpp
Invoking: GCC C++ Compiler
g++ -O0 -g3 -Wall -c -fmessage-length=0 -MMD -MP -MF"dequeue.d" -MT"dequeue.d" -o "dequeue.o" "../dequeue.cpp"
../dequeue.cpp: In function ‘int main()’:
../dequeue.cpp:42:7: error: ‘stck’ was not declared in this scope
     e=stck.top();
       ^
../dequeue.cpp:45:7: error: ‘que’ was not declared in this scope
     e=que.front();
       ^
../dequeue.cpp:63:5: error: ‘s’ was not declared in this scope
     s.insertst(stck);
     ^
../dequeue.cpp:21:6: warning: unused variable ‘d’ [-Wunused-variable]
  deq d;
      ^
make: *** [dequeue.o] Error 1
15:40:47 **** Incremental Build of configuration Debug for project ExceptionHandling ****
make all 
make: Nothing to be done for `all'.
15:40:47 **** Incremental Build of configuration Debug for project Quadratic ****
make all 
make: Nothing to be done for `all'.
15:40:47 **** Incremental Build of configuration Debug for project calc ****
make all 
make: Nothing to be done for `all'.
15:40:47 **** Incremental Build of configuration Debug for project calcadv ****
make all 
make: Nothing to be done for `all'.
15:40:47 **** Incremental Build of configuration Debug for project complex ****
make all 
make: Nothing to be done for `all'.
15:40:47 **** Incremental Build of configuration Debug for project employee ****
make all 
make: Nothing to be done for `all'.
15:40:47 **** Incremental Build of configuration Debug for project stack&queue ****
make all 
make: Nothing to be done for `all'.
15:40:47 **** Incremental Build of configuration Debug for project student ****
make all 
make: Nothing to be done for `all'.
15:41:37 **** Incremental Build of configuration Debug for project Dequeue ****
make all 
Building file: ../dequeue.cpp
Invoking: GCC C++ Compiler
g++ -O0 -g3 -Wall -c -fmessage-length=0 -MMD -MP -MF"dequeue.d" -MT"dequeue.d" -o "dequeue.o" "../dequeue.cpp"
../dequeue.cpp: In function ‘int main()’:
../dequeue.cpp:49:11: error: ‘stck’ was not declared in this scope
     cout<<stck.size()<<endl;
           ^
../dequeue.cpp:51:11: error: ‘que’ was not declared in this scope
     cout<<que.size()<<endl;
           ^
../dequeue.cpp:61:5: error: ‘s’ was not declared in this scope
     s.insertst(stck);
     ^
../dequeue.cpp:21:6: warning: unused variable ‘d’ [-Wunused-variable]
  deq d;
      ^
make: *** [dequeue.o] Error 1
15:41:38 **** Incremental Build of configuration Debug for project ExceptionHandling ****
make all 
make: Nothing to be done for `all'.
15:41:38 **** Incremental Build of configuration Debug for project Quadratic ****
make all 
make: Nothing to be done for `all'.
15:41:38 **** Incremental Build of configuration Debug for project calc ****
make all 
make: Nothing to be done for `all'.
15:41:38 **** Incremental Build of configuration Debug for project calcadv ****
make all 
make: Nothing to be done for `all'.
15:41:38 **** Incremental Build of configuration Debug for project complex ****
make all 
make: Nothing to be done for `all'.
15:41:38 **** Incremental Build of configuration Debug for project employee ****
make all 
make: Nothing to be done for `all'.
15:41:38 **** Incremental Build of configuration Debug for project stack&queue ****
make all 
make: Nothing to be done for `all'.
15:41:38 **** Incremental Build of configuration Debug for project student ****
make all 
make: Nothing to be done for `all'.
15:43:04 **** Incremental Build of configuration Debug for project Dequeue ****
make all 
Building file: ../dequeue.cpp
Invoking: GCC C++ Compiler
g++ -O0 -g3 -Wall -c -fmessage-length=0 -MMD -MP -MF"dequeue.d" -MT"dequeue.d" -o "dequeue.o" "../dequeue.cpp"
../dequeue.cpp: In function ‘int main()’:
../dequeue.cpp:53:11: error: ‘stck’ was not declared in this scope
     cout<<stck.top()<<endl;
           ^
../dequeue.cpp:55:11: error: ‘que’ was not declared in this scope
     cout<<que.front()<<endl;
           ^
../dequeue.cpp:59:5: error: ‘s’ was not declared in this scope
     s.insertst(stck);
     ^
../dequeue.cpp:21:6: warning: unused variable ‘d’ [-Wunused-variable]
  deq d;
      ^
make: *** [dequeue.o] Error 1
15:43:04 **** Incremental Build of configuration Debug for project ExceptionHandling ****
make all 
make: Nothing to be done for `all'.
15:43:04 **** Incremental Build of configuration Debug for project Quadratic ****
make all 
make: Nothing to be done for `all'.
15:43:04 **** Incremental Build of configuration Debug for project calc ****
make all 
make: Nothing to be done for `all'.
15:43:04 **** Incremental Build of configuration Debug for project calcadv ****
make all 
make: Nothing to be done for `all'.
15:43:05 **** Incremental Build of configuration Debug for project complex ****
make all 
make: Nothing to be done for `all'.
15:43:05 **** Incremental Build of configuration Debug for project employee ****
make all 
make: Nothing to be done for `all'.
15:43:05 **** Incremental Build of configuration Debug for project stack&queue ****
make all 
make: Nothing to be done for `all'.
15:43:05 **** Incremental Build of configuration Debug for project student ****
make all 
make: Nothing to be done for `all'.
15:44:55 **** Incremental Build of configuration Debug for project Dequeue ****
make all 
Building file: ../dequeue.cpp
Invoking: GCC C++ Compiler
g++ -O0 -g3 -Wall -c -fmessage-length=0 -MMD -MP -MF"dequeue.d" -MT"dequeue.d" -o "dequeue.o" "../dequeue.cpp"
../dequeue.cpp: In function ‘int main()’:
../dequeue.cpp:55:11: error: ‘stck’ was not declared in this scope
     cout<<stck.top()<<endl;
           ^
../dequeue.cpp:57:11: error: ‘que’ was not declared in this scope
     cout<<que.front()<<endl;
           ^
../dequeue.cpp:61:5: error: ‘s’ was not declared in this scope
     s.insertst(stck);
     ^
../dequeue.cpp:21:6: warning: unused variable ‘d’ [-Wunused-variable]
  deq d;
      ^
make: *** [dequeue.o] Error 1
15:44:56 **** Incremental Build of configuration Debug for project ExceptionHandling ****
make all 
make: Nothing to be done for `all'.
15:44:56 **** Incremental Build of configuration Debug for project Quadratic ****
make all 
make: Nothing to be done for `all'.
15:44:56 **** Incremental Build of configuration Debug for project calc ****
make all 
make: Nothing to be done for `all'.
15:44:56 **** Incremental Build of configuration Debug for project calcadv ****
make all 
make: Nothing to be done for `all'.
15:44:56 **** Incremental Build of configuration Debug for project complex ****
make all 
make: Nothing to be done for `all'.
15:44:56 **** Incremental Build of configuration Debug for project employee ****
make all 
make: Nothing to be done for `all'.
15:44:56 **** Incremental Build of configuration Debug for project stack&queue ****
make all 
make: Nothing to be done for `all'.
15:44:56 **** Incremental Build of configuration Debug for project student ****
make all 
make: Nothing to be done for `all'.
15:46:39 **** Incremental Build of configuration Debug for project Dequeue ****
make all 
Building file: ../dequeue.cpp
Invoking: GCC C++ Compiler
g++ -O0 -g3 -Wall -c -fmessage-length=0 -MMD -MP -MF"dequeue.d" -MT"dequeue.d" -o "dequeue.o" "../dequeue.cpp"
../dequeue.cpp: In function ‘int main()’:
../dequeue.cpp:57:11: error: ‘que’ was not declared in this scope
     cout<<que.back()<<endl;
           ^
../dequeue.cpp:61:5: error: ‘s’ was not declared in this scope
     s.insertst(stck);
     ^
../dequeue.cpp:61:16: error: ‘stck’ was not declared in this scope
     s.insertst(stck);
                ^
../dequeue.cpp:21:6: warning: unused variable ‘d’ [-Wunused-variable]
  deq d;
      ^
make: *** [dequeue.o] Error 1
15:46:39 **** Incremental Build of configuration Debug for project ExceptionHandling ****
make all 
make: Nothing to be done for `all'.
15:46:39 **** Incremental Build of configuration Debug for project Quadratic ****
make all 
make: Nothing to be done for `all'.
15:46:40 **** Incremental Build of configuration Debug for project calc ****
make all 
make: Nothing to be done for `all'.
15:46:40 **** Incremental Build of configuration Debug for project calcadv ****
make all 
make: Nothing to be done for `all'.
15:46:40 **** Incremental Build of configuration Debug for project complex ****
make all 
make: Nothing to be done for `all'.
15:46:40 **** Incremental Build of configuration Debug for project employee ****
make all 
make: Nothing to be done for `all'.
15:46:40 **** Incremental Build of configuration Debug for project stack&queue ****
make all 
make: Nothing to be done for `all'.
15:46:40 **** Incremental Build of configuration Debug for project student ****
make all 
make: Nothing to be done for `all'.
15:46:48 **** Incremental Build of configuration Debug for project Dequeue ****
make all 
Building file: ../dequeue.cpp
Invoking: GCC C++ Compiler
g++ -O0 -g3 -Wall -c -fmessage-length=0 -MMD -MP -MF"dequeue.d" -MT"dequeue.d" -o "dequeue.o" "../dequeue.cpp"
../dequeue.cpp: In function ‘int main()’:
../dequeue.cpp:61:5: error: ‘s’ was not declared in this scope
     s.insertst(stck);
     ^
../dequeue.cpp:61:16: error: ‘stck’ was not declared in this scope
     s.insertst(stck);
                ^
../dequeue.cpp:63:15: error: ‘que’ was not declared in this scope
     s.insertq(que);
               ^
../dequeue.cpp:21:6: warning: unused variable ‘d’ [-Wunused-variable]
  deq d;
      ^
make: *** [dequeue.o] Error 1
15:46:49 **** Incremental Build of configuration Debug for project ExceptionHandling ****
make all 
make: Nothing to be done for `all'.
15:46:49 **** Incremental Build of configuration Debug for project Quadratic ****
make all 
make: Nothing to be done for `all'.
15:46:49 **** Incremental Build of configuration Debug for project calc ****
make all 
make: Nothing to be done for `all'.
15:46:49 **** Incremental Build of configuration Debug for project calcadv ****
make all 
make: Nothing to be done for `all'.
15:46:49 **** Incremental Build of configuration Debug for project complex ****
make all 
make: Nothing to be done for `all'.
15:46:49 **** Incremental Build of configuration Debug for project employee ****
make all 
make: Nothing to be done for `all'.
15:46:49 **** Incremental Build of configuration Debug for project stack&queue ****
make all 
make: Nothing to be done for `all'.
15:46:49 **** Incremental Build of configuration Debug for project student ****
make all 
make: Nothing to be done for `all'.
15:47:34 **** Incremental Build of configuration Debug for project Dequeue ****
make all 
Building file: ../dequeue.cpp
Invoking: GCC C++ Compiler
g++ -O0 -g3 -Wall -c -fmessage-length=0 -MMD -MP -MF"dequeue.d" -MT"dequeue.d" -o "dequeue.o" "../dequeue.cpp"
../dequeue.cpp: In function ‘int main()’:
../dequeue.cpp:61:7: error: invalid use of ‘deq::deq’
     d.deq(dque);
       ^
../dequeue.cpp:63:5: error: ‘s’ was not declared in this scope
     s.insertq(que);
     ^
../dequeue.cpp:63:15: error: ‘que’ was not declared in this scope
     s.insertq(que);
               ^
make: *** [dequeue.o] Error 1
15:47:34 **** Incremental Build of configuration Debug for project ExceptionHandling ****
make all 
make: Nothing to be done for `all'.
15:47:34 **** Incremental Build of configuration Debug for project Quadratic ****
make all 
make: Nothing to be done for `all'.
15:47:34 **** Incremental Build of configuration Debug for project calc ****
make all 
make: Nothing to be done for `all'.
15:47:34 **** Incremental Build of configuration Debug for project calcadv ****
make all 
make: Nothing to be done for `all'.
15:47:34 **** Incremental Build of configuration Debug for project complex ****
make all 
make: Nothing to be done for `all'.
15:47:35 **** Incremental Build of configuration Debug for project employee ****
make all 
make: Nothing to be done for `all'.
15:47:35 **** Incremental Build of configuration Debug for project stack&queue ****
make all 
make: Nothing to be done for `all'.
15:47:35 **** Incremental Build of configuration Debug for project student ****
make all 
make: Nothing to be done for `all'.
15:48:06 **** Incremental Build of configuration Debug for project Dequeue ****
make all 
Building file: ../dequeue.cpp
Invoking: GCC C++ Compiler
g++ -O0 -g3 -Wall -c -fmessage-length=0 -MMD -MP -MF"dequeue.d" -MT"dequeue.d" -o "dequeue.o" "../dequeue.cpp"
../dequeue.cpp: In function ‘int main()’:
../dequeue.cpp:61:7: error: invalid use of ‘deq::deq’
     d.deq(dque);
       ^
../dequeue.cpp:63:5: error: ‘s’ was not declared in this scope
     s.insertq(que);
     ^
../dequeue.cpp:63:15: error: ‘que’ was not declared in this scope
     s.insertq(que);
               ^
make: *** [dequeue.o] Error 1
15:48:07 **** Incremental Build of configuration Debug for project ExceptionHandling ****
make all 
make: Nothing to be done for `all'.
15:48:07 **** Incremental Build of configuration Debug for project Quadratic ****
make all 
make: Nothing to be done for `all'.
15:48:07 **** Incremental Build of configuration Debug for project calc ****
make all 
make: Nothing to be done for `all'.
15:48:07 **** Incremental Build of configuration Debug for project calcadv ****
make all 
make: Nothing to be done for `all'.
15:48:07 **** Incremental Build of configuration Debug for project complex ****
make all 
make: Nothing to be done for `all'.
15:48:07 **** Incremental Build of configuration Debug for project employee ****
make all 
make: Nothing to be done for `all'.
15:48:07 **** Incremental Build of configuration Debug for project stack&queue ****
make all 
make: Nothing to be done for `all'.
15:48:07 **** Incremental Build of configuration Debug for project student ****
make all 
make: Nothing to be done for `all'.
15:48:13 **** Incremental Build of configuration Debug for project Dequeue ****
make all 
Building file: ../dequeue.cpp
Invoking: GCC C++ Compiler
g++ -O0 -g3 -Wall -c -fmessage-length=0 -MMD -MP -MF"dequeue.d" -MT"dequeue.d" -o "dequeue.o" "../dequeue.cpp"
../dequeue.cpp: In function ‘int main()’:
../dequeue.cpp:61:7: error: invalid use of ‘deq::deq’
     d.deq(dque);
       ^
make: *** [dequeue.o] Error 1
15:48:13 **** Incremental Build of configuration Debug for project ExceptionHandling ****
make all 
make: Nothing to be done for `all'.
15:48:13 **** Incremental Build of configuration Debug for project Quadratic ****
make all 
make: Nothing to be done for `all'.
15:48:13 **** Incremental Build of configuration Debug for project calc ****
make all 
make: Nothing to be done for `all'.
15:48:13 **** Incremental Build of configuration Debug for project calcadv ****
make all 
make: Nothing to be done for `all'.
15:48:14 **** Incremental Build of configuration Debug for project complex ****
make all 
make: Nothing to be done for `all'.
15:48:14 **** Incremental Build of configuration Debug for project employee ****
make all 
make: Nothing to be done for `all'.
15:48:14 **** Incremental Build of configuration Debug for project stack&queue ****
make all 
make: Nothing to be done for `all'.
15:48:14 **** Incremental Build of configuration Debug for project student ****
make all 
make: Nothing to be done for `all'.
15:48:46 **** Incremental Build of configuration Debug for project Dequeue ****
make all 
Building file: ../dequeue.cpp
Invoking: GCC C++ Compiler
g++ -O0 -g3 -Wall -c -fmessage-length=0 -MMD -MP -MF"dequeue.d" -MT"dequeue.d" -o "dequeue.o" "../dequeue.cpp"
../dequeue.cpp: In function ‘int main()’:
../dequeue.cpp:62:7: error: invalid use of ‘deq::deq’
     d.deq(dque);
       ^
make: *** [dequeue.o] Error 1
15:48:46 **** Incremental Build of configuration Debug for project ExceptionHandling ****
make all 
make: Nothing to be done for `all'.
15:48:47 **** Incremental Build of configuration Debug for project Quadratic ****
make all 
make: Nothing to be done for `all'.
15:48:47 **** Incremental Build of configuration Debug for project calc ****
make all 
make: Nothing to be done for `all'.
15:48:47 **** Incremental Build of configuration Debug for project calcadv ****
make all 
make: Nothing to be done for `all'.
15:48:47 **** Incremental Build of configuration Debug for project complex ****
make all 
make: Nothing to be done for `all'.
15:48:47 **** Incremental Build of configuration Debug for project employee ****
make all 
make: Nothing to be done for `all'.
15:48:47 **** Incremental Build of configuration Debug for project stack&queue ****
make all 
make: Nothing to be done for `all'.
15:48:47 **** Incremental Build of configuration Debug for project student ****
make all 
make: Nothing to be done for `all'.
15:49:10 **** Incremental Build of configuration Debug for project Dequeue ****
make all 
Building file: ../dequeue.cpp
Invoking: GCC C++ Compiler
g++ -O0 -g3 -Wall -c -fmessage-length=0 -MMD -MP -MF"dequeue.d" -MT"dequeue.d" -o "dequeue.o" "../dequeue.cpp"
../dequeue.cpp: In function ‘int main()’:
../dequeue.cpp:62:7: error: invalid use of ‘deq::deq’
     d.deq(dque);
       ^
make: *** [dequeue.o] Error 1
15:49:10 **** Incremental Build of configuration Debug for project ExceptionHandling ****
make all 
make: Nothing to be done for `all'.
15:49:10 **** Incremental Build of configuration Debug for project Quadratic ****
make all 
make: Nothing to be done for `all'.
15:49:10 **** Incremental Build of configuration Debug for project calc ****
make all 
make: Nothing to be done for `all'.
15:49:10 **** Incremental Build of configuration Debug for project calcadv ****
make all 
make: Nothing to be done for `all'.
15:49:10 **** Incremental Build of configuration Debug for project complex ****
make all 
make: Nothing to be done for `all'.
15:49:11 **** Incremental Build of configuration Debug for project employee ****
make all 
make: Nothing to be done for `all'.
15:49:11 **** Incremental Build of configuration Debug for project stack&queue ****
make all 
make: Nothing to be done for `all'.
15:49:11 **** Incremental Build of configuration Debug for project student ****
make all 
make: Nothing to be done for `all'.
15:49:40 **** Incremental Build of configuration Debug for project Dequeue ****
make all 
Building file: ../dequeue.cpp
Invoking: GCC C++ Compiler
g++ -O0 -g3 -Wall -c -fmessage-length=0 -MMD -MP -MF"dequeue.d" -MT"dequeue.d" -o "dequeue.o" "../dequeue.cpp"
../dequeue.cpp: In function ‘int main()’:
../dequeue.cpp:62:9: warning: unused variable ‘dque’ [-Wunused-variable]
     deq(dque);
         ^
../dequeue.cpp:21:6: warning: unused variable ‘d’ [-Wunused-variable]
  deq d;
      ^
Finished building: ../dequeue.cpp
 
Building target: Dequeue
Invoking: GCC C++ Linker
g++  -o "Dequeue"  ./dequeue.o   
Finished building target: Dequeue
 
15:49:40 **** Incremental Build of configuration Debug for project ExceptionHandling ****
make all 
make: Nothing to be done for `all'.
15:49:40 **** Incremental Build of configuration Debug for project Quadratic ****
make all 
make: Nothing to be done for `all'.
15:49:40 **** Incremental Build of configuration Debug for project calc ****
make all 
make: Nothing to be done for `all'.
15:49:41 **** Incremental Build of configuration Debug for project calcadv ****
make all 
make: Nothing to be done for `all'.
15:49:41 **** Incremental Build of configuration Debug for project complex ****
make all 
make: Nothing to be done for `all'.
15:49:41 **** Incremental Build of configuration Debug for project employee ****
make all 
make: Nothing to be done for `all'.
15:49:41 **** Incremental Build of configuration Debug for project stack&queue ****
make all 
make: Nothing to be done for `all'.
15:49:41 **** Incremental Build of configuration Debug for project student ****
make all 
make: Nothing to be done for `all'.
15:49:55 **** Incremental Build of configuration Debug for project Dequeue ****
make all 
make: Nothing to be done for `all'.
15:51:50 **** Incremental Build of configuration Debug for project Dequeue ****
make all 
Building file: ../dequeue.cpp
Invoking: GCC C++ Compiler
g++ -O0 -g3 -Wall -c -fmessage-length=0 -MMD -MP -MF"dequeue.d" -MT"dequeue.d" -o "dequeue.o" "../dequeue.cpp"
../dequeue.cpp: In function ‘int main()’:
../dequeue.cpp:61:9: warning: unused variable ‘dque’ [-Wunused-variable]
     deq(dque);
         ^
../dequeue.cpp:21:6: warning: unused variable ‘d’ [-Wunused-variable]
  deq d;
      ^
Finished building: ../dequeue.cpp
 
Building target: Dequeue
Invoking: GCC C++ Linker
g++  -o "Dequeue"  ./dequeue.o   
Finished building target: Dequeue
 
15:52:39 **** Incremental Build of configuration Debug for project Dequeue ****
make all 
Building file: ../dequeue.cpp
Invoking: GCC C++ Compiler
g++ -O0 -g3 -Wall -c -fmessage-length=0 -MMD -MP -MF"dequeue.d" -MT"dequeue.d" -o "dequeue.o" "../dequeue.cpp"
Finished building: ../dequeue.cpp
 
Building target: Dequeue
Invoking: GCC C++ Linker
g++  -o "Dequeue"  ./dequeue.o   
Finished building target: Dequeue
 
15:52:39 **** Incremental Build of configuration Debug for project ExceptionHandling ****
make all 
make: Nothing to be done for `all'.
15:52:39 **** Incremental Build of configuration Debug for project Quadratic ****
make all 
make: Nothing to be done for `all'.
15:52:39 **** Incremental Build of configuration Debug for project calc ****
make all 
make: Nothing to be done for `all'.
15:52:40 **** Incremental Build of configuration Debug for project calcadv ****
make all 
make: Nothing to be done for `all'.
15:52:40 **** Incremental Build of configuration Debug for project complex ****
make all 
make: Nothing to be done for `all'.
15:52:40 **** Incremental Build of configuration Debug for project employee ****
make all 
make: Nothing to be done for `all'.
15:52:40 **** Incremental Build of configuration Debug for project stack&queue ****
make all 
make: Nothing to be done for `all'.
15:52:40 **** Incremental Build of configuration Debug for project student ****
make all 
make: Nothing to be done for `all'.
15:52:43 **** Incremental Build of configuration Debug for project Dequeue ****
make all 
make: Nothing to be done for `all'.
15:53:03 **** Incremental Build of configuration Debug for project Dequeue ****
make all 
Building file: ../dequeue.cpp
Invoking: GCC C++ Compiler
g++ -O0 -g3 -Wall -c -fmessage-length=0 -MMD -MP -MF"dequeue.d" -MT"dequeue.d" -o "dequeue.o" "../dequeue.cpp"
Finished building: ../dequeue.cpp
 
Building target: Dequeue
Invoking: GCC C++ Linker
g++  -o "Dequeue"  ./dequeue.o   
Finished building target: Dequeue
 
15:53:03 **** Incremental Build of configuration Debug for project ExceptionHandling ****
make all 
make: Nothing to be done for `all'.
15:53:03 **** Incremental Build of configuration Debug for project Quadratic ****
make all 
make: Nothing to be done for `all'.
15:53:03 **** Incremental Build of configuration Debug for project calc ****
make all 
make: Nothing to be done for `all'.
15:53:04 **** Incremental Build of configuration Debug for project calcadv ****
make all 
make: Nothing to be done for `all'.
15:53:04 **** Incremental Build of configuration Debug for project complex ****
make all 
make: Nothing to be done for `all'.
15:53:04 **** Incremental Build of configuration Debug for project employee ****
make all 
make: Nothing to be done for `all'.
15:53:04 **** Incremental Build of configuration Debug for project stack&queue ****
make all 
make: Nothing to be done for `all'.
15:53:04 **** Incremental Build of configuration Debug for project student ****
make all 
make: Nothing to be done for `all'.
15:53:04 **** Incremental Build of configuration Debug for project Dequeue ****
make all 
make: Nothing to be done for `all'.
15:54:58 **** Incremental Build of configuration Debug for project Dequeue ****
make all 
Building file: ../dequeue.cpp
Invoking: GCC C++ Compiler
g++ -O0 -g3 -Wall -c -fmessage-length=0 -MMD -MP -MF"dequeue.d" -MT"dequeue.d" -o "dequeue.o" "../dequeue.cpp"
Finished building: ../dequeue.cpp
 
Building target: Dequeue
Invoking: GCC C++ Linker
g++  -o "Dequeue"  ./dequeue.o   
Finished building target: Dequeue
 
15:54:59 **** Incremental Build of configuration Debug for project ExceptionHandling ****
make all 
make: Nothing to be done for `all'.
15:54:59 **** Incremental Build of configuration Debug for project Quadratic ****
make all 
make: Nothing to be done for `all'.
15:54:59 **** Incremental Build of configuration Debug for project calc ****
make all 
make: Nothing to be done for `all'.
15:54:59 **** Incremental Build of configuration Debug for project calcadv ****
make all 
make: Nothing to be done for `all'.
15:54:59 **** Incremental Build of configuration Debug for project complex ****
make all 
make: Nothing to be done for `all'.
15:54:59 **** Incremental Build of configuration Debug for project employee ****
make all 
make: Nothing to be done for `all'.
15:55:00 **** Incremental Build of configuration Debug for project stack&queue ****
make all 
make: Nothing to be done for `all'.
15:55:00 **** Incremental Build of configuration Debug for project student ****
make all 
make: Nothing to be done for `all'.
15:57:09 **** Incremental Build of configuration Debug for project Dequeue ****
make all 
Building file: ../dequeue.cpp
Invoking: GCC C++ Compiler
g++ -O0 -g3 -Wall -c -fmessage-length=0 -MMD -MP -MF"dequeue.d" -MT"dequeue.d" -o "dequeue.o" "../dequeue.cpp"
../dequeue.cpp: In function ‘int main()’:
../dequeue.cpp:67:9: error: no match for ‘operator<<’ (operand types are ‘std::ostream {aka std::basic_ostream<char>}’ and ‘void’)
     cout<<dque.pop_front()<<endl;
         ^
../dequeue.cpp:67:9: note: candidates are:
In file included from /usr/include/c++/4.8.3/iostream:39:0,
                 from ../dequeue.cpp:1:
/usr/include/c++/4.8.3/ostream:108:7: note: std::basic_ostream<_CharT, _Traits>::__ostream_type& std::basic_ostream<_CharT, _Traits>::operator<<(std::basic_ostream<_CharT, _Traits>::__ostream_type& (*)(std::basic_ostream<_CharT, _Traits>::__ostream_type&)) [with _CharT = char; _Traits = std::char_traits<char>; std::basic_ostream<_CharT, _Traits>::__ostream_type = std::basic_ostream<char>]
       operator<<(__ostream_type& (*__pf)(__ostream_type&))
       ^
/usr/include/c++/4.8.3/ostream:108:7: note:   no known conversion for argument 1 from ‘void’ to ‘std::basic_ostream<char>::__ostream_type& (*)(std::basic_ostream<char>::__ostream_type&) {aka std::basic_ostream<char>& (*)(std::basic_ostream<char>&)}’
/usr/include/c++/4.8.3/ostream:117:7: note: std::basic_ostream<_CharT, _Traits>::__ostream_type& std::basic_ostream<_CharT, _Traits>::operator<<(std::basic_ostream<_CharT, _Traits>::__ios_type& (*)(std::basic_ostream<_CharT, _Traits>::__ios_type&)) [with _CharT = char; _Traits = std::char_traits<char>; std::basic_ostream<_CharT, _Traits>::__ostream_type = std::basic_ostream<char>; std::basic_ostream<_CharT, _Traits>::__ios_type = std::basic_ios<char>]
       operator<<(__ios_type& (*__pf)(__ios_type&))
       ^
/usr/include/c++/4.8.3/ostream:117:7: note:   no known conversion for argument 1 from ‘void’ to ‘std::basic_ostream<char>::__ios_type& (*)(std::basic_ostream<char>::__ios_type&) {aka std::basic_ios<char>& (*)(std::basic_ios<char>&)}’
/usr/include/c++/4.8.3/ostream:127:7: note: std::basic_ostream<_CharT, _Traits>::__ostream_type& std::basic_ostream<_CharT, _Traits>::operator<<(std::ios_base& (*)(std::ios_base&)) [with _CharT = char; _Traits = std::char_traits<char>; std::basic_ostream<_CharT, _Traits>::__ostream_type = std::basic_ostream<char>]
       operator<<(ios_base& (*__pf) (ios_base&))
       ^
/usr/include/c++/4.8.3/ostream:127:7: note:   no known conversion for argument 1 from ‘void’ to ‘std::ios_base& (*)(std::ios_base&)’
/usr/include/c++/4.8.3/ostream:166:7: note: std::basic_ostream<_CharT, _Traits>::__ostream_type& std::basic_ostream<_CharT, _Traits>::operator<<(long int) [with _CharT = char; _Traits = std::char_traits<char>; std::basic_ostream<_CharT, _Traits>::__ostream_type = std::basic_ostream<char>]
       operator<<(long __n)
       ^
/usr/include/c++/4.8.3/ostream:166:7: note:   no known conversion for argument 1 from ‘void’ to ‘long int’
/usr/include/c++/4.8.3/ostream:170:7: note: std::basic_ostream<_CharT, _Traits>::__ostream_type& std::basic_ostream<_CharT, _Traits>::operator<<(long unsigned int) [with _CharT = char; _Traits = std::char_traits<char>; std::basic_ostream<_CharT, _Traits>::__ostream_type = std::basic_ostream<char>]
       operator<<(unsigned long __n)
       ^
/usr/include/c++/4.8.3/ostream:170:7: note:   no known conversion for argument 1 from ‘void’ to ‘long unsigned int’
/usr/include/c++/4.8.3/ostream:174:7: note: std::basic_ostream<_CharT, _Traits>::__ostream_type& std::basic_ostream<_CharT, _Traits>::operator<<(bool) [with _CharT = char; _Traits = std::char_traits<char>; std::basic_ostream<_CharT, _Traits>::__ostream_type = std::basic_ostream<char>]
       operator<<(bool __n)
       ^
/usr/include/c++/4.8.3/ostream:174:7: note:   no known conversion for argument 1 from ‘void’ to ‘bool’
In file included from /usr/include/c++/4.8.3/ostream:609:0,
                 from /usr/include/c++/4.8.3/iostream:39,
                 from ../dequeue.cpp:1:
/usr/include/c++/4.8.3/bits/ostream.tcc:91:5: note: std::basic_ostream<_CharT, _Traits>& std::basic_ostream<_CharT, _Traits>::operator<<(short int) [with _CharT = char; _Traits = std::char_traits<char>]
     basic_ostream<_CharT, _Traits>::
     ^
/usr/include/c++/4.8.3/bits/ostream.tcc:91:5: note:   no known conversion for argument 1 from ‘void’ to ‘short int’
In file included from /usr/include/c++/4.8.3/iostream:39:0,
                 from ../dequeue.cpp:1:
/usr/include/c++/4.8.3/ostream:181:7: note: std::basic_ostream<_CharT, _Traits>::__ostream_type& std::basic_ostream<_CharT, _Traits>::operator<<(short unsigned int) [with _CharT = char; _Traits = std::char_traits<char>; std::basic_ostream<_CharT, _Traits>::__ostream_type = std::basic_ostream<char>]
       operator<<(unsigned short __n)
       ^
/usr/include/c++/4.8.3/ostream:181:7: note:   no known conversion for argument 1 from ‘void’ to ‘short unsigned int’
In file included from /usr/include/c++/4.8.3/ostream:609:0,
                 from /usr/include/c++/4.8.3/iostream:39,
                 from ../dequeue.cpp:1:
/usr/include/c++/4.8.3/bits/ostream.tcc:105:5: note: std::basic_ostream<_CharT, _Traits>& std::basic_ostream<_CharT, _Traits>::operator<<(int) [with _CharT = char; _Traits = std::char_traits<char>]
     basic_ostream<_CharT, _Traits>::
     ^
/usr/include/c++/4.8.3/bits/ostream.tcc:105:5: note:   no known conversion for argument 1 from ‘void’ to ‘int’
In file included from /usr/include/c++/4.8.3/iostream:39:0,
                 from ../dequeue.cpp:1:
/usr/include/c++/4.8.3/ostream:192:7: note: std::basic_ostream<_CharT, _Traits>::__ostream_type& std::basic_ostream<_CharT, _Traits>::operator<<(unsigned int) [with _CharT = char; _Traits = std::char_traits<char>; std::basic_ostream<_CharT, _Traits>::__ostream_type = std::basic_ostream<char>]
       operator<<(unsigned int __n)
       ^
/usr/include/c++/4.8.3/ostream:192:7: note:   no known conversion for argument 1 from ‘void’ to ‘unsigned int’
/usr/include/c++/4.8.3/ostream:201:7: note: std::basic_ostream<_CharT, _Traits>::__ostream_type& std::basic_ostream<_CharT, _Traits>::operator<<(long long int) [with _CharT = char; _Traits = std::char_traits<char>; std::basic_ostream<_CharT, _Traits>::__ostream_type = std::basic_ostream<char>]
       operator<<(long long __n)
       ^
/usr/include/c++/4.8.3/ostream:201:7: note:   no known conversion for argument 1 from ‘void’ to ‘long long int’
/usr/include/c++/4.8.3/ostream:205:7: note: std::basic_ostream<_CharT, _Traits>::__ostream_type& std::basic_ostream<_CharT, _Traits>::operator<<(long long unsigned int) [with _CharT = char; _Traits = std::char_traits<char>; std::basic_ostream<_CharT, _Traits>::__ostream_type = std::basic_ostream<char>]
       operator<<(unsigned long long __n)
       ^
/usr/include/c++/4.8.3/ostream:205:7: note:   no known conversion for argument 1 from ‘void’ to ‘long long unsigned int’
/usr/include/c++/4.8.3/ostream:220:7: note: std::basic_ostream<_CharT, _Traits>::__ostream_type& std::basic_ostream<_CharT, _Traits>::operator<<(double) [with _CharT = char; _Traits = std::char_traits<char>; std::basic_ostream<_CharT, _Traits>::__ostream_type = std::basic_ostream<char>]
       operator<<(double __f)
       ^
/usr/include/c++/4.8.3/ostream:220:7: note:   no known conversion for argument 1 from ‘void’ to ‘double’
/usr/include/c++/4.8.3/ostream:224:7: note: std::basic_ostream<_CharT, _Traits>::__ostream_type& std::basic_ostream<_CharT, _Traits>::operator<<(float) [with _CharT = char; _Traits = std::char_traits<char>; std::basic_ostream<_CharT, _Traits>::__ostream_type = std::basic_ostream<char>]
       operator<<(float __f)
       ^
/usr/include/c++/4.8.3/ostream:224:7: note:   no known conversion for argument 1 from ‘void’ to ‘float’
/usr/include/c++/4.8.3/ostream:232:7: note: std::basic_ostream<_CharT, _Traits>::__ostream_type& std::basic_ostream<_CharT, _Traits>::operator<<(long double) [with _CharT = char; _Traits = std::char_traits<char>; std::basic_ostream<_CharT, _Traits>::__ostream_type = std::basic_ostream<char>]
       operator<<(long double __f)
       ^
/usr/include/c++/4.8.3/ostream:232:7: note:   no known conversion for argument 1 from ‘void’ to ‘long double’
/usr/include/c++/4.8.3/ostream:245:7: note: std::basic_ostream<_CharT, _Traits>::__ostream_type& std::basic_ostream<_CharT, _Traits>::operator<<(const void*) [with _CharT = char; _Traits = std::char_traits<char>; std::basic_ostream<_CharT, _Traits>::__ostream_type = std::basic_ostream<char>]
       operator<<(const void* __p)
       ^
/usr/include/c++/4.8.3/ostream:245:7: note:   no known conversion for argument 1 from ‘void’ to ‘const void*’
In file included from /usr/include/c++/4.8.3/ostream:609:0,
                 from /usr/include/c++/4.8.3/iostream:39,
                 from ../dequeue.cpp:1:
/usr/include/c++/4.8.3/bits/ostream.tcc:119:5: note: std::basic_ostream<_CharT, _Traits>& std::basic_ostream<_CharT, _Traits>::operator<<(std::basic_ostream<_CharT, _Traits>::__streambuf_type*) [with _CharT = char; _Traits = std::char_traits<char>; std::basic_ostream<_CharT, _Traits>::__streambuf_type = std::basic_streambuf<char>]
     basic_ostream<_CharT, _Traits>::
     ^
/usr/include/c++/4.8.3/bits/ostream.tcc:119:5: note:   no known conversion for argument 1 from ‘void’ to ‘std::basic_ostream<char>::__streambuf_type* {aka std::basic_streambuf<char>*}’
In file included from /usr/include/c++/4.8.3/string:52:0,
                 from /usr/include/c++/4.8.3/bits/locale_classes.h:40,
                 from /usr/include/c++/4.8.3/bits/ios_base.h:41,
                 from /usr/include/c++/4.8.3/ios:42,
                 from /usr/include/c++/4.8.3/ostream:38,
                 from /usr/include/c++/4.8.3/iostream:39,
                 from ../dequeue.cpp:1:
/usr/include/c++/4.8.3/bits/basic_string.h:2753:5: note: template<class _CharT, class _Traits, class _Alloc> std::basic_ostream<_CharT, _Traits>& std::operator<<(std::basic_ostream<_CharT, _Traits>&, const std::basic_string<_CharT, _Traits, _Alloc>&)
     operator<<(basic_ostream<_CharT, _Traits>& __os,
     ^
/usr/include/c++/4.8.3/bits/basic_string.h:2753:5: note:   template argument deduction/substitution failed:
../dequeue.cpp:67:26: note:   mismatched types ‘const std::basic_string<_CharT, _Traits, _Alloc>’ and ‘void’
     cout<<dque.pop_front()<<endl;
                          ^
In file included from /usr/include/c++/4.8.3/iostream:39:0,
                 from ../dequeue.cpp:1:
/usr/include/c++/4.8.3/ostream:471:5: note: template<class _CharT, class _Traits> std::basic_ostream<_CharT, _Traits>& std::operator<<(std::basic_ostream<_CharT, _Traits>&, _CharT)
     operator<<(basic_ostream<_CharT, _Traits>& __out, _CharT __c)
     ^
/usr/include/c++/4.8.3/ostream:471:5: note:   template argument deduction/substitution failed:
../dequeue.cpp:67:26: note:   deduced conflicting types for parameter ‘_CharT’ (‘char’ and ‘void’)
     cout<<dque.pop_front()<<endl;
                          ^
In file included from /usr/include/c++/4.8.3/iostream:39:0,
                 from ../dequeue.cpp:1:
/usr/include/c++/4.8.3/ostream:476:5: note: template<class _CharT, class _Traits> std::basic_ostream<_CharT, _Traits>& std::operator<<(std::basic_ostream<_CharT, _Traits>&, char)
     operator<<(basic_ostream<_CharT, _Traits>& __out, char __c)
     ^
/usr/include/c++/4.8.3/ostream:476:5: note:   template argument deduction/substitution failed:
../dequeue.cpp:67:26: note:   cannot convert ‘dque.std::deque<_Tp, _Alloc>::pop_front<int, std::allocator<int> >()’ (type ‘void’) to type ‘char’
     cout<<dque.pop_front()<<endl;
                          ^
In file included from /usr/include/c++/4.8.3/iostream:39:0,
                 from ../dequeue.cpp:1:
/usr/include/c++/4.8.3/ostream:482:5: note: template<class _Traits> std::basic_ostream<char, _Traits>& std::operator<<(std::basic_ostream<char, _Traits>&, char)
     operator<<(basic_ostream<char, _Traits>& __out, char __c)
     ^
/usr/include/c++/4.8.3/ostream:482:5: note:   template argument deduction/substitution failed:
../dequeue.cpp:67:26: note:   cannot convert ‘dque.std::deque<_Tp, _Alloc>::pop_front<int, std::allocator<int> >()’ (type ‘void’) to type ‘char’
     cout<<dque.pop_front()<<endl;
                          ^
In file included from /usr/include/c++/4.8.3/iostream:39:0,
                 from ../dequeue.cpp:1:
/usr/include/c++/4.8.3/ostream:488:5: note: template<class _Traits> std::basic_ostream<char, _Traits>& std::operator<<(std::basic_ostream<char, _Traits>&, signed char)
     operator<<(basic_ostream<char, _Traits>& __out, signed char __c)
     ^
/usr/include/c++/4.8.3/ostream:488:5: note:   template argument deduction/substitution failed:
../dequeue.cpp:67:26: note:   cannot convert ‘dque.std::deque<_Tp, _Alloc>::pop_front<int, std::allocator<int> >()’ (type ‘void’) to type ‘signed char’
     cout<<dque.pop_front()<<endl;
                          ^
In file included from /usr/include/c++/4.8.3/iostream:39:0,
                 from ../dequeue.cpp:1:
/usr/include/c++/4.8.3/ostream:493:5: note: template<class _Traits> std::basic_ostream<char, _Traits>& std::operator<<(std::basic_ostream<char, _Traits>&, unsigned char)
     operator<<(basic_ostream<char, _Traits>& __out, unsigned char __c)
     ^
/usr/include/c++/4.8.3/ostream:493:5: note:   template argument deduction/substitution failed:
../dequeue.cpp:67:26: note:   cannot convert ‘dque.std::deque<_Tp, _Alloc>::pop_front<int, std::allocator<int> >()’ (type ‘void’) to type ‘unsigned char’
     cout<<dque.pop_front()<<endl;
                          ^
In file included from /usr/include/c++/4.8.3/iostream:39:0,
                 from ../dequeue.cpp:1:
/usr/include/c++/4.8.3/ostream:513:5: note: template<class _CharT, class _Traits> std::basic_ostream<_CharT, _Traits>& std::operator<<(std::basic_ostream<_CharT, _Traits>&, const _CharT*)
     operator<<(basic_ostream<_CharT, _Traits>& __out, const _CharT* __s)
     ^
/usr/include/c++/4.8.3/ostream:513:5: note:   template argument deduction/substitution failed:
../dequeue.cpp:67:26: note:   mismatched types ‘const _CharT*’ and ‘void’
     cout<<dque.pop_front()<<endl;
                          ^
In file included from /usr/include/c++/4.8.3/ostream:609:0,
                 from /usr/include/c++/4.8.3/iostream:39,
                 from ../dequeue.cpp:1:
/usr/include/c++/4.8.3/bits/ostream.tcc:321:5: note: template<class _CharT, class _Traits> std::basic_ostream<_CharT, _Traits>& std::operator<<(std::basic_ostream<_CharT, _Traits>&, const char*)
     operator<<(basic_ostream<_CharT, _Traits>& __out, const char* __s)
     ^
/usr/include/c++/4.8.3/bits/ostream.tcc:321:5: note:   template argument deduction/substitution failed:
../dequeue.cpp:67:26: note:   cannot convert ‘dque.std::deque<_Tp, _Alloc>::pop_front<int, std::allocator<int> >()’ (type ‘void’) to type ‘const char*’
     cout<<dque.pop_front()<<endl;
                          ^
In file included from /usr/include/c++/4.8.3/iostream:39:0,
                 from ../dequeue.cpp:1:
/usr/include/c++/4.8.3/ostream:530:5: note: template<class _Traits> std::basic_ostream<char, _Traits>& std::operator<<(std::basic_ostream<char, _Traits>&, const char*)
     operator<<(basic_ostream<char, _Traits>& __out, const char* __s)
     ^
/usr/include/c++/4.8.3/ostream:530:5: note:   template argument deduction/substitution failed:
../dequeue.cpp:67:26: note:   cannot convert ‘dque.std::deque<_Tp, _Alloc>::pop_front<int, std::allocator<int> >()’ (type ‘void’) to type ‘const char*’
     cout<<dque.pop_front()<<endl;
                          ^
In file included from /usr/include/c++/4.8.3/iostream:39:0,
                 from ../dequeue.cpp:1:
/usr/include/c++/4.8.3/ostream:543:5: note: template<class _Traits> std::basic_ostream<char, _Traits>& std::operator<<(std::basic_ostream<char, _Traits>&, const signed char*)
     operator<<(basic_ostream<char, _Traits>& __out, const signed char* __s)
     ^
/usr/include/c++/4.8.3/ostream:543:5: note:   template argument deduction/substitution failed:
../dequeue.cpp:67:26: note:   cannot convert ‘dque.std::deque<_Tp, _Alloc>::pop_front<int, std::allocator<int> >()’ (type ‘void’) to type ‘const signed char*’
     cout<<dque.pop_front()<<endl;
                          ^
In file included from /usr/include/c++/4.8.3/iostream:39:0,
                 from ../dequeue.cpp:1:
/usr/include/c++/4.8.3/ostream:548:5: note: template<class _Traits> std::basic_ostream<char, _Traits>& std::operator<<(std::basic_ostream<char, _Traits>&, const unsigned char*)
     operator<<(basic_ostream<char, _Traits>& __out, const unsigned char* __s)
     ^
/usr/include/c++/4.8.3/ostream:548:5: note:   template argument deduction/substitution failed:
../dequeue.cpp:67:26: note:   cannot convert ‘dque.std::deque<_Tp, _Alloc>::pop_front<int, std::allocator<int> >()’ (type ‘void’) to type ‘const unsigned char*’
     cout<<dque.pop_front()<<endl;
                          ^
../dequeue.cpp:70:9: error: no match for ‘operator<<’ (operand types are ‘std::ostream {aka std::basic_ostream<char>}’ and ‘void’)
     cout<<dque.pop_back()<<endl;
         ^
../dequeue.cpp:70:9: note: candidates are:
In file included from /usr/include/c++/4.8.3/iostream:39:0,
                 from ../dequeue.cpp:1:
/usr/include/c++/4.8.3/ostream:108:7: note: std::basic_ostream<_CharT, _Traits>::__ostream_type& std::basic_ostream<_CharT, _Traits>::operator<<(std::basic_ostream<_CharT, _Traits>::__ostream_type& (*)(std::basic_ostream<_CharT, _Traits>::__ostream_type&)) [with _CharT = char; _Traits = std::char_traits<char>; std::basic_ostream<_CharT, _Traits>::__ostream_type = std::basic_ostream<char>]
       operator<<(__ostream_type& (*__pf)(__ostream_type&))
       ^
/usr/include/c++/4.8.3/ostream:108:7: note:   no known conversion for argument 1 from ‘void’ to ‘std::basic_ostream<char>::__ostream_type& (*)(std::basic_ostream<char>::__ostream_type&) {aka std::basic_ostream<char>& (*)(std::basic_ostream<char>&)}’
/usr/include/c++/4.8.3/ostream:117:7: note: std::basic_ostream<_CharT, _Traits>::__ostream_type& std::basic_ostream<_CharT, _Traits>::operator<<(std::basic_ostream<_CharT, _Traits>::__ios_type& (*)(std::basic_ostream<_CharT, _Traits>::__ios_type&)) [with _CharT = char; _Traits = std::char_traits<char>; std::basic_ostream<_CharT, _Traits>::__ostream_type = std::basic_ostream<char>; std::basic_ostream<_CharT, _Traits>::__ios_type = std::basic_ios<char>]
       operator<<(__ios_type& (*__pf)(__ios_type&))
       ^
/usr/include/c++/4.8.3/ostream:117:7: note:   no known conversion for argument 1 from ‘void’ to ‘std::basic_ostream<char>::__ios_type& (*)(std::basic_ostream<char>::__ios_type&) {aka std::basic_ios<char>& (*)(std::basic_ios<char>&)}’
/usr/include/c++/4.8.3/ostream:127:7: note: std::basic_ostream<_CharT, _Traits>::__ostream_type& std::basic_ostream<_CharT, _Traits>::operator<<(std::ios_base& (*)(std::ios_base&)) [with _CharT = char; _Traits = std::char_traits<char>; std::basic_ostream<_CharT, _Traits>::__ostream_type = std::basic_ostream<char>]
       operator<<(ios_base& (*__pf) (ios_base&))
       ^
/usr/include/c++/4.8.3/ostream:127:7: note:   no known conversion for argument 1 from ‘void’ to ‘std::ios_base& (*)(std::ios_base&)’
/usr/include/c++/4.8.3/ostream:166:7: note: std::basic_ostream<_CharT, _Traits>::__ostream_type& std::basic_ostream<_CharT, _Traits>::operator<<(long int) [with _CharT = char; _Traits = std::char_traits<char>; std::basic_ostream<_CharT, _Traits>::__ostream_type = std::basic_ostream<char>]
       operator<<(long __n)
       ^
/usr/include/c++/4.8.3/ostream:166:7: note:   no known conversion for argument 1 from ‘void’ to ‘long int’
/usr/include/c++/4.8.3/ostream:170:7: note: std::basic_ostream<_CharT, _Traits>::__ostream_type& std::basic_ostream<_CharT, _Traits>::operator<<(long unsigned int) [with _CharT = char; _Traits = std::char_traits<char>; std::basic_ostream<_CharT, _Traits>::__ostream_type = std::basic_ostream<char>]
       operator<<(unsigned long __n)
       ^
/usr/include/c++/4.8.3/ostream:170:7: note:   no known conversion for argument 1 from ‘void’ to ‘long unsigned int’
/usr/include/c++/4.8.3/ostream:174:7: note: std::basic_ostream<_CharT, _Traits>::__ostream_type& std::basic_ostream<_CharT, _Traits>::operator<<(bool) [with _CharT = char; _Traits = std::char_traits<char>; std::basic_ostream<_CharT, _Traits>::__ostream_type = std::basic_ostream<char>]
       operator<<(bool __n)
       ^
/usr/include/c++/4.8.3/ostream:174:7: note:   no known conversion for argument 1 from ‘void’ to ‘bool’
In file included from /usr/include/c++/4.8.3/ostream:609:0,
                 from /usr/include/c++/4.8.3/iostream:39,
                 from ../dequeue.cpp:1:
/usr/include/c++/4.8.3/bits/ostream.tcc:91:5: note: std::basic_ostream<_CharT, _Traits>& std::basic_ostream<_CharT, _Traits>::operator<<(short int) [with _CharT = char; _Traits = std::char_traits<char>]
     basic_ostream<_CharT, _Traits>::
     ^
/usr/include/c++/4.8.3/bits/ostream.tcc:91:5: note:   no known conversion for argument 1 from ‘void’ to ‘short int’
In file included from /usr/include/c++/4.8.3/iostream:39:0,
                 from ../dequeue.cpp:1:
/usr/include/c++/4.8.3/ostream:181:7: note: std::basic_ostream<_CharT, _Traits>::__ostream_type& std::basic_ostream<_CharT, _Traits>::operator<<(short unsigned int) [with _CharT = char; _Traits = std::char_traits<char>; std::basic_ostream<_CharT, _Traits>::__ostream_type = std::basic_ostream<char>]
       operator<<(unsigned short __n)
       ^
/usr/include/c++/4.8.3/ostream:181:7: note:   no known conversion for argument 1 from ‘void’ to ‘short unsigned int’
In file included from /usr/include/c++/4.8.3/ostream:609:0,
                 from /usr/include/c++/4.8.3/iostream:39,
                 from ../dequeue.cpp:1:
/usr/include/c++/4.8.3/bits/ostream.tcc:105:5: note: std::basic_ostream<_CharT, _Traits>& std::basic_ostream<_CharT, _Traits>::operator<<(int) [with _CharT = char; _Traits = std::char_traits<char>]
     basic_ostream<_CharT, _Traits>::
     ^
/usr/include/c++/4.8.3/bits/ostream.tcc:105:5: note:   no known conversion for argument 1 from ‘void’ to ‘int’
In file included from /usr/include/c++/4.8.3/iostream:39:0,
                 from ../dequeue.cpp:1:
/usr/include/c++/4.8.3/ostream:192:7: note: std::basic_ostream<_CharT, _Traits>::__ostream_type& std::basic_ostream<_CharT, _Traits>::operator<<(unsigned int) [with _CharT = char; _Traits = std::char_traits<char>; std::basic_ostream<_CharT, _Traits>::__ostream_type = std::basic_ostream<char>]
       operator<<(unsigned int __n)
       ^
/usr/include/c++/4.8.3/ostream:192:7: note:   no known conversion for argument 1 from ‘void’ to ‘unsigned int’
/usr/include/c++/4.8.3/ostream:201:7: note: std::basic_ostream<_CharT, _Traits>::__ostream_type& std::basic_ostream<_CharT, _Traits>::operator<<(long long int) [with _CharT = char; _Traits = std::char_traits<char>; std::basic_ostream<_CharT, _Traits>::__ostream_type = std::basic_ostream<char>]
       operator<<(long long __n)
       ^
/usr/include/c++/4.8.3/ostream:201:7: note:   no known conversion for argument 1 from ‘void’ to ‘long long int’
/usr/include/c++/4.8.3/ostream:205:7: note: std::basic_ostream<_CharT, _Traits>::__ostream_type& std::basic_ostream<_CharT, _Traits>::operator<<(long long unsigned int) [with _CharT = char; _Traits = std::char_traits<char>; std::basic_ostream<_CharT, _Traits>::__ostream_type = std::basic_ostream<char>]
       operator<<(unsigned long long __n)
       ^
/usr/include/c++/4.8.3/ostream:205:7: note:   no known conversion for argument 1 from ‘void’ to ‘long long unsigned int’
/usr/include/c++/4.8.3/ostream:220:7: note: std::basic_ostream<_CharT, _Traits>::__ostream_type& std::basic_ostream<_CharT, _Traits>::operator<<(double) [with _CharT = char; _Traits = std::char_traits<char>; std::basic_ostream<_CharT, _Traits>::__ostream_type = std::basic_ostream<char>]
       operator<<(double __f)
       ^
/usr/include/c++/4.8.3/ostream:220:7: note:   no known conversion for argument 1 from ‘void’ to ‘double’
/usr/include/c++/4.8.3/ostream:224:7: note: std::basic_ostream<_CharT, _Traits>::__ostream_type& std::basic_ostream<_CharT, _Traits>::operator<<(float) [with _CharT = char; _Traits = std::char_traits<char>; std::basic_ostream<_CharT, _Traits>::__ostream_type = std::basic_ostream<char>]
       operator<<(float __f)
       ^
/usr/include/c++/4.8.3/ostream:224:7: note:   no known conversion for argument 1 from ‘void’ to ‘float’
/usr/include/c++/4.8.3/ostream:232:7: note: std::basic_ostream<_CharT, _Traits>::__ostream_type& std::basic_ostream<_CharT, _Traits>::operator<<(long double) [with _CharT = char; _Traits = std::char_traits<char>; std::basic_ostream<_CharT, _Traits>::__ostream_type = std::basic_ostream<char>]
       operator<<(long double __f)
       ^
/usr/include/c++/4.8.3/ostream:232:7: note:   no known conversion for argument 1 from ‘void’ to ‘long double’
/usr/include/c++/4.8.3/ostream:245:7: note: std::basic_ostream<_CharT, _Traits>::__ostream_type& std::basic_ostream<_CharT, _Traits>::operator<<(const void*) [with _CharT = char; _Traits = std::char_traits<char>; std::basic_ostream<_CharT, _Traits>::__ostream_type = std::basic_ostream<char>]
       operator<<(const void* __p)
       ^
/usr/include/c++/4.8.3/ostream:245:7: note:   no known conversion for argument 1 from ‘void’ to ‘const void*’
In file included from /usr/include/c++/4.8.3/ostream:609:0,
                 from /usr/include/c++/4.8.3/iostream:39,
                 from ../dequeue.cpp:1:
/usr/include/c++/4.8.3/bits/ostream.tcc:119:5: note: std::basic_ostream<_CharT, _Traits>& std::basic_ostream<_CharT, _Traits>::operator<<(std::basic_ostream<_CharT, _Traits>::__streambuf_type*) [with _CharT = char; _Traits = std::char_traits<char>; std::basic_ostream<_CharT, _Traits>::__streambuf_type = std::basic_streambuf<char>]
     basic_ostream<_CharT, _Traits>::
     ^
/usr/include/c++/4.8.3/bits/ostream.tcc:119:5: note:   no known conversion for argument 1 from ‘void’ to ‘std::basic_ostream<char>::__streambuf_type* {aka std::basic_streambuf<char>*}’
In file included from /usr/include/c++/4.8.3/string:52:0,
                 from /usr/include/c++/4.8.3/bits/locale_classes.h:40,
                 from /usr/include/c++/4.8.3/bits/ios_base.h:41,
                 from /usr/include/c++/4.8.3/ios:42,
                 from /usr/include/c++/4.8.3/ostream:38,
                 from /usr/include/c++/4.8.3/iostream:39,
                 from ../dequeue.cpp:1:
/usr/include/c++/4.8.3/bits/basic_string.h:2753:5: note: template<class _CharT, class _Traits, class _Alloc> std::basic_ostream<_CharT, _Traits>& std::operator<<(std::basic_ostream<_CharT, _Traits>&, const std::basic_string<_CharT, _Traits, _Alloc>&)
     operator<<(basic_ostream<_CharT, _Traits>& __os,
     ^
/usr/include/c++/4.8.3/bits/basic_string.h:2753:5: note:   template argument deduction/substitution failed:
../dequeue.cpp:70:25: note:   mismatched types ‘const std::basic_string<_CharT, _Traits, _Alloc>’ and ‘void’
     cout<<dque.pop_back()<<endl;
                         ^
In file included from /usr/include/c++/4.8.3/iostream:39:0,
                 from ../dequeue.cpp:1:
/usr/include/c++/4.8.3/ostream:471:5: note: template<class _CharT, class _Traits> std::basic_ostream<_CharT, _Traits>& std::operator<<(std::basic_ostream<_CharT, _Traits>&, _CharT)
     operator<<(basic_ostream<_CharT, _Traits>& __out, _CharT __c)
     ^
/usr/include/c++/4.8.3/ostream:471:5: note:   template argument deduction/substitution failed:
../dequeue.cpp:70:25: note:   deduced conflicting types for parameter ‘_CharT’ (‘char’ and ‘void’)
     cout<<dque.pop_back()<<endl;
                         ^
In file included from /usr/include/c++/4.8.3/iostream:39:0,
                 from ../dequeue.cpp:1:
/usr/include/c++/4.8.3/ostream:476:5: note: template<class _CharT, class _Traits> std::basic_ostream<_CharT, _Traits>& std::operator<<(std::basic_ostream<_CharT, _Traits>&, char)
     operator<<(basic_ostream<_CharT, _Traits>& __out, char __c)
     ^
/usr/include/c++/4.8.3/ostream:476:5: note:   template argument deduction/substitution failed:
../dequeue.cpp:70:25: note:   cannot convert ‘dque.std::deque<_Tp, _Alloc>::pop_back<int, std::allocator<int> >()’ (type ‘void’) to type ‘char’
     cout<<dque.pop_back()<<endl;
                         ^
In file included from /usr/include/c++/4.8.3/iostream:39:0,
                 from ../dequeue.cpp:1:
/usr/include/c++/4.8.3/ostream:482:5: note: template<class _Traits> std::basic_ostream<char, _Traits>& std::operator<<(std::basic_ostream<char, _Traits>&, char)
     operator<<(basic_ostream<char, _Traits>& __out, char __c)
     ^
/usr/include/c++/4.8.3/ostream:482:5: note:   template argument deduction/substitution failed:
../dequeue.cpp:70:25: note:   cannot convert ‘dque.std::deque<_Tp, _Alloc>::pop_back<int, std::allocator<int> >()’ (type ‘void’) to type ‘char’
     cout<<dque.pop_back()<<endl;
                         ^
In file included from /usr/include/c++/4.8.3/iostream:39:0,
                 from ../dequeue.cpp:1:
/usr/include/c++/4.8.3/ostream:488:5: note: template<class _Traits> std::basic_ostream<char, _Traits>& std::operator<<(std::basic_ostream<char, _Traits>&, signed char)
     operator<<(basic_ostream<char, _Traits>& __out, signed char __c)
     ^
/usr/include/c++/4.8.3/ostream:488:5: note:   template argument deduction/substitution failed:
../dequeue.cpp:70:25: note:   cannot convert ‘dque.std::deque<_Tp, _Alloc>::pop_back<int, std::allocator<int> >()’ (type ‘void’) to type ‘signed char’
     cout<<dque.pop_back()<<endl;
                         ^
In file included from /usr/include/c++/4.8.3/iostream:39:0,
                 from ../dequeue.cpp:1:
/usr/include/c++/4.8.3/ostream:493:5: note: template<class _Traits> std::basic_ostream<char, _Traits>& std::operator<<(std::basic_ostream<char, _Traits>&, unsigned char)
     operator<<(basic_ostream<char, _Traits>& __out, unsigned char __c)
     ^
/usr/include/c++/4.8.3/ostream:493:5: note:   template argument deduction/substitution failed:
../dequeue.cpp:70:25: note:   cannot convert ‘dque.std::deque<_Tp, _Alloc>::pop_back<int, std::allocator<int> >()’ (type ‘void’) to type ‘unsigned char’
     cout<<dque.pop_back()<<endl;
                         ^
In file included from /usr/include/c++/4.8.3/iostream:39:0,
                 from ../dequeue.cpp:1:
/usr/include/c++/4.8.3/ostream:513:5: note: template<class _CharT, class _Traits> std::basic_ostream<_CharT, _Traits>& std::operator<<(std::basic_ostream<_CharT, _Traits>&, const _CharT*)
     operator<<(basic_ostream<_CharT, _Traits>& __out, const _CharT* __s)
     ^
/usr/include/c++/4.8.3/ostream:513:5: note:   template argument deduction/substitution failed:
../dequeue.cpp:70:25: note:   mismatched types ‘const _CharT*’ and ‘void’
     cout<<dque.pop_back()<<endl;
                         ^
In file included from /usr/include/c++/4.8.3/ostream:609:0,
                 from /usr/include/c++/4.8.3/iostream:39,
                 from ../dequeue.cpp:1:
/usr/include/c++/4.8.3/bits/ostream.tcc:321:5: note: template<class _CharT, class _Traits> std::basic_ostream<_CharT, _Traits>& std::operator<<(std::basic_ostream<_CharT, _Traits>&, const char*)
     operator<<(basic_ostream<_CharT, _Traits>& __out, const char* __s)
     ^
/usr/include/c++/4.8.3/bits/ostream.tcc:321:5: note:   template argument deduction/substitution failed:
../dequeue.cpp:70:25: note:   cannot convert ‘dque.std::deque<_Tp, _Alloc>::pop_back<int, std::allocator<int> >()’ (type ‘void’) to type ‘const char*’
     cout<<dque.pop_back()<<endl;
                         ^
In file included from /usr/include/c++/4.8.3/iostream:39:0,
                 from ../dequeue.cpp:1:
/usr/include/c++/4.8.3/ostream:530:5: note: template<class _Traits> std::basic_ostream<char, _Traits>& std::operator<<(std::basic_ostream<char, _Traits>&, const char*)
     operator<<(basic_ostream<char, _Traits>& __out, const char* __s)
     ^
/usr/include/c++/4.8.3/ostream:530:5: note:   template argument deduction/substitution failed:
../dequeue.cpp:70:25: note:   cannot convert ‘dque.std::deque<_Tp, _Alloc>::pop_back<int, std::allocator<int> >()’ (type ‘void’) to type ‘const char*’
     cout<<dque.pop_back()<<endl;
                         ^
In file included from /usr/include/c++/4.8.3/iostream:39:0,
                 from ../dequeue.cpp:1:
/usr/include/c++/4.8.3/ostream:543:5: note: template<class _Traits> std::basic_ostream<char, _Traits>& std::operator<<(std::basic_ostream<char, _Traits>&, const signed char*)
     operator<<(basic_ostream<char, _Traits>& __out, const signed char* __s)
     ^
/usr/include/c++/4.8.3/ostream:543:5: note:   template argument deduction/substitution failed:
../dequeue.cpp:70:25: note:   cannot convert ‘dque.std::deque<_Tp, _Alloc>::pop_back<int, std::allocator<int> >()’ (type ‘void’) to type ‘const signed char*’
     cout<<dque.pop_back()<<endl;
                         ^
In file included from /usr/include/c++/4.8.3/iostream:39:0,
                 from ../dequeue.cpp:1:
/usr/include/c++/4.8.3/ostream:548:5: note: template<class _Traits> std::basic_ostream<char, _Traits>& std::operator<<(std::basic_ostream<char, _Traits>&, const unsigned char*)
     operator<<(basic_ostream<char, _Traits>& __out, const unsigned char* __s)
     ^
/usr/include/c++/4.8.3/ostream:548:5: note:   template argument deduction/substitution failed:
../dequeue.cpp:70:25: note:   cannot convert ‘dque.std::deque<_Tp, _Alloc>::pop_back<int, std::allocator<int> >()’ (type ‘void’) to type ‘const unsigned char*’
     cout<<dque.pop_back()<<endl;
                         ^
make: *** [dequeue.o] Error 1
15:57:09 **** Incremental Build of configuration Debug for project ExceptionHandling ****
make all 
make: Nothing to be done for `all'.
15:57:09 **** Incremental Build of configuration Debug for project Quadratic ****
make all 
make: Nothing to be done for `all'.
15:57:09 **** Incremental Build of configuration Debug for project calc ****
make all 
make: Nothing to be done for `all'.
15:57:10 **** Incremental Build of configuration Debug for project calcadv ****
make all 
make: Nothing to be done for `all'.
15:57:10 **** Incremental Build of configuration Debug for project complex ****
make all 
make: Nothing to be done for `all'.
15:57:10 **** Incremental Build of configuration Debug for project employee ****
make all 
make: Nothing to be done for `all'.
15:57:10 **** Incremental Build of configuration Debug for project stack&queue ****
make all 
make: Nothing to be done for `all'.
15:57:10 **** Incremental Build of configuration Debug for project student ****
make all 
make: Nothing to be done for `all'.
15:57:11 **** Incremental Build of configuration Debug for project Dequeue ****
make all 
Building file: ../dequeue.cpp
Invoking: GCC C++ Compiler
g++ -O0 -g3 -Wall -c -fmessage-length=0 -MMD -MP -MF"dequeue.d" -MT"dequeue.d" -o "dequeue.o" "../dequeue.cpp"
../dequeue.cpp: In function ‘int main()’:
../dequeue.cpp:67:9: error: no match for ‘operator<<’ (operand types are ‘std::ostream {aka std::basic_ostream<char>}’ and ‘void’)
     cout<<dque.pop_front()<<endl;
         ^
../dequeue.cpp:67:9: note: candidates are:
In file included from /usr/include/c++/4.8.3/iostream:39:0,
                 from ../dequeue.cpp:1:
/usr/include/c++/4.8.3/ostream:108:7: note: std::basic_ostream<_CharT, _Traits>::__ostream_type& std::basic_ostream<_CharT, _Traits>::operator<<(std::basic_ostream<_CharT, _Traits>::__ostream_type& (*)(std::basic_ostream<_CharT, _Traits>::__ostream_type&)) [with _CharT = char; _Traits = std::char_traits<char>; std::basic_ostream<_CharT, _Traits>::__ostream_type = std::basic_ostream<char>]
       operator<<(__ostream_type& (*__pf)(__ostream_type&))
       ^
/usr/include/c++/4.8.3/ostream:108:7: note:   no known conversion for argument 1 from ‘void’ to ‘std::basic_ostream<char>::__ostream_type& (*)(std::basic_ostream<char>::__ostream_type&) {aka std::basic_ostream<char>& (*)(std::basic_ostream<char>&)}’
/usr/include/c++/4.8.3/ostream:117:7: note: std::basic_ostream<_CharT, _Traits>::__ostream_type& std::basic_ostream<_CharT, _Traits>::operator<<(std::basic_ostream<_CharT, _Traits>::__ios_type& (*)(std::basic_ostream<_CharT, _Traits>::__ios_type&)) [with _CharT = char; _Traits = std::char_traits<char>; std::basic_ostream<_CharT, _Traits>::__ostream_type = std::basic_ostream<char>; std::basic_ostream<_CharT, _Traits>::__ios_type = std::basic_ios<char>]
       operator<<(__ios_type& (*__pf)(__ios_type&))
       ^
/usr/include/c++/4.8.3/ostream:117:7: note:   no known conversion for argument 1 from ‘void’ to ‘std::basic_ostream<char>::__ios_type& (*)(std::basic_ostream<char>::__ios_type&) {aka std::basic_ios<char>& (*)(std::basic_ios<char>&)}’
/usr/include/c++/4.8.3/ostream:127:7: note: std::basic_ostream<_CharT, _Traits>::__ostream_type& std::basic_ostream<_CharT, _Traits>::operator<<(std::ios_base& (*)(std::ios_base&)) [with _CharT = char; _Traits = std::char_traits<char>; std::basic_ostream<_CharT, _Traits>::__ostream_type = std::basic_ostream<char>]
       operator<<(ios_base& (*__pf) (ios_base&))
       ^
/usr/include/c++/4.8.3/ostream:127:7: note:   no known conversion for argument 1 from ‘void’ to ‘std::ios_base& (*)(std::ios_base&)’
/usr/include/c++/4.8.3/ostream:166:7: note: std::basic_ostream<_CharT, _Traits>::__ostream_type& std::basic_ostream<_CharT, _Traits>::operator<<(long int) [with _CharT = char; _Traits = std::char_traits<char>; std::basic_ostream<_CharT, _Traits>::__ostream_type = std::basic_ostream<char>]
       operator<<(long __n)
       ^
/usr/include/c++/4.8.3/ostream:166:7: note:   no known conversion for argument 1 from ‘void’ to ‘long int’
/usr/include/c++/4.8.3/ostream:170:7: note: std::basic_ostream<_CharT, _Traits>::__ostream_type& std::basic_ostream<_CharT, _Traits>::operator<<(long unsigned int) [with _CharT = char; _Traits = std::char_traits<char>; std::basic_ostream<_CharT, _Traits>::__ostream_type = std::basic_ostream<char>]
       operator<<(unsigned long __n)
       ^
/usr/include/c++/4.8.3/ostream:170:7: note:   no known conversion for argument 1 from ‘void’ to ‘long unsigned int’
/usr/include/c++/4.8.3/ostream:174:7: note: std::basic_ostream<_CharT, _Traits>::__ostream_type& std::basic_ostream<_CharT, _Traits>::operator<<(bool) [with _CharT = char; _Traits = std::char_traits<char>; std::basic_ostream<_CharT, _Traits>::__ostream_type = std::basic_ostream<char>]
       operator<<(bool __n)
       ^
/usr/include/c++/4.8.3/ostream:174:7: note:   no known conversion for argument 1 from ‘void’ to ‘bool’
In file included from /usr/include/c++/4.8.3/ostream:609:0,
                 from /usr/include/c++/4.8.3/iostream:39,
                 from ../dequeue.cpp:1:
/usr/include/c++/4.8.3/bits/ostream.tcc:91:5: note: std::basic_ostream<_CharT, _Traits>& std::basic_ostream<_CharT, _Traits>::operator<<(short int) [with _CharT = char; _Traits = std::char_traits<char>]
     basic_ostream<_CharT, _Traits>::
     ^
/usr/include/c++/4.8.3/bits/ostream.tcc:91:5: note:   no known conversion for argument 1 from ‘void’ to ‘short int’
In file included from /usr/include/c++/4.8.3/iostream:39:0,
                 from ../dequeue.cpp:1:
/usr/include/c++/4.8.3/ostream:181:7: note: std::basic_ostream<_CharT, _Traits>::__ostream_type& std::basic_ostream<_CharT, _Traits>::operator<<(short unsigned int) [with _CharT = char; _Traits = std::char_traits<char>; std::basic_ostream<_CharT, _Traits>::__ostream_type = std::basic_ostream<char>]
       operator<<(unsigned short __n)
       ^
/usr/include/c++/4.8.3/ostream:181:7: note:   no known conversion for argument 1 from ‘void’ to ‘short unsigned int’
In file included from /usr/include/c++/4.8.3/ostream:609:0,
                 from /usr/include/c++/4.8.3/iostream:39,
                 from ../dequeue.cpp:1:
/usr/include/c++/4.8.3/bits/ostream.tcc:105:5: note: std::basic_ostream<_CharT, _Traits>& std::basic_ostream<_CharT, _Traits>::operator<<(int) [with _CharT = char; _Traits = std::char_traits<char>]
     basic_ostream<_CharT, _Traits>::
     ^
/usr/include/c++/4.8.3/bits/ostream.tcc:105:5: note:   no known conversion for argument 1 from ‘void’ to ‘int’
In file included from /usr/include/c++/4.8.3/iostream:39:0,
                 from ../dequeue.cpp:1:
/usr/include/c++/4.8.3/ostream:192:7: note: std::basic_ostream<_CharT, _Traits>::__ostream_type& std::basic_ostream<_CharT, _Traits>::operator<<(unsigned int) [with _CharT = char; _Traits = std::char_traits<char>; std::basic_ostream<_CharT, _Traits>::__ostream_type = std::basic_ostream<char>]
       operator<<(unsigned int __n)
       ^
/usr/include/c++/4.8.3/ostream:192:7: note:   no known conversion for argument 1 from ‘void’ to ‘unsigned int’
/usr/include/c++/4.8.3/ostream:201:7: note: std::basic_ostream<_CharT, _Traits>::__ostream_type& std::basic_ostream<_CharT, _Traits>::operator<<(long long int) [with _CharT = char; _Traits = std::char_traits<char>; std::basic_ostream<_CharT, _Traits>::__ostream_type = std::basic_ostream<char>]
       operator<<(long long __n)
       ^
/usr/include/c++/4.8.3/ostream:201:7: note:   no known conversion for argument 1 from ‘void’ to ‘long long int’
/usr/include/c++/4.8.3/ostream:205:7: note: std::basic_ostream<_CharT, _Traits>::__ostream_type& std::basic_ostream<_CharT, _Traits>::operator<<(long long unsigned int) [with _CharT = char; _Traits = std::char_traits<char>; std::basic_ostream<_CharT, _Traits>::__ostream_type = std::basic_ostream<char>]
       operator<<(unsigned long long __n)
       ^
/usr/include/c++/4.8.3/ostream:205:7: note:   no known conversion for argument 1 from ‘void’ to ‘long long unsigned int’
/usr/include/c++/4.8.3/ostream:220:7: note: std::basic_ostream<_CharT, _Traits>::__ostream_type& std::basic_ostream<_CharT, _Traits>::operator<<(double) [with _CharT = char; _Traits = std::char_traits<char>; std::basic_ostream<_CharT, _Traits>::__ostream_type = std::basic_ostream<char>]
       operator<<(double __f)
       ^
/usr/include/c++/4.8.3/ostream:220:7: note:   no known conversion for argument 1 from ‘void’ to ‘double’
/usr/include/c++/4.8.3/ostream:224:7: note: std::basic_ostream<_CharT, _Traits>::__ostream_type& std::basic_ostream<_CharT, _Traits>::operator<<(float) [with _CharT = char; _Traits = std::char_traits<char>; std::basic_ostream<_CharT, _Traits>::__ostream_type = std::basic_ostream<char>]
       operator<<(float __f)
       ^
/usr/include/c++/4.8.3/ostream:224:7: note:   no known conversion for argument 1 from ‘void’ to ‘float’
/usr/include/c++/4.8.3/ostream:232:7: note: std::basic_ostream<_CharT, _Traits>::__ostream_type& std::basic_ostream<_CharT, _Traits>::operator<<(long double) [with _CharT = char; _Traits = std::char_traits<char>; std::basic_ostream<_CharT, _Traits>::__ostream_type = std::basic_ostream<char>]
       operator<<(long double __f)
       ^
/usr/include/c++/4.8.3/ostream:232:7: note:   no known conversion for argument 1 from ‘void’ to ‘long double’
/usr/include/c++/4.8.3/ostream:245:7: note: std::basic_ostream<_CharT, _Traits>::__ostream_type& std::basic_ostream<_CharT, _Traits>::operator<<(const void*) [with _CharT = char; _Traits = std::char_traits<char>; std::basic_ostream<_CharT, _Traits>::__ostream_type = std::basic_ostream<char>]
       operator<<(const void* __p)
       ^
/usr/include/c++/4.8.3/ostream:245:7: note:   no known conversion for argument 1 from ‘void’ to ‘const void*’
In file included from /usr/include/c++/4.8.3/ostream:609:0,
                 from /usr/include/c++/4.8.3/iostream:39,
                 from ../dequeue.cpp:1:
/usr/include/c++/4.8.3/bits/ostream.tcc:119:5: note: std::basic_ostream<_CharT, _Traits>& std::basic_ostream<_CharT, _Traits>::operator<<(std::basic_ostream<_CharT, _Traits>::__streambuf_type*) [with _CharT = char; _Traits = std::char_traits<char>; std::basic_ostream<_CharT, _Traits>::__streambuf_type = std::basic_streambuf<char>]
     basic_ostream<_CharT, _Traits>::
     ^
/usr/include/c++/4.8.3/bits/ostream.tcc:119:5: note:   no known conversion for argument 1 from ‘void’ to ‘std::basic_ostream<char>::__streambuf_type* {aka std::basic_streambuf<char>*}’
In file included from /usr/include/c++/4.8.3/string:52:0,
                 from /usr/include/c++/4.8.3/bits/locale_classes.h:40,
                 from /usr/include/c++/4.8.3/bits/ios_base.h:41,
                 from /usr/include/c++/4.8.3/ios:42,
                 from /usr/include/c++/4.8.3/ostream:38,
                 from /usr/include/c++/4.8.3/iostream:39,
                 from ../dequeue.cpp:1:
/usr/include/c++/4.8.3/bits/basic_string.h:2753:5: note: template<class _CharT, class _Traits, class _Alloc> std::basic_ostream<_CharT, _Traits>& std::operator<<(std::basic_ostream<_CharT, _Traits>&, const std::basic_string<_CharT, _Traits, _Alloc>&)
     operator<<(basic_ostream<_CharT, _Traits>& __os,
     ^
/usr/include/c++/4.8.3/bits/basic_string.h:2753:5: note:   template argument deduction/substitution failed:
../dequeue.cpp:67:26: note:   mismatched types ‘const std::basic_string<_CharT, _Traits, _Alloc>’ and ‘void’
     cout<<dque.pop_front()<<endl;
                          ^
In file included from /usr/include/c++/4.8.3/iostream:39:0,
                 from ../dequeue.cpp:1:
/usr/include/c++/4.8.3/ostream:471:5: note: template<class _CharT, class _Traits> std::basic_ostream<_CharT, _Traits>& std::operator<<(std::basic_ostream<_CharT, _Traits>&, _CharT)
     operator<<(basic_ostream<_CharT, _Traits>& __out, _CharT __c)
     ^
/usr/include/c++/4.8.3/ostream:471:5: note:   template argument deduction/substitution failed:
../dequeue.cpp:67:26: note:   deduced conflicting types for parameter ‘_CharT’ (‘char’ and ‘void’)
     cout<<dque.pop_front()<<endl;
                          ^
In file included from /usr/include/c++/4.8.3/iostream:39:0,
                 from ../dequeue.cpp:1:
/usr/include/c++/4.8.3/ostream:476:5: note: template<class _CharT, class _Traits> std::basic_ostream<_CharT, _Traits>& std::operator<<(std::basic_ostream<_CharT, _Traits>&, char)
     operator<<(basic_ostream<_CharT, _Traits>& __out, char __c)
     ^
/usr/include/c++/4.8.3/ostream:476:5: note:   template argument deduction/substitution failed:
../dequeue.cpp:67:26: note:   cannot convert ‘dque.std::deque<_Tp, _Alloc>::pop_front<int, std::allocator<int> >()’ (type ‘void’) to type ‘char’
     cout<<dque.pop_front()<<endl;
                          ^
In file included from /usr/include/c++/4.8.3/iostream:39:0,
                 from ../dequeue.cpp:1:
/usr/include/c++/4.8.3/ostream:482:5: note: template<class _Traits> std::basic_ostream<char, _Traits>& std::operator<<(std::basic_ostream<char, _Traits>&, char)
     operator<<(basic_ostream<char, _Traits>& __out, char __c)
     ^
/usr/include/c++/4.8.3/ostream:482:5: note:   template argument deduction/substitution failed:
../dequeue.cpp:67:26: note:   cannot convert ‘dque.std::deque<_Tp, _Alloc>::pop_front<int, std::allocator<int> >()’ (type ‘void’) to type ‘char’
     cout<<dque.pop_front()<<endl;
                          ^
In file included from /usr/include/c++/4.8.3/iostream:39:0,
                 from ../dequeue.cpp:1:
/usr/include/c++/4.8.3/ostream:488:5: note: template<class _Traits> std::basic_ostream<char, _Traits>& std::operator<<(std::basic_ostream<char, _Traits>&, signed char)
     operator<<(basic_ostream<char, _Traits>& __out, signed char __c)
     ^
/usr/include/c++/4.8.3/ostream:488:5: note:   template argument deduction/substitution failed:
../dequeue.cpp:67:26: note:   cannot convert ‘dque.std::deque<_Tp, _Alloc>::pop_front<int, std::allocator<int> >()’ (type ‘void’) to type ‘signed char’
     cout<<dque.pop_front()<<endl;
                          ^
In file included from /usr/include/c++/4.8.3/iostream:39:0,
                 from ../dequeue.cpp:1:
/usr/include/c++/4.8.3/ostream:493:5: note: template<class _Traits> std::basic_ostream<char, _Traits>& std::operator<<(std::basic_ostream<char, _Traits>&, unsigned char)
     operator<<(basic_ostream<char, _Traits>& __out, unsigned char __c)
     ^
/usr/include/c++/4.8.3/ostream:493:5: note:   template argument deduction/substitution failed:
../dequeue.cpp:67:26: note:   cannot convert ‘dque.std::deque<_Tp, _Alloc>::pop_front<int, std::allocator<int> >()’ (type ‘void’) to type ‘unsigned char’
     cout<<dque.pop_front()<<endl;
                          ^
In file included from /usr/include/c++/4.8.3/iostream:39:0,
                 from ../dequeue.cpp:1:
/usr/include/c++/4.8.3/ostream:513:5: note: template<class _CharT, class _Traits> std::basic_ostream<_CharT, _Traits>& std::operator<<(std::basic_ostream<_CharT, _Traits>&, const _CharT*)
     operator<<(basic_ostream<_CharT, _Traits>& __out, const _CharT* __s)
     ^
/usr/include/c++/4.8.3/ostream:513:5: note:   template argument deduction/substitution failed:
../dequeue.cpp:67:26: note:   mismatched types ‘const _CharT*’ and ‘void’
     cout<<dque.pop_front()<<endl;
                          ^
In file included from /usr/include/c++/4.8.3/ostream:609:0,
                 from /usr/include/c++/4.8.3/iostream:39,
                 from ../dequeue.cpp:1:
/usr/include/c++/4.8.3/bits/ostream.tcc:321:5: note: template<class _CharT, class _Traits> std::basic_ostream<_CharT, _Traits>& std::operator<<(std::basic_ostream<_CharT, _Traits>&, const char*)
     operator<<(basic_ostream<_CharT, _Traits>& __out, const char* __s)
     ^
/usr/include/c++/4.8.3/bits/ostream.tcc:321:5: note:   template argument deduction/substitution failed:
../dequeue.cpp:67:26: note:   cannot convert ‘dque.std::deque<_Tp, _Alloc>::pop_front<int, std::allocator<int> >()’ (type ‘void’) to type ‘const char*’
     cout<<dque.pop_front()<<endl;
                          ^
In file included from /usr/include/c++/4.8.3/iostream:39:0,
                 from ../dequeue.cpp:1:
/usr/include/c++/4.8.3/ostream:530:5: note: template<class _Traits> std::basic_ostream<char, _Traits>& std::operator<<(std::basic_ostream<char, _Traits>&, const char*)
     operator<<(basic_ostream<char, _Traits>& __out, const char* __s)
     ^
/usr/include/c++/4.8.3/ostream:530:5: note:   template argument deduction/substitution failed:
../dequeue.cpp:67:26: note:   cannot convert ‘dque.std::deque<_Tp, _Alloc>::pop_front<int, std::allocator<int> >()’ (type ‘void’) to type ‘const char*’
     cout<<dque.pop_front()<<endl;
                          ^
In file included from /usr/include/c++/4.8.3/iostream:39:0,
                 from ../dequeue.cpp:1:
/usr/include/c++/4.8.3/ostream:543:5: note: template<class _Traits> std::basic_ostream<char, _Traits>& std::operator<<(std::basic_ostream<char, _Traits>&, const signed char*)
     operator<<(basic_ostream<char, _Traits>& __out, const signed char* __s)
     ^
/usr/include/c++/4.8.3/ostream:543:5: note:   template argument deduction/substitution failed:
../dequeue.cpp:67:26: note:   cannot convert ‘dque.std::deque<_Tp, _Alloc>::pop_front<int, std::allocator<int> >()’ (type ‘void’) to type ‘const signed char*’
     cout<<dque.pop_front()<<endl;
                          ^
In file included from /usr/include/c++/4.8.3/iostream:39:0,
                 from ../dequeue.cpp:1:
/usr/include/c++/4.8.3/ostream:548:5: note: template<class _Traits> std::basic_ostream<char, _Traits>& std::operator<<(std::basic_ostream<char, _Traits>&, const unsigned char*)
     operator<<(basic_ostream<char, _Traits>& __out, const unsigned char* __s)
     ^
/usr/include/c++/4.8.3/ostream:548:5: note:   template argument deduction/substitution failed:
../dequeue.cpp:67:26: note:   cannot convert ‘dque.std::deque<_Tp, _Alloc>::pop_front<int, std::allocator<int> >()’ (type ‘void’) to type ‘const unsigned char*’
     cout<<dque.pop_front()<<endl;
                          ^
../dequeue.cpp:70:9: error: no match for ‘operator<<’ (operand types are ‘std::ostream {aka std::basic_ostream<char>}’ and ‘void’)
     cout<<dque.pop_back()<<endl;
         ^
../dequeue.cpp:70:9: note: candidates are:
In file included from /usr/include/c++/4.8.3/iostream:39:0,
                 from ../dequeue.cpp:1:
/usr/include/c++/4.8.3/ostream:108:7: note: std::basic_ostream<_CharT, _Traits>::__ostream_type& std::basic_ostream<_CharT, _Traits>::operator<<(std::basic_ostream<_CharT, _Traits>::__ostream_type& (*)(std::basic_ostream<_CharT, _Traits>::__ostream_type&)) [with _CharT = char; _Traits = std::char_traits<char>; std::basic_ostream<_CharT, _Traits>::__ostream_type = std::basic_ostream<char>]
       operator<<(__ostream_type& (*__pf)(__ostream_type&))
       ^
/usr/include/c++/4.8.3/ostream:108:7: note:   no known conversion for argument 1 from ‘void’ to ‘std::basic_ostream<char>::__ostream_type& (*)(std::basic_ostream<char>::__ostream_type&) {aka std::basic_ostream<char>& (*)(std::basic_ostream<char>&)}’
/usr/include/c++/4.8.3/ostream:117:7: note: std::basic_ostream<_CharT, _Traits>::__ostream_type& std::basic_ostream<_CharT, _Traits>::operator<<(std::basic_ostream<_CharT, _Traits>::__ios_type& (*)(std::basic_ostream<_CharT, _Traits>::__ios_type&)) [with _CharT = char; _Traits = std::char_traits<char>; std::basic_ostream<_CharT, _Traits>::__ostream_type = std::basic_ostream<char>; std::basic_ostream<_CharT, _Traits>::__ios_type = std::basic_ios<char>]
       operator<<(__ios_type& (*__pf)(__ios_type&))
       ^
/usr/include/c++/4.8.3/ostream:117:7: note:   no known conversion for argument 1 from ‘void’ to ‘std::basic_ostream<char>::__ios_type& (*)(std::basic_ostream<char>::__ios_type&) {aka std::basic_ios<char>& (*)(std::basic_ios<char>&)}’
/usr/include/c++/4.8.3/ostream:127:7: note: std::basic_ostream<_CharT, _Traits>::__ostream_type& std::basic_ostream<_CharT, _Traits>::operator<<(std::ios_base& (*)(std::ios_base&)) [with _CharT = char; _Traits = std::char_traits<char>; std::basic_ostream<_CharT, _Traits>::__ostream_type = std::basic_ostream<char>]
       operator<<(ios_base& (*__pf) (ios_base&))
       ^
/usr/include/c++/4.8.3/ostream:127:7: note:   no known conversion for argument 1 from ‘void’ to ‘std::ios_base& (*)(std::ios_base&)’
/usr/include/c++/4.8.3/ostream:166:7: note: std::basic_ostream<_CharT, _Traits>::__ostream_type& std::basic_ostream<_CharT, _Traits>::operator<<(long int) [with _CharT = char; _Traits = std::char_traits<char>; std::basic_ostream<_CharT, _Traits>::__ostream_type = std::basic_ostream<char>]
       operator<<(long __n)
       ^
/usr/include/c++/4.8.3/ostream:166:7: note:   no known conversion for argument 1 from ‘void’ to ‘long int’
/usr/include/c++/4.8.3/ostream:170:7: note: std::basic_ostream<_CharT, _Traits>::__ostream_type& std::basic_ostream<_CharT, _Traits>::operator<<(long unsigned int) [with _CharT = char; _Traits = std::char_traits<char>; std::basic_ostream<_CharT, _Traits>::__ostream_type = std::basic_ostream<char>]
       operator<<(unsigned long __n)
       ^
/usr/include/c++/4.8.3/ostream:170:7: note:   no known conversion for argument 1 from ‘void’ to ‘long unsigned int’
/usr/include/c++/4.8.3/ostream:174:7: note: std::basic_ostream<_CharT, _Traits>::__ostream_type& std::basic_ostream<_CharT, _Traits>::operator<<(bool) [with _CharT = char; _Traits = std::char_traits<char>; std::basic_ostream<_CharT, _Traits>::__ostream_type = std::basic_ostream<char>]
       operator<<(bool __n)
       ^
/usr/include/c++/4.8.3/ostream:174:7: note:   no known conversion for argument 1 from ‘void’ to ‘bool’
In file included from /usr/include/c++/4.8.3/ostream:609:0,
                 from /usr/include/c++/4.8.3/iostream:39,
                 from ../dequeue.cpp:1:
/usr/include/c++/4.8.3/bits/ostream.tcc:91:5: note: std::basic_ostream<_CharT, _Traits>& std::basic_ostream<_CharT, _Traits>::operator<<(short int) [with _CharT = char; _Traits = std::char_traits<char>]
     basic_ostream<_CharT, _Traits>::
     ^
/usr/include/c++/4.8.3/bits/ostream.tcc:91:5: note:   no known conversion for argument 1 from ‘void’ to ‘short int’
In file included from /usr/include/c++/4.8.3/iostream:39:0,
                 from ../dequeue.cpp:1:
/usr/include/c++/4.8.3/ostream:181:7: note: std::basic_ostream<_CharT, _Traits>::__ostream_type& std::basic_ostream<_CharT, _Traits>::operator<<(short unsigned int) [with _CharT = char; _Traits = std::char_traits<char>; std::basic_ostream<_CharT, _Traits>::__ostream_type = std::basic_ostream<char>]
       operator<<(unsigned short __n)
       ^
/usr/include/c++/4.8.3/ostream:181:7: note:   no known conversion for argument 1 from ‘void’ to ‘short unsigned int’
In file included from /usr/include/c++/4.8.3/ostream:609:0,
                 from /usr/include/c++/4.8.3/iostream:39,
                 from ../dequeue.cpp:1:
/usr/include/c++/4.8.3/bits/ostream.tcc:105:5: note: std::basic_ostream<_CharT, _Traits>& std::basic_ostream<_CharT, _Traits>::operator<<(int) [with _CharT = char; _Traits = std::char_traits<char>]
     basic_ostream<_CharT, _Traits>::
     ^
/usr/include/c++/4.8.3/bits/ostream.tcc:105:5: note:   no known conversion for argument 1 from ‘void’ to ‘int’
In file included from /usr/include/c++/4.8.3/iostream:39:0,
                 from ../dequeue.cpp:1:
/usr/include/c++/4.8.3/ostream:192:7: note: std::basic_ostream<_CharT, _Traits>::__ostream_type& std::basic_ostream<_CharT, _Traits>::operator<<(unsigned int) [with _CharT = char; _Traits = std::char_traits<char>; std::basic_ostream<_CharT, _Traits>::__ostream_type = std::basic_ostream<char>]
       operator<<(unsigned int __n)
       ^
/usr/include/c++/4.8.3/ostream:192:7: note:   no known conversion for argument 1 from ‘void’ to ‘unsigned int’
/usr/include/c++/4.8.3/ostream:201:7: note: std::basic_ostream<_CharT, _Traits>::__ostream_type& std::basic_ostream<_CharT, _Traits>::operator<<(long long int) [with _CharT = char; _Traits = std::char_traits<char>; std::basic_ostream<_CharT, _Traits>::__ostream_type = std::basic_ostream<char>]
       operator<<(long long __n)
       ^
/usr/include/c++/4.8.3/ostream:201:7: note:   no known conversion for argument 1 from ‘void’ to ‘long long int’
/usr/include/c++/4.8.3/ostream:205:7: note: std::basic_ostream<_CharT, _Traits>::__ostream_type& std::basic_ostream<_CharT, _Traits>::operator<<(long long unsigned int) [with _CharT = char; _Traits = std::char_traits<char>; std::basic_ostream<_CharT, _Traits>::__ostream_type = std::basic_ostream<char>]
       operator<<(unsigned long long __n)
       ^
/usr/include/c++/4.8.3/ostream:205:7: note:   no known conversion for argument 1 from ‘void’ to ‘long long unsigned int’
/usr/include/c++/4.8.3/ostream:220:7: note: std::basic_ostream<_CharT, _Traits>::__ostream_type& std::basic_ostream<_CharT, _Traits>::operator<<(double) [with _CharT = char; _Traits = std::char_traits<char>; std::basic_ostream<_CharT, _Traits>::__ostream_type = std::basic_ostream<char>]
       operator<<(double __f)
       ^
/usr/include/c++/4.8.3/ostream:220:7: note:   no known conversion for argument 1 from ‘void’ to ‘double’
/usr/include/c++/4.8.3/ostream:224:7: note: std::basic_ostream<_CharT, _Traits>::__ostream_type& std::basic_ostream<_CharT, _Traits>::operator<<(float) [with _CharT = char; _Traits = std::char_traits<char>; std::basic_ostream<_CharT, _Traits>::__ostream_type = std::basic_ostream<char>]
       operator<<(float __f)
       ^
/usr/include/c++/4.8.3/ostream:224:7: note:   no known conversion for argument 1 from ‘void’ to ‘float’
/usr/include/c++/4.8.3/ostream:232:7: note: std::basic_ostream<_CharT, _Traits>::__ostream_type& std::basic_ostream<_CharT, _Traits>::operator<<(long double) [with _CharT = char; _Traits = std::char_traits<char>; std::basic_ostream<_CharT, _Traits>::__ostream_type = std::basic_ostream<char>]
       operator<<(long double __f)
       ^
/usr/include/c++/4.8.3/ostream:232:7: note:   no known conversion for argument 1 from ‘void’ to ‘long double’
/usr/include/c++/4.8.3/ostream:245:7: note: std::basic_ostream<_CharT, _Traits>::__ostream_type& std::basic_ostream<_CharT, _Traits>::operator<<(const void*) [with _CharT = char; _Traits = std::char_traits<char>; std::basic_ostream<_CharT, _Traits>::__ostream_type = std::basic_ostream<char>]
       operator<<(const void* __p)
       ^
/usr/include/c++/4.8.3/ostream:245:7: note:   no known conversion for argument 1 from ‘void’ to ‘const void*’
In file included from /usr/include/c++/4.8.3/ostream:609:0,
                 from /usr/include/c++/4.8.3/iostream:39,
                 from ../dequeue.cpp:1:
/usr/include/c++/4.8.3/bits/ostream.tcc:119:5: note: std::basic_ostream<_CharT, _Traits>& std::basic_ostream<_CharT, _Traits>::operator<<(std::basic_ostream<_CharT, _Traits>::__streambuf_type*) [with _CharT = char; _Traits = std::char_traits<char>; std::basic_ostream<_CharT, _Traits>::__streambuf_type = std::basic_streambuf<char>]
     basic_ostream<_CharT, _Traits>::
     ^
/usr/include/c++/4.8.3/bits/ostream.tcc:119:5: note:   no known conversion for argument 1 from ‘void’ to ‘std::basic_ostream<char>::__streambuf_type* {aka std::basic_streambuf<char>*}’
In file included from /usr/include/c++/4.8.3/string:52:0,
                 from /usr/include/c++/4.8.3/bits/locale_classes.h:40,
                 from /usr/include/c++/4.8.3/bits/ios_base.h:41,
                 from /usr/include/c++/4.8.3/ios:42,
                 from /usr/include/c++/4.8.3/ostream:38,
                 from /usr/include/c++/4.8.3/iostream:39,
                 from ../dequeue.cpp:1:
/usr/include/c++/4.8.3/bits/basic_string.h:2753:5: note: template<class _CharT, class _Traits, class _Alloc> std::basic_ostream<_CharT, _Traits>& std::operator<<(std::basic_ostream<_CharT, _Traits>&, const std::basic_string<_CharT, _Traits, _Alloc>&)
     operator<<(basic_ostream<_CharT, _Traits>& __os,
     ^
/usr/include/c++/4.8.3/bits/basic_string.h:2753:5: note:   template argument deduction/substitution failed:
../dequeue.cpp:70:25: note:   mismatched types ‘const std::basic_string<_CharT, _Traits, _Alloc>’ and ‘void’
     cout<<dque.pop_back()<<endl;
                         ^
In file included from /usr/include/c++/4.8.3/iostream:39:0,
                 from ../dequeue.cpp:1:
/usr/include/c++/4.8.3/ostream:471:5: note: template<class _CharT, class _Traits> std::basic_ostream<_CharT, _Traits>& std::operator<<(std::basic_ostream<_CharT, _Traits>&, _CharT)
     operator<<(basic_ostream<_CharT, _Traits>& __out, _CharT __c)
     ^
/usr/include/c++/4.8.3/ostream:471:5: note:   template argument deduction/substitution failed:
../dequeue.cpp:70:25: note:   deduced conflicting types for parameter ‘_CharT’ (‘char’ and ‘void’)
     cout<<dque.pop_back()<<endl;
                         ^
In file included from /usr/include/c++/4.8.3/iostream:39:0,
                 from ../dequeue.cpp:1:
/usr/include/c++/4.8.3/ostream:476:5: note: template<class _CharT, class _Traits> std::basic_ostream<_CharT, _Traits>& std::operator<<(std::basic_ostream<_CharT, _Traits>&, char)
     operator<<(basic_ostream<_CharT, _Traits>& __out, char __c)
     ^
/usr/include/c++/4.8.3/ostream:476:5: note:   template argument deduction/substitution failed:
../dequeue.cpp:70:25: note:   cannot convert ‘dque.std::deque<_Tp, _Alloc>::pop_back<int, std::allocator<int> >()’ (type ‘void’) to type ‘char’
     cout<<dque.pop_back()<<endl;
                         ^
In file included from /usr/include/c++/4.8.3/iostream:39:0,
                 from ../dequeue.cpp:1:
/usr/include/c++/4.8.3/ostream:482:5: note: template<class _Traits> std::basic_ostream<char, _Traits>& std::operator<<(std::basic_ostream<char, _Traits>&, char)
     operator<<(basic_ostream<char, _Traits>& __out, char __c)
     ^
/usr/include/c++/4.8.3/ostream:482:5: note:   template argument deduction/substitution failed:
../dequeue.cpp:70:25: note:   cannot convert ‘dque.std::deque<_Tp, _Alloc>::pop_back<int, std::allocator<int> >()’ (type ‘void’) to type ‘char’
     cout<<dque.pop_back()<<endl;
                         ^
In file included from /usr/include/c++/4.8.3/iostream:39:0,
                 from ../dequeue.cpp:1:
/usr/include/c++/4.8.3/ostream:488:5: note: template<class _Traits> std::basic_ostream<char, _Traits>& std::operator<<(std::basic_ostream<char, _Traits>&, signed char)
     operator<<(basic_ostream<char, _Traits>& __out, signed char __c)
     ^
/usr/include/c++/4.8.3/ostream:488:5: note:   template argument deduction/substitution failed:
../dequeue.cpp:70:25: note:   cannot convert ‘dque.std::deque<_Tp, _Alloc>::pop_back<int, std::allocator<int> >()’ (type ‘void’) to type ‘signed char’
     cout<<dque.pop_back()<<endl;
                         ^
In file included from /usr/include/c++/4.8.3/iostream:39:0,
                 from ../dequeue.cpp:1:
/usr/include/c++/4.8.3/ostream:493:5: note: template<class _Traits> std::basic_ostream<char, _Traits>& std::operator<<(std::basic_ostream<char, _Traits>&, unsigned char)
     operator<<(basic_ostream<char, _Traits>& __out, unsigned char __c)
     ^
/usr/include/c++/4.8.3/ostream:493:5: note:   template argument deduction/substitution failed:
../dequeue.cpp:70:25: note:   cannot convert ‘dque.std::deque<_Tp, _Alloc>::pop_back<int, std::allocator<int> >()’ (type ‘void’) to type ‘unsigned char’
     cout<<dque.pop_back()<<endl;
                         ^
In file included from /usr/include/c++/4.8.3/iostream:39:0,
                 from ../dequeue.cpp:1:
/usr/include/c++/4.8.3/ostream:513:5: note: template<class _CharT, class _Traits> std::basic_ostream<_CharT, _Traits>& std::operator<<(std::basic_ostream<_CharT, _Traits>&, const _CharT*)
     operator<<(basic_ostream<_CharT, _Traits>& __out, const _CharT* __s)
     ^
/usr/include/c++/4.8.3/ostream:513:5: note:   template argument deduction/substitution failed:
../dequeue.cpp:70:25: note:   mismatched types ‘const _CharT*’ and ‘void’
     cout<<dque.pop_back()<<endl;
                         ^
In file included from /usr/include/c++/4.8.3/ostream:609:0,
                 from /usr/include/c++/4.8.3/iostream:39,
                 from ../dequeue.cpp:1:
/usr/include/c++/4.8.3/bits/ostream.tcc:321:5: note: template<class _CharT, class _Traits> std::basic_ostream<_CharT, _Traits>& std::operator<<(std::basic_ostream<_CharT, _Traits>&, const char*)
     operator<<(basic_ostream<_CharT, _Traits>& __out, const char* __s)
     ^
/usr/include/c++/4.8.3/bits/ostream.tcc:321:5: note:   template argument deduction/substitution failed:
../dequeue.cpp:70:25: note:   cannot convert ‘dque.std::deque<_Tp, _Alloc>::pop_back<int, std::allocator<int> >()’ (type ‘void’) to type ‘const char*’
     cout<<dque.pop_back()<<endl;
                         ^
In file included from /usr/include/c++/4.8.3/iostream:39:0,
                 from ../dequeue.cpp:1:
/usr/include/c++/4.8.3/ostream:530:5: note: template<class _Traits> std::basic_ostream<char, _Traits>& std::operator<<(std::basic_ostream<char, _Traits>&, const char*)
     operator<<(basic_ostream<char, _Traits>& __out, const char* __s)
     ^
/usr/include/c++/4.8.3/ostream:530:5: note:   template argument deduction/substitution failed:
../dequeue.cpp:70:25: note:   cannot convert ‘dque.std::deque<_Tp, _Alloc>::pop_back<int, std::allocator<int> >()’ (type ‘void’) to type ‘const char*’
     cout<<dque.pop_back()<<endl;
                         ^
In file included from /usr/include/c++/4.8.3/iostream:39:0,
                 from ../dequeue.cpp:1:
/usr/include/c++/4.8.3/ostream:543:5: note: template<class _Traits> std::basic_ostream<char, _Traits>& std::operator<<(std::basic_ostream<char, _Traits>&, const signed char*)
     operator<<(basic_ostream<char, _Traits>& __out, const signed char* __s)
     ^
/usr/include/c++/4.8.3/ostream:543:5: note:   template argument deduction/substitution failed:
../dequeue.cpp:70:25: note:   cannot convert ‘dque.std::deque<_Tp, _Alloc>::pop_back<int, std::allocator<int> >()’ (type ‘void’) to type ‘const signed char*’
     cout<<dque.pop_back()<<endl;
                         ^
In file included from /usr/include/c++/4.8.3/iostream:39:0,
                 from ../dequeue.cpp:1:
/usr/include/c++/4.8.3/ostream:548:5: note: template<class _Traits> std::basic_ostream<char, _Traits>& std::operator<<(std::basic_ostream<char, _Traits>&, const unsigned char*)
     operator<<(basic_ostream<char, _Traits>& __out, const unsigned char* __s)
     ^
/usr/include/c++/4.8.3/ostream:548:5: note:   template argument deduction/substitution failed:
../dequeue.cpp:70:25: note:   cannot convert ‘dque.std::deque<_Tp, _Alloc>::pop_back<int, std::allocator<int> >()’ (type ‘void’) to type ‘const unsigned char*’
     cout<<dque.pop_back()<<endl;
                         ^
make: *** [dequeue.o] Error 1
15:57:45 **** Incremental Build of configuration Debug for project Dequeue ****
make all 
Building file: ../dequeue.cpp
Invoking: GCC C++ Compiler
g++ -O0 -g3 -Wall -c -fmessage-length=0 -MMD -MP -MF"dequeue.d" -MT"dequeue.d" -o "dequeue.o" "../dequeue.cpp"
../dequeue.cpp: In function ‘int main()’:
../dequeue.cpp:68:5: error: expected ‘;’ before ‘d’
     d.showdq(dque);
     ^
../dequeue.cpp:71:5: error: expected ‘;’ before ‘d’
     d.showdq(dque);
     ^
make: *** [dequeue.o] Error 1
15:57:45 **** Incremental Build of configuration Debug for project ExceptionHandling ****
make all 
make: Nothing to be done for `all'.
15:57:45 **** Incremental Build of configuration Debug for project Quadratic ****
make all 
make: Nothing to be done for `all'.
15:57:45 **** Incremental Build of configuration Debug for project calc ****
make all 
make: Nothing to be done for `all'.
15:57:45 **** Incremental Build of configuration Debug for project calcadv ****
make all 
make: Nothing to be done for `all'.
15:57:45 **** Incremental Build of configuration Debug for project complex ****
make all 
make: Nothing to be done for `all'.
15:57:45 **** Incremental Build of configuration Debug for project employee ****
make all 
make: Nothing to be done for `all'.
15:57:46 **** Incremental Build of configuration Debug for project stack&queue ****
make all 
make: Nothing to be done for `all'.
15:57:46 **** Incremental Build of configuration Debug for project student ****
make all 
make: Nothing to be done for `all'.
15:57:54 **** Incremental Build of configuration Debug for project Dequeue ****
make all 
Building file: ../dequeue.cpp
Invoking: GCC C++ Compiler
g++ -O0 -g3 -Wall -c -fmessage-length=0 -MMD -MP -MF"dequeue.d" -MT"dequeue.d" -o "dequeue.o" "../dequeue.cpp"
Finished building: ../dequeue.cpp
 
Building target: Dequeue
Invoking: GCC C++ Linker
g++  -o "Dequeue"  ./dequeue.o   
Finished building target: Dequeue
 
15:57:54 **** Incremental Build of configuration Debug for project ExceptionHandling ****
make all 
make: Nothing to be done for `all'.
15:57:54 **** Incremental Build of configuration Debug for project Quadratic ****
make all 
make: Nothing to be done for `all'.
15:57:55 **** Incremental Build of configuration Debug for project calc ****
make all 
make: Nothing to be done for `all'.
15:57:55 **** Incremental Build of configuration Debug for project calcadv ****
make all 
make: Nothing to be done for `all'.
15:57:55 **** Incremental Build of configuration Debug for project complex ****
make all 
make: Nothing to be done for `all'.
15:57:55 **** Incremental Build of configuration Debug for project employee ****
make all 
make: Nothing to be done for `all'.
15:57:55 **** Incremental Build of configuration Debug for project stack&queue ****
make all 
make: Nothing to be done for `all'.
15:57:55 **** Incremental Build of configuration Debug for project student ****
make all 
make: Nothing to be done for `all'.
15:57:57 **** Incremental Build of configuration Debug for project Dequeue ****
make all 
make: Nothing to be done for `all'.
15:58:30 **** Incremental Build of configuration Debug for project Dequeue ****
make all 
Building file: ../dequeue.cpp
Invoking: GCC C++ Compiler
g++ -O0 -g3 -Wall -c -fmessage-length=0 -MMD -MP -MF"dequeue.d" -MT"dequeue.d" -o "dequeue.o" "../dequeue.cpp"
Finished building: ../dequeue.cpp
 
Building target: Dequeue
Invoking: GCC C++ Linker
g++  -o "Dequeue"  ./dequeue.o   
Finished building target: Dequeue
 
15:58:30 **** Incremental Build of configuration Debug for project ExceptionHandling ****
make all 
make: Nothing to be done for `all'.
15:58:30 **** Incremental Build of configuration Debug for project Quadratic ****
make all 
make: Nothing to be done for `all'.
15:58:30 **** Incremental Build of configuration Debug for project calc ****
make all 
make: Nothing to be done for `all'.
15:58:30 **** Incremental Build of configuration Debug for project calcadv ****
make all 
make: Nothing to be done for `all'.
15:58:31 **** Incremental Build of configuration Debug for project complex ****
make all 
make: Nothing to be done for `all'.
15:58:31 **** Incremental Build of configuration Debug for project employee ****
make all 
make: Nothing to be done for `all'.
15:58:31 **** Incremental Build of configuration Debug for project stack&queue ****
make all 
make: Nothing to be done for `all'.
15:58:31 **** Incremental Build of configuration Debug for project student ****
make all 
make: Nothing to be done for `all'.
15:59:00 **** Incremental Build of configuration Debug for project Dequeue ****
make all 
make: Nothing to be done for `all'.
15:59:00 **** Incremental Build of configuration Debug for project ExceptionHandling ****
make all 
make: Nothing to be done for `all'.
15:59:00 **** Incremental Build of configuration Debug for project Quadratic ****
make all 
make: Nothing to be done for `all'.
15:59:00 **** Incremental Build of configuration Debug for project calc ****
make all 
make: Nothing to be done for `all'.
15:59:00 **** Incremental Build of configuration Debug for project calcadv ****
make all 
make: Nothing to be done for `all'.
15:59:00 **** Incremental Build of configuration Debug for project complex ****
make all 
make: Nothing to be done for `all'.
15:59:00 **** Incremental Build of configuration Debug for project employee ****
make all 
make: Nothing to be done for `all'.
15:59:01 **** Incremental Build of configuration Debug for project stack&queue ****
make all 
make: Nothing to be done for `all'.
15:59:01 **** Incremental Build of configuration Debug for project student ****
make all 
make: Nothing to be done for `all'.
16:07:48 **** Incremental Build of configuration Debug for project Dequeue ****
make all 
make: Nothing to be done for `all'.
16:07:48 **** Incremental Build of configuration Debug for project ExceptionHandling ****
make all 
make: Nothing to be done for `all'.
16:07:48 **** Incremental Build of configuration Debug for project Quadratic ****
make all 
make: Nothing to be done for `all'.
16:07:48 **** Incremental Build of configuration Debug for project calc ****
make all 
make: Nothing to be done for `all'.
16:07:48 **** Incremental Build of configuration Debug for project calcadv ****
make all 
make: Nothing to be done for `all'.
16:07:48 **** Incremental Build of configuration Debug for project complex ****
make all 
make: Nothing to be done for `all'.
16:07:48 **** Incremental Build of configuration Debug for project employee ****
make all 
make: Nothing to be done for `all'.
16:07:48 **** Incremental Build of configuration Debug for project stack&queue ****
make all 
Building file: ../stackqueue.cpp
Invoking: GCC C++ Compiler
g++ -O0 -g3 -Wall -c -fmessage-length=0 -MMD -MP -MF"stackqueue.d" -MT"stackqueue.d" -o "stackqueue.o" "../stackqueue.cpp"
Finished building: ../stackqueue.cpp
 
Building target: stack&queue
Invoking: GCC C++ Linker
g++  -o "stack&queue"  ./stackqueue.o   
Finished building target: stack&queue
 
16:07:49 **** Incremental Build of configuration Debug for project student ****
make all 
make: Nothing to be done for `all'.
16:07:52 **** Incremental Build of configuration Debug for project stack&queue ****
make all 
make: Nothing to be done for `all'.
15:26:20 **** Incremental Build of configuration Debug for project Dequeue ****
make all 
Building file: ../dequeue.cpp
Invoking: GCC C++ Compiler
g++ -O0 -g3 -Wall -c -fmessage-length=0 -MMD -MP -MF"dequeue.d" -MT"dequeue.d" -o "dequeue.o" "../dequeue.cpp"
Finished building: ../dequeue.cpp
 
Building target: Dequeue
Invoking: GCC C++ Linker
g++  -o "Dequeue"  ./dequeue.o   
Finished building target: Dequeue
 
15:26:22 **** Incremental Build of configuration Debug for project ExceptionHandling ****
make all 
make: Nothing to be done for `all'.
15:26:22 **** Incremental Build of configuration Debug for project Quadratic ****
make all 
make: Nothing to be done for `all'.
15:26:23 **** Incremental Build of configuration Debug for project calc ****
make all 
make: Nothing to be done for `all'.
15:26:23 **** Incremental Build of configuration Debug for project calcadv ****
make all 
make: Nothing to be done for `all'.
15:26:23 **** Incremental Build of configuration Debug for project complex ****
make all 
make: Nothing to be done for `all'.
15:26:23 **** Incremental Build of configuration Debug for project employee ****
make all 
make: Nothing to be done for `all'.
15:26:23 **** Incremental Build of configuration Debug for project stack&queue ****
make all 
make: Nothing to be done for `all'.
15:26:24 **** Incremental Build of configuration Debug for project student ****
make all 
make: Nothing to be done for `all'.
15:30:51 **** Incremental Build of configuration Debug for project Dequeue ****
make all 
make: Nothing to be done for `all'.
15:30:51 **** Incremental Build of configuration Debug for project ExceptionHandling ****
make all 
make: Nothing to be done for `all'.
15:30:51 **** Incremental Build of configuration Debug for project Quadratic ****
make all 
make: Nothing to be done for `all'.
15:30:52 **** Incremental Build of configuration Debug for project calc ****
make all 
make: Nothing to be done for `all'.
15:30:52 **** Incremental Build of configuration Debug for project calcadv ****
make all 
make: Nothing to be done for `all'.
15:30:52 **** Incremental Build of configuration Debug for project complex ****
make all 
make: Nothing to be done for `all'.
15:30:52 **** Incremental Build of configuration Debug for project employee ****
make all 
make: Nothing to be done for `all'.
15:30:52 **** Build of configuration Debug for project filehandling ****
make all 
Building file: ../filehand.cpp
Invoking: GCC C++ Compiler
g++ -O0 -g3 -Wall -c -fmessage-length=0 -MMD -MP -MF"filehand.d" -MT"filehand.d" -o "filehand.o" "../filehand.cpp"
Finished building: ../filehand.cpp
 
Building target: filehandling
Invoking: GCC C++ Linker
g++  -o "filehandling"  ./filehand.o   
Finished building target: filehandling
 
15:30:53 **** Incremental Build of configuration Debug for project stack&queue ****
make all 
make: Nothing to be done for `all'.
15:30:53 **** Incremental Build of configuration Debug for project student ****
make all 
make: Nothing to be done for `all'.
15:33:06 **** Incremental Build of configuration Debug for project Dequeue ****
make all 
make: Nothing to be done for `all'.
15:33:06 **** Incremental Build of configuration Debug for project ExceptionHandling ****
make all 
make: Nothing to be done for `all'.
15:33:06 **** Incremental Build of configuration Debug for project Quadratic ****
make all 
make: Nothing to be done for `all'.
15:33:06 **** Incremental Build of configuration Debug for project calc ****
make all 
make: Nothing to be done for `all'.
15:33:06 **** Incremental Build of configuration Debug for project calcadv ****
make all 
make: Nothing to be done for `all'.
15:33:06 **** Incremental Build of configuration Debug for project complex ****
make all 
make: Nothing to be done for `all'.
15:33:07 **** Incremental Build of configuration Debug for project employee ****
make all 
make: Nothing to be done for `all'.
15:33:07 **** Incremental Build of configuration Debug for project filehandling ****
make all 
make: Nothing to be done for `all'.
15:33:07 **** Incremental Build of configuration Debug for project stack&queue ****
make all 
make: Nothing to be done for `all'.
15:33:07 **** Incremental Build of configuration Debug for project student ****
make all 
make: Nothing to be done for `all'.
15:33:10 **** Incremental Build of configuration Debug for project filehandling ****
make all 
make: Nothing to be done for `all'.
15:35:18 **** Incremental Build of configuration Debug for project Dequeue ****
make all 
make: Nothing to be done for `all'.
15:35:18 **** Incremental Build of configuration Debug for project ExceptionHandling ****
make all 
make: Nothing to be done for `all'.
15:35:18 **** Incremental Build of configuration Debug for project Quadratic ****
make all 
make: Nothing to be done for `all'.
15:35:18 **** Incremental Build of configuration Debug for project calc ****
make all 
make: Nothing to be done for `all'.
15:35:19 **** Incremental Build of configuration Debug for project calcadv ****
make all 
make: Nothing to be done for `all'.
15:35:19 **** Incremental Build of configuration Debug for project complex ****
make all 
make: Nothing to be done for `all'.
15:35:19 **** Incremental Build of configuration Debug for project employee ****
make all 
make: Nothing to be done for `all'.
15:35:19 **** Incremental Build of configuration Debug for project filehandling ****
make all 
Building file: ../filehand.cpp
Invoking: GCC C++ Compiler
g++ -O0 -g3 -Wall -c -fmessage-length=0 -MMD -MP -MF"filehand.d" -MT"filehand.d" -o "filehand.o" "../filehand.cpp"
../filehand.cpp: In function ‘int main()’:
../filehand.cpp:13:2: error: expected ‘,’ or ‘;’ before ‘out’
  out<<line;
  ^
make: *** [filehand.o] Error 1
15:35:19 **** Incremental Build of configuration Debug for project stack&queue ****
make all 
make: Nothing to be done for `all'.
15:35:20 **** Incremental Build of configuration Debug for project student ****
make all 
make: Nothing to be done for `all'.
15:35:27 **** Incremental Build of configuration Debug for project Dequeue ****
make all 
make: Nothing to be done for `all'.
15:35:27 **** Incremental Build of configuration Debug for project ExceptionHandling ****
make all 
make: Nothing to be done for `all'.
15:35:27 **** Incremental Build of configuration Debug for project Quadratic ****
make all 
make: Nothing to be done for `all'.
15:35:27 **** Incremental Build of configuration Debug for project calc ****
make all 
make: Nothing to be done for `all'.
15:35:27 **** Incremental Build of configuration Debug for project calcadv ****
make all 
make: Nothing to be done for `all'.
15:35:28 **** Incremental Build of configuration Debug for project complex ****
make all 
make: Nothing to be done for `all'.
15:35:28 **** Incremental Build of configuration Debug for project employee ****
make all 
make: Nothing to be done for `all'.
15:35:28 **** Incremental Build of configuration Debug for project filehandling ****
make all 
Building file: ../filehand.cpp
Invoking: GCC C++ Compiler
g++ -O0 -g3 -Wall -c -fmessage-length=0 -MMD -MP -MF"filehand.d" -MT"filehand.d" -o "filehand.o" "../filehand.cpp"
../filehand.cpp: In function ‘int main()’:
../filehand.cpp:13:2: error: expected ‘,’ or ‘;’ before ‘cout’
  cout<<line;
  ^
make: *** [filehand.o] Error 1
15:35:28 **** Incremental Build of configuration Debug for project stack&queue ****
make all 
make: Nothing to be done for `all'.
15:35:28 **** Incremental Build of configuration Debug for project student ****
make all 
make: Nothing to be done for `all'.
15:35:35 **** Incremental Build of configuration Debug for project Dequeue ****
make all 
make: Nothing to be done for `all'.
15:35:35 **** Incremental Build of configuration Debug for project ExceptionHandling ****
make all 
make: Nothing to be done for `all'.
15:35:35 **** Incremental Build of configuration Debug for project Quadratic ****
make all 
make: Nothing to be done for `all'.
15:35:35 **** Incremental Build of configuration Debug for project calc ****
make all 
make: Nothing to be done for `all'.
15:35:36 **** Incremental Build of configuration Debug for project calcadv ****
make all 
make: Nothing to be done for `all'.
15:35:36 **** Incremental Build of configuration Debug for project complex ****
make all 
make: Nothing to be done for `all'.
15:35:36 **** Incremental Build of configuration Debug for project employee ****
make all 
make: Nothing to be done for `all'.
15:35:36 **** Incremental Build of configuration Debug for project filehandling ****
make all 
Building file: ../filehand.cpp
Invoking: GCC C++ Compiler
g++ -O0 -g3 -Wall -c -fmessage-length=0 -MMD -MP -MF"filehand.d" -MT"filehand.d" -o "filehand.o" "../filehand.cpp"
Finished building: ../filehand.cpp
 
Building target: filehandling
Invoking: GCC C++ Linker
g++  -o "filehandling"  ./filehand.o   
Finished building target: filehandling
 
15:35:36 **** Incremental Build of configuration Debug for project stack&queue ****
make all 
make: Nothing to be done for `all'.
15:35:37 **** Incremental Build of configuration Debug for project student ****
make all 
make: Nothing to be done for `all'.
15:35:39 **** Incremental Build of configuration Debug for project filehandling ****
make all 
make: Nothing to be done for `all'.
15:36:43 **** Incremental Build of configuration Debug for project Dequeue ****
make all 
make: Nothing to be done for `all'.
15:36:44 **** Incremental Build of configuration Debug for project ExceptionHandling ****
make all 
make: Nothing to be done for `all'.
15:36:44 **** Incremental Build of configuration Debug for project Quadratic ****
make all 
make: Nothing to be done for `all'.
15:36:44 **** Incremental Build of configuration Debug for project calc ****
make all 
make: Nothing to be done for `all'.
15:36:44 **** Incremental Build of configuration Debug for project calcadv ****
make all 
make: Nothing to be done for `all'.
15:36:44 **** Incremental Build of configuration Debug for project complex ****
make all 
make: Nothing to be done for `all'.
15:36:44 **** Incremental Build of configuration Debug for project employee ****
make all 
make: Nothing to be done for `all'.
15:36:44 **** Incremental Build of configuration Debug for project filehandling ****
make all 
Building file: ../filehand.cpp
Invoking: GCC C++ Compiler
g++ -O0 -g3 -Wall -c -fmessage-length=0 -MMD -MP -MF"filehand.d" -MT"filehand.d" -o "filehand.o" "../filehand.cpp"
Finished building: ../filehand.cpp
 
Building target: filehandling
Invoking: GCC C++ Linker
g++  -o "filehandling"  ./filehand.o   
Finished building target: filehandling
 
15:36:45 **** Incremental Build of configuration Debug for project stack&queue ****
make all 
make: Nothing to be done for `all'.
15:36:45 **** Incremental Build of configuration Debug for project student ****
make all 
make: Nothing to be done for `all'.
15:36:47 **** Incremental Build of configuration Debug for project filehandling ****
make all 
make: Nothing to be done for `all'.
15:47:18 **** Incremental Build of configuration Debug for project Dequeue ****
make all 
make: Nothing to be done for `all'.
15:47:18 **** Incremental Build of configuration Debug for project ExceptionHandling ****
make all 
make: Nothing to be done for `all'.
15:47:18 **** Incremental Build of configuration Debug for project Quadratic ****
make all 
make: Nothing to be done for `all'.
15:47:18 **** Incremental Build of configuration Debug for project calc ****
make all 
make: Nothing to be done for `all'.
15:47:18 **** Incremental Build of configuration Debug for project calcadv ****
make all 
make: Nothing to be done for `all'.
15:47:18 **** Incremental Build of configuration Debug for project complex ****
make all 
make: Nothing to be done for `all'.
15:47:18 **** Incremental Build of configuration Debug for project employee ****
make all 
make: Nothing to be done for `all'.
15:47:18 **** Incremental Build of configuration Debug for project filehandling ****
make all 
Building file: ../filehand.cpp
Invoking: GCC C++ Compiler
g++ -O0 -g3 -Wall -c -fmessage-length=0 -MMD -MP -MF"filehand.d" -MT"filehand.d" -o "filehand.o" "../filehand.cpp"
Finished building: ../filehand.cpp
 
Building target: filehandling
Invoking: GCC C++ Linker
g++  -o "filehandling"  ./filehand.o   
Finished building target: filehandling
 
15:47:19 **** Incremental Build of configuration Debug for project stack&queue ****
make all 
make: Nothing to be done for `all'.
15:47:19 **** Incremental Build of configuration Debug for project student ****
make all 
make: Nothing to be done for `all'.
15:56:48 **** Incremental Build of configuration Debug for project Dequeue ****
make all 
make: Nothing to be done for `all'.
15:56:48 **** Incremental Build of configuration Debug for project ExceptionHandling ****
make all 
make: Nothing to be done for `all'.
15:56:48 **** Incremental Build of configuration Debug for project Quadratic ****
make all 
make: Nothing to be done for `all'.
15:56:48 **** Incremental Build of configuration Debug for project calc ****
make all 
make: Nothing to be done for `all'.
15:56:48 **** Incremental Build of configuration Debug for project calcadv ****
make all 
make: Nothing to be done for `all'.
15:56:48 **** Incremental Build of configuration Debug for project complex ****
make all 
make: Nothing to be done for `all'.
15:56:48 **** Incremental Build of configuration Debug for project employee ****
make all 
make: Nothing to be done for `all'.
15:56:48 **** Incremental Build of configuration Debug for project filehandling ****
make all 
Building file: ../filehand.cpp
Invoking: GCC C++ Compiler
g++ -O0 -g3 -Wall -c -fmessage-length=0 -MMD -MP -MF"filehand.d" -MT"filehand.d" -o "filehand.o" "../filehand.cpp"
../filehand.cpp: In function ‘int main()’:
../filehand.cpp:31:19: error: ‘a’ was not declared in this scope
  out.write((char*)a,sizeof(S));
                   ^
make: *** [filehand.o] Error 1
15:56:49 **** Incremental Build of configuration Debug for project stack&queue ****
make all 
make: Nothing to be done for `all'.
15:56:49 **** Incremental Build of configuration Debug for project student ****
make all 
make: Nothing to be done for `all'.
15:57:51 **** Incremental Build of configuration Debug for project Dequeue ****
make all 
make: Nothing to be done for `all'.
15:57:52 **** Incremental Build of configuration Debug for project ExceptionHandling ****
make all 
make: Nothing to be done for `all'.
15:57:52 **** Incremental Build of configuration Debug for project Quadratic ****
make all 
make: Nothing to be done for `all'.
15:57:52 **** Incremental Build of configuration Debug for project calc ****
make all 
make: Nothing to be done for `all'.
15:57:52 **** Incremental Build of configuration Debug for project calcadv ****
make all 
make: Nothing to be done for `all'.
15:57:52 **** Incremental Build of configuration Debug for project complex ****
make all 
make: Nothing to be done for `all'.
15:57:52 **** Incremental Build of configuration Debug for project employee ****
make all 
make: Nothing to be done for `all'.
15:57:52 **** Incremental Build of configuration Debug for project filehandling ****
make all 
Building file: ../filehand.cpp
Invoking: GCC C++ Compiler
g++ -O0 -g3 -Wall -c -fmessage-length=0 -MMD -MP -MF"filehand.d" -MT"filehand.d" -o "filehand.o" "../filehand.cpp"
../filehand.cpp: In function ‘int main()’:
../filehand.cpp:32:19: warning: cast to pointer from integer of different size [-Wint-to-pointer-cast]
  out.write((char*)a,sizeof(S));
                   ^
../filehand.cpp:34:19: warning: cast to pointer from integer of different size [-Wint-to-pointer-cast]
  out.write((char*)a,sizeof(S));
                   ^
../filehand.cpp:32:30: warning: ‘a’ may be used uninitialized in this function [-Wmaybe-uninitialized]
  out.write((char*)a,sizeof(S));
                              ^
Finished building: ../filehand.cpp
 
Building target: filehandling
Invoking: GCC C++ Linker
g++  -o "filehandling"  ./filehand.o   
Finished building target: filehandling
 
15:57:52 **** Incremental Build of configuration Debug for project stack&queue ****
make all 
make: Nothing to be done for `all'.
15:57:53 **** Incremental Build of configuration Debug for project student ****
make all 
make: Nothing to be done for `all'.
15:57:55 **** Incremental Build of configuration Debug for project Dequeue ****
make all 
make: Nothing to be done for `all'.
15:57:55 **** Incremental Build of configuration Debug for project ExceptionHandling ****
make all 
make: Nothing to be done for `all'.
15:57:55 **** Incremental Build of configuration Debug for project Quadratic ****
make all 
make: Nothing to be done for `all'.
15:57:55 **** Incremental Build of configuration Debug for project calc ****
make all 
make: Nothing to be done for `all'.
15:57:55 **** Incremental Build of configuration Debug for project calcadv ****
make all 
make: Nothing to be done for `all'.
15:57:55 **** Incremental Build of configuration Debug for project complex ****
make all 
make: Nothing to be done for `all'.
15:57:55 **** Incremental Build of configuration Debug for project employee ****
make all 
make: Nothing to be done for `all'.
15:57:55 **** Incremental Build of configuration Debug for project filehandling ****
make all 
make: Nothing to be done for `all'.
15:57:55 **** Incremental Build of configuration Debug for project stack&queue ****
make all 
make: Nothing to be done for `all'.
15:57:56 **** Incremental Build of configuration Debug for project student ****
make all 
make: Nothing to be done for `all'.
15:57:57 **** Incremental Build of configuration Debug for project filehandling ****
make all 
make: Nothing to be done for `all'.
16:00:31 **** Incremental Build of configuration Debug for project Dequeue ****
make all 
make: Nothing to be done for `all'.
16:00:31 **** Incremental Build of configuration Debug for project ExceptionHandling ****
make all 
make: Nothing to be done for `all'.
16:00:31 **** Incremental Build of configuration Debug for project Quadratic ****
make all 
make: Nothing to be done for `all'.
16:00:31 **** Incremental Build of configuration Debug for project calc ****
make all 
make: Nothing to be done for `all'.
16:00:31 **** Incremental Build of configuration Debug for project calcadv ****
make all 
make: Nothing to be done for `all'.
16:00:31 **** Incremental Build of configuration Debug for project complex ****
make all 
make: Nothing to be done for `all'.
16:00:31 **** Incremental Build of configuration Debug for project employee ****
make all 
make: Nothing to be done for `all'.
16:00:32 **** Incremental Build of configuration Debug for project filehandling ****
make all 
Building file: ../filehand.cpp
Invoking: GCC C++ Compiler
g++ -O0 -g3 -Wall -c -fmessage-length=0 -MMD -MP -MF"filehand.d" -MT"filehand.d" -o "filehand.o" "../filehand.cpp"
../filehand.cpp: In function ‘int main()’:
../filehand.cpp:34:19: warning: cast to pointer from integer of different size [-Wint-to-pointer-cast]
  out.write((char*)a,sizeof(S));
                   ^
../filehand.cpp:36:19: warning: cast to pointer from integer of different size [-Wint-to-pointer-cast]
  out.write((char*)a,sizeof(S));
                   ^
../filehand.cpp:34:30: warning: ‘a’ may be used uninitialized in this function [-Wmaybe-uninitialized]
  out.write((char*)a,sizeof(S));
                              ^
Finished building: ../filehand.cpp
 
Building target: filehandling
Invoking: GCC C++ Linker
g++  -o "filehandling"  ./filehand.o   
Finished building target: filehandling
 
16:00:32 **** Incremental Build of configuration Debug for project stack&queue ****
make all 
make: Nothing to be done for `all'.
16:00:32 **** Incremental Build of configuration Debug for project student ****
make all 
make: Nothing to be done for `all'.
16:00:35 **** Incremental Build of configuration Debug for project filehandling ****
make all 
make: Nothing to be done for `all'.
16:01:03 **** Incremental Build of configuration Debug for project filehandling ****
make all 
make: Nothing to be done for `all'.
16:02:11 **** Incremental Build of configuration Debug for project Dequeue ****
make all 
make: Nothing to be done for `all'.
16:02:11 **** Incremental Build of configuration Debug for project ExceptionHandling ****
make all 
make: Nothing to be done for `all'.
16:02:11 **** Incremental Build of configuration Debug for project Quadratic ****
make all 
make: Nothing to be done for `all'.
16:02:11 **** Incremental Build of configuration Debug for project calc ****
make all 
make: Nothing to be done for `all'.
16:02:11 **** Incremental Build of configuration Debug for project calcadv ****
make all 
make: Nothing to be done for `all'.
16:02:11 **** Incremental Build of configuration Debug for project complex ****
make all 
make: Nothing to be done for `all'.
16:02:11 **** Incremental Build of configuration Debug for project employee ****
make all 
make: Nothing to be done for `all'.
16:02:12 **** Incremental Build of configuration Debug for project filehandling ****
make all 
Building file: ../filehand.cpp
Invoking: GCC C++ Compiler
g++ -O0 -g3 -Wall -c -fmessage-length=0 -MMD -MP -MF"filehand.d" -MT"filehand.d" -o "filehand.o" "../filehand.cpp"
../filehand.cpp: In function ‘int main()’:
../filehand.cpp:34:19: warning: cast to pointer from integer of different size [-Wint-to-pointer-cast]
  out.write((char*)a &S,sizeof(S));
                   ^
../filehand.cpp:34:21: error: no match for ‘operator&’ (operand types are ‘char*’ and ‘student’)
  out.write((char*)a &S,sizeof(S));
                     ^
../filehand.cpp:34:21: note: candidates are:
In file included from /usr/include/c++/4.8.3/ios:42:0,
                 from /usr/include/c++/4.8.3/ostream:38,
                 from /usr/include/c++/4.8.3/iostream:39,
                 from ../filehand.cpp:1:
/usr/include/c++/4.8.3/bits/ios_base.h:75:3: note: std::_Ios_Fmtflags std::operator&(std::_Ios_Fmtflags, std::_Ios_Fmtflags)
   operator&(_Ios_Fmtflags __a, _Ios_Fmtflags __b)
   ^
/usr/include/c++/4.8.3/bits/ios_base.h:75:3: note:   no known conversion for argument 1 from ‘char*’ to ‘std::_Ios_Fmtflags’
/usr/include/c++/4.8.3/bits/ios_base.h:115:3: note: std::_Ios_Openmode std::operator&(std::_Ios_Openmode, std::_Ios_Openmode)
   operator&(_Ios_Openmode __a, _Ios_Openmode __b)
   ^
/usr/include/c++/4.8.3/bits/ios_base.h:115:3: note:   no known conversion for argument 1 from ‘char*’ to ‘std::_Ios_Openmode’
/usr/include/c++/4.8.3/bits/ios_base.h:153:3: note: std::_Ios_Iostate std::operator&(std::_Ios_Iostate, std::_Ios_Iostate)
   operator&(_Ios_Iostate __a, _Ios_Iostate __b)
   ^
/usr/include/c++/4.8.3/bits/ios_base.h:153:3: note:   no known conversion for argument 1 from ‘char*’ to ‘std::_Ios_Iostate’
../filehand.cpp:36:19: warning: cast to pointer from integer of different size [-Wint-to-pointer-cast]
  out.write((char*)a,sizeof(S));
                   ^
make: *** [filehand.o] Error 1
16:02:12 **** Incremental Build of configuration Debug for project stack&queue ****
make all 
make: Nothing to be done for `all'.
16:02:12 **** Incremental Build of configuration Debug for project student ****
make all 
make: Nothing to be done for `all'.
16:02:30 **** Incremental Build of configuration Debug for project Dequeue ****
make all 
make: Nothing to be done for `all'.
16:02:30 **** Incremental Build of configuration Debug for project ExceptionHandling ****
make all 
make: Nothing to be done for `all'.
16:02:30 **** Incremental Build of configuration Debug for project Quadratic ****
make all 
make: Nothing to be done for `all'.
16:02:30 **** Incremental Build of configuration Debug for project calc ****
make all 
make: Nothing to be done for `all'.
16:02:30 **** Incremental Build of configuration Debug for project calcadv ****
make all 
make: Nothing to be done for `all'.
16:02:30 **** Incremental Build of configuration Debug for project complex ****
make all 
make: Nothing to be done for `all'.
16:02:30 **** Incremental Build of configuration Debug for project employee ****
make all 
make: Nothing to be done for `all'.
16:02:31 **** Incremental Build of configuration Debug for project filehandling ****
make all 
Building file: ../filehand.cpp
Invoking: GCC C++ Compiler
g++ -O0 -g3 -Wall -c -fmessage-length=0 -MMD -MP -MF"filehand.d" -MT"filehand.d" -o "filehand.o" "../filehand.cpp"
../filehand.cpp: In function ‘int main()’:
../filehand.cpp:36:19: error: ‘a’ was not declared in this scope
  out.write((char*)a,sizeof(S));
                   ^
make: *** [filehand.o] Error 1
16:02:31 **** Incremental Build of configuration Debug for project stack&queue ****
make all 
make: Nothing to be done for `all'.
16:02:31 **** Incremental Build of configuration Debug for project student ****
make all 
make: Nothing to be done for `all'.
16:02:33 **** Incremental Build of configuration Debug for project Dequeue ****
make all 
make: Nothing to be done for `all'.
16:02:33 **** Incremental Build of configuration Debug for project ExceptionHandling ****
make all 
make: Nothing to be done for `all'.
16:02:33 **** Incremental Build of configuration Debug for project Quadratic ****
make all 
make: Nothing to be done for `all'.
16:02:33 **** Incremental Build of configuration Debug for project calc ****
make all 
make: Nothing to be done for `all'.
16:02:33 **** Incremental Build of configuration Debug for project calcadv ****
make all 
make: Nothing to be done for `all'.
16:02:33 **** Incremental Build of configuration Debug for project complex ****
make all 
make: Nothing to be done for `all'.
16:02:34 **** Incremental Build of configuration Debug for project employee ****
make all 
make: Nothing to be done for `all'.
16:02:34 **** Incremental Build of configuration Debug for project filehandling ****
make all 
Building file: ../filehand.cpp
Invoking: GCC C++ Compiler
g++ -O0 -g3 -Wall -c -fmessage-length=0 -MMD -MP -MF"filehand.d" -MT"filehand.d" -o "filehand.o" "../filehand.cpp"
../filehand.cpp: In function ‘int main()’:
../filehand.cpp:36:19: error: ‘a’ was not declared in this scope
  out.write((char*)a,sizeof(S));
                   ^
make: *** [filehand.o] Error 1
16:02:34 **** Incremental Build of configuration Debug for project stack&queue ****
make all 
make: Nothing to be done for `all'.
16:02:34 **** Incremental Build of configuration Debug for project student ****
make all 
make: Nothing to be done for `all'.
16:02:39 **** Incremental Build of configuration Debug for project Dequeue ****
make all 
make: Nothing to be done for `all'.
16:02:39 **** Incremental Build of configuration Debug for project ExceptionHandling ****
make all 
make: Nothing to be done for `all'.
16:02:39 **** Incremental Build of configuration Debug for project Quadratic ****
make all 
make: Nothing to be done for `all'.
16:02:39 **** Incremental Build of configuration Debug for project calc ****
make all 
make: Nothing to be done for `all'.
16:02:39 **** Incremental Build of configuration Debug for project calcadv ****
make all 
make: Nothing to be done for `all'.
16:02:40 **** Incremental Build of configuration Debug for project complex ****
make all 
make: Nothing to be done for `all'.
16:02:40 **** Incremental Build of configuration Debug for project employee ****
make all 
make: Nothing to be done for `all'.
16:02:40 **** Incremental Build of configuration Debug for project filehandling ****
make all 
Building file: ../filehand.cpp
Invoking: GCC C++ Compiler
g++ -O0 -g3 -Wall -c -fmessage-length=0 -MMD -MP -MF"filehand.d" -MT"filehand.d" -o "filehand.o" "../filehand.cpp"
Finished building: ../filehand.cpp
 
Building target: filehandling
Invoking: GCC C++ Linker
g++  -o "filehandling"  ./filehand.o   
Finished building target: filehandling
 
16:02:40 **** Incremental Build of configuration Debug for project stack&queue ****
make all 
make: Nothing to be done for `all'.
16:02:40 **** Incremental Build of configuration Debug for project student ****
make all 
make: Nothing to be done for `all'.
16:02:42 **** Incremental Build of configuration Debug for project filehandling ****
make all 
make: Nothing to be done for `all'.
16:03:51 **** Incremental Build of configuration Debug for project filehandling ****
make all 
make: Nothing to be done for `all'.
16:05:48 **** Incremental Build of configuration Debug for project Dequeue ****
make all 
make: Nothing to be done for `all'.
16:05:49 **** Incremental Build of configuration Debug for project ExceptionHandling ****
make all 
make: Nothing to be done for `all'.
16:05:49 **** Incremental Build of configuration Debug for project Quadratic ****
make all 
make: Nothing to be done for `all'.
16:05:49 **** Incremental Build of configuration Debug for project calc ****
make all 
make: Nothing to be done for `all'.
16:05:49 **** Incremental Build of configuration Debug for project calcadv ****
make all 
make: Nothing to be done for `all'.
16:05:49 **** Incremental Build of configuration Debug for project complex ****
make all 
make: Nothing to be done for `all'.
16:05:49 **** Incremental Build of configuration Debug for project employee ****
make all 
make: Nothing to be done for `all'.
16:05:49 **** Incremental Build of configuration Debug for project filehandling ****
make all 
Building file: ../filehand.cpp
Invoking: GCC C++ Compiler
g++ -O0 -g3 -Wall -c -fmessage-length=0 -MMD -MP -MF"filehand.d" -MT"filehand.d" -o "filehand.o" "../filehand.cpp"
Finished building: ../filehand.cpp
 
Building target: filehandling
Invoking: GCC C++ Linker
g++  -o "filehandling"  ./filehand.o   
Finished building target: filehandling
 
16:05:49 **** Incremental Build of configuration Debug for project stack&queue ****
make all 
make: Nothing to be done for `all'.
16:05:50 **** Incremental Build of configuration Debug for project student ****
make all 
make: Nothing to be done for `all'.
16:05:51 **** Incremental Build of configuration Debug for project filehandling ****
make all 
make: Nothing to be done for `all'.
15:22:00 **** Incremental Build of configuration Debug for project Dequeue ****
make all 
Building file: ../dequeue.cpp
Invoking: GCC C++ Compiler
g++ -O0 -g3 -Wall -c -fmessage-length=0 -MMD -MP -MF"dequeue.d" -MT"dequeue.d" -o "dequeue.o" "../dequeue.cpp"
Finished building: ../dequeue.cpp
 
Building target: Dequeue
Invoking: GCC C++ Linker
g++  -o "Dequeue"  ./dequeue.o   
Finished building target: Dequeue
 
15:22:02 **** Incremental Build of configuration Debug for project ExceptionHandling ****
make all 
make: Nothing to be done for `all'.
15:22:02 **** Incremental Build of configuration Debug for project Quadratic ****
make all 
make: Nothing to be done for `all'.
15:22:02 **** Incremental Build of configuration Debug for project calc ****
make all 
make: Nothing to be done for `all'.
15:22:03 **** Incremental Build of configuration Debug for project calcadv ****
make all 
make: Nothing to be done for `all'.
15:22:03 **** Incremental Build of configuration Debug for project complex ****
make all 
make: Nothing to be done for `all'.
15:22:03 **** Incremental Build of configuration Debug for project employee ****
make all 
make: Nothing to be done for `all'.
15:22:03 **** Build of configuration Debug for project filehandling ****
make all 
Building file: ../filehand.cpp
Invoking: GCC C++ Compiler
g++ -O0 -g3 -Wall -c -fmessage-length=0 -MMD -MP -MF"filehand.d" -MT"filehand.d" -o "filehand.o" "../filehand.cpp"
Finished building: ../filehand.cpp
 
Building target: filehandling
Invoking: GCC C++ Linker
g++  -o "filehandling"  ./filehand.o   
Finished building target: filehandling
 
15:22:05 **** Incremental Build of configuration Debug for project stack&queue ****
make all 
make: Nothing to be done for `all'.
15:22:05 **** Incremental Build of configuration Debug for project student ****
make all 
make: Nothing to be done for `all'.
16:40:06 **** Build of configuration Debug for project Dequeue ****
make all 
make: Nothing to be done for `all'.
16:40:06 **** Build of configuration Debug for project ExceptionHandling ****
make all 
make: Nothing to be done for `all'.
16:40:06 **** Build of configuration Debug for project Quadratic ****
make all 
make: Nothing to be done for `all'.
16:40:07 **** Build of configuration Debug for project SortnSearch ****
make all 
Building file: ../SortnSearch.cpp
Invoking: GCC C++ Compiler
g++ -O0 -g3 -Wall -c -fmessage-length=0 -MMD -MP -MF"SortnSearch.d" -MT"SortnSearch.d" -o "SortnSearch.o" "../SortnSearch.cpp"
Finished building: ../SortnSearch.cpp
 
Building target: SortnSearch
Invoking: GCC C++ Linker
g++  -o "SortnSearch"  ./SortnSearch.o   
/usr/lib/gcc/x86_64-redhat-linux/4.8.3/../../../../lib64/crt1.o: In function `_start':
(.text+0x20): undefined reference to `main'
collect2: error: ld returned 1 exit status
make: *** [SortnSearch] Error 1
16:40:08 **** Build of configuration Debug for project calc ****
make all 
make: Nothing to be done for `all'.
16:40:08 **** Build of configuration Debug for project calcadv ****
make all 
make: Nothing to be done for `all'.
16:40:08 **** Build of configuration Debug for project complex ****
make all 
make: Nothing to be done for `all'.
16:40:08 **** Build of configuration Debug for project employee ****
make all 
make: Nothing to be done for `all'.
16:40:08 **** Build of configuration Debug for project filehandling ****
make all 
make: Nothing to be done for `all'.
16:40:08 **** Build of configuration Debug for project stack&queue ****
make all 
make: Nothing to be done for `all'.
16:40:09 **** Build of configuration Debug for project student ****
make all 
make: Nothing to be done for `all'.
16:41:55 **** Incremental Build of configuration Debug for project Dequeue ****
make all 
make: Nothing to be done for `all'.
16:41:55 **** Incremental Build of configuration Debug for project ExceptionHandling ****
make all 
make: Nothing to be done for `all'.
16:41:55 **** Incremental Build of configuration Debug for project Quadratic ****
make all 
make: Nothing to be done for `all'.
16:41:55 **** Incremental Build of configuration Debug for project SortnSearch ****
make all 
Building file: ../SortnSearch.cpp
Invoking: GCC C++ Compiler
g++ -O0 -g3 -Wall -c -fmessage-length=0 -MMD -MP -MF"SortnSearch.d" -MT"SortnSearch.d" -o "SortnSearch.o" "../SortnSearch.cpp"
../SortnSearch.cpp:13:11: error: ISO C++ forbids declaration of ‘getValue’ with no type [-fpermissive]
  getValue()
           ^
../SortnSearch.cpp: In member function ‘int stl::getValue()’:
../SortnSearch.cpp:16:2: warning: no return statement in function returning non-void [-Wreturn-type]
  }
  ^
make: *** [SortnSearch.o] Error 1
16:41:56 **** Incremental Build of configuration Debug for project calc ****
make all 
make: Nothing to be done for `all'.
16:41:56 **** Incremental Build of configuration Debug for project calcadv ****
make all 
make: Nothing to be done for `all'.
16:41:56 **** Incremental Build of configuration Debug for project complex ****
make all 
make: Nothing to be done for `all'.
16:41:56 **** Incremental Build of configuration Debug for project employee ****
make all 
make: Nothing to be done for `all'.
16:41:56 **** Incremental Build of configuration Debug for project filehandling ****
make all 
make: Nothing to be done for `all'.
16:41:56 **** Incremental Build of configuration Debug for project stack&queue ****
make all 
make: Nothing to be done for `all'.
16:41:57 **** Incremental Build of configuration Debug for project student ****
make all 
make: Nothing to be done for `all'.
16:42:48 **** Incremental Build of configuration Debug for project Dequeue ****
make all 
make: Nothing to be done for `all'.
16:42:48 **** Incremental Build of configuration Debug for project ExceptionHandling ****
make all 
make: Nothing to be done for `all'.
16:42:48 **** Incremental Build of configuration Debug for project Quadratic ****
make all 
make: Nothing to be done for `all'.
16:42:48 **** Incremental Build of configuration Debug for project SortnSearch ****
make all 
Building file: ../SortnSearch.cpp
Invoking: GCC C++ Compiler
g++ -O0 -g3 -Wall -c -fmessage-length=0 -MMD -MP -MF"SortnSearch.d" -MT"SortnSearch.d" -o "SortnSearch.o" "../SortnSearch.cpp"
Finished building: ../SortnSearch.cpp
 
Building target: SortnSearch
Invoking: GCC C++ Linker
g++  -o "SortnSearch"  ./SortnSearch.o   
/usr/lib/gcc/x86_64-redhat-linux/4.8.3/../../../../lib64/crt1.o: In function `_start':
(.text+0x20): undefined reference to `main'
collect2: error: ld returned 1 exit status
make: *** [SortnSearch] Error 1
16:42:48 **** Incremental Build of configuration Debug for project calc ****
make all 
make: Nothing to be done for `all'.
16:42:48 **** Incremental Build of configuration Debug for project calcadv ****
make all 
make: Nothing to be done for `all'.
16:42:49 **** Incremental Build of configuration Debug for project complex ****
make all 
make: Nothing to be done for `all'.
16:42:49 **** Incremental Build of configuration Debug for project employee ****
make all 
make: Nothing to be done for `all'.
16:42:49 **** Incremental Build of configuration Debug for project filehandling ****
make all 
make: Nothing to be done for `all'.
16:42:49 **** Incremental Build of configuration Debug for project stack&queue ****
make all 
make: Nothing to be done for `all'.
16:42:49 **** Incremental Build of configuration Debug for project student ****
make all 
make: Nothing to be done for `all'.
16:43:09 **** Incremental Build of configuration Debug for project Dequeue ****
make all 
make: Nothing to be done for `all'.
16:43:09 **** Incremental Build of configuration Debug for project ExceptionHandling ****
make all 
make: Nothing to be done for `all'.
16:43:09 **** Incremental Build of configuration Debug for project Quadratic ****
make all 
make: Nothing to be done for `all'.
16:43:10 **** Incremental Build of configuration Debug for project SortnSearch ****
make all 
Building file: ../SortnSearch.cpp
Invoking: GCC C++ Compiler
g++ -O0 -g3 -Wall -c -fmessage-length=0 -MMD -MP -MF"SortnSearch.d" -MT"SortnSearch.d" -o "SortnSearch.o" "../SortnSearch.cpp"
Finished building: ../SortnSearch.cpp
 
Building target: SortnSearch
Invoking: GCC C++ Linker
g++  -o "SortnSearch"  ./SortnSearch.o   
/usr/lib/gcc/x86_64-redhat-linux/4.8.3/../../../../lib64/crt1.o: In function `_start':
(.text+0x20): undefined reference to `main'
collect2: error: ld returned 1 exit status
make: *** [SortnSearch] Error 1
16:43:10 **** Incremental Build of configuration Debug for project calc ****
make all 
make: Nothing to be done for `all'.
16:43:10 **** Incremental Build of configuration Debug for project calcadv ****
make all 
make: Nothing to be done for `all'.
16:43:10 **** Incremental Build of configuration Debug for project complex ****
make all 
make: Nothing to be done for `all'.
16:43:10 **** Incremental Build of configuration Debug for project employee ****
make all 
make: Nothing to be done for `all'.
16:43:10 **** Incremental Build of configuration Debug for project filehandling ****
make all 
make: Nothing to be done for `all'.
16:43:10 **** Incremental Build of configuration Debug for project stack&queue ****
make all 
make: Nothing to be done for `all'.
16:43:11 **** Incremental Build of configuration Debug for project student ****
make all 
make: Nothing to be done for `all'.
16:43:12 **** Incremental Build of configuration Debug for project Dequeue ****
make all 
make: Nothing to be done for `all'.
16:43:12 **** Incremental Build of configuration Debug for project ExceptionHandling ****
make all 
make: Nothing to be done for `all'.
16:43:12 **** Incremental Build of configuration Debug for project Quadratic ****
make all 
make: Nothing to be done for `all'.
16:43:12 **** Incremental Build of configuration Debug for project SortnSearch ****
make all 
Building target: SortnSearch
Invoking: GCC C++ Linker
g++  -o "SortnSearch"  ./SortnSearch.o   
/usr/lib/gcc/x86_64-redhat-linux/4.8.3/../../../../lib64/crt1.o: In function `_start':
(.text+0x20): undefined reference to `main'
collect2: error: ld returned 1 exit status
make: *** [SortnSearch] Error 1
16:43:13 **** Incremental Build of configuration Debug for project calc ****
make all 
make: Nothing to be done for `all'.
16:43:13 **** Incremental Build of configuration Debug for project calcadv ****
make all 
make: Nothing to be done for `all'.
16:43:13 **** Incremental Build of configuration Debug for project complex ****
make all 
make: Nothing to be done for `all'.
16:43:13 **** Incremental Build of configuration Debug for project employee ****
make all 
make: Nothing to be done for `all'.
16:43:13 **** Incremental Build of configuration Debug for project filehandling ****
make all 
make: Nothing to be done for `all'.
16:43:13 **** Incremental Build of configuration Debug for project stack&queue ****
make all 
make: Nothing to be done for `all'.
16:43:13 **** Incremental Build of configuration Debug for project student ****
make all 
make: Nothing to be done for `all'.
16:43:14 **** Incremental Build of configuration Debug for project Dequeue ****
make all 
make: Nothing to be done for `all'.
16:43:14 **** Incremental Build of configuration Debug for project ExceptionHandling ****
make all 
make: Nothing to be done for `all'.
16:43:14 **** Incremental Build of configuration Debug for project Quadratic ****
make all 
make: Nothing to be done for `all'.
16:43:14 **** Incremental Build of configuration Debug for project SortnSearch ****
make all 
Building target: SortnSearch
Invoking: GCC C++ Linker
g++  -o "SortnSearch"  ./SortnSearch.o   
/usr/lib/gcc/x86_64-redhat-linux/4.8.3/../../../../lib64/crt1.o: In function `_start':
(.text+0x20): undefined reference to `main'
collect2: error: ld returned 1 exit status
make: *** [SortnSearch] Error 1
16:43:14 **** Incremental Build of configuration Debug for project calc ****
make all 
make: Nothing to be done for `all'.
16:43:14 **** Incremental Build of configuration Debug for project calcadv ****
make all 
make: Nothing to be done for `all'.
16:43:14 **** Incremental Build of configuration Debug for project complex ****
make all 
make: Nothing to be done for `all'.
16:43:14 **** Incremental Build of configuration Debug for project employee ****
make all 
make: Nothing to be done for `all'.
16:43:15 **** Incremental Build of configuration Debug for project filehandling ****
make all 
make: Nothing to be done for `all'.
16:43:15 **** Incremental Build of configuration Debug for project stack&queue ****
make all 
make: Nothing to be done for `all'.
16:43:15 **** Incremental Build of configuration Debug for project student ****
make all 
make: Nothing to be done for `all'.
16:43:15 **** Incremental Build of configuration Debug for project Dequeue ****
make all 
make: Nothing to be done for `all'.
16:43:15 **** Incremental Build of configuration Debug for project ExceptionHandling ****
make all 
make: Nothing to be done for `all'.
16:43:15 **** Incremental Build of configuration Debug for project Quadratic ****
make all 
make: Nothing to be done for `all'.
16:43:15 **** Incremental Build of configuration Debug for project SortnSearch ****
make all 
Building target: SortnSearch
Invoking: GCC C++ Linker
g++  -o "SortnSearch"  ./SortnSearch.o   
/usr/lib/gcc/x86_64-redhat-linux/4.8.3/../../../../lib64/crt1.o: In function `_start':
(.text+0x20): undefined reference to `main'
collect2: error: ld returned 1 exit status
make: *** [SortnSearch] Error 1
16:43:16 **** Incremental Build of configuration Debug for project calc ****
make all 
make: Nothing to be done for `all'.
16:43:16 **** Incremental Build of configuration Debug for project calcadv ****
make all 
make: Nothing to be done for `all'.
16:43:16 **** Incremental Build of configuration Debug for project complex ****
make all 
make: Nothing to be done for `all'.
16:43:16 **** Incremental Build of configuration Debug for project employee ****
make all 
make: Nothing to be done for `all'.
16:43:16 **** Incremental Build of configuration Debug for project filehandling ****
make all 
make: Nothing to be done for `all'.
16:43:16 **** Incremental Build of configuration Debug for project stack&queue ****
make all 
make: Nothing to be done for `all'.
16:43:16 **** Incremental Build of configuration Debug for project student ****
make all 
make: Nothing to be done for `all'.
16:53:08 **** Incremental Build of configuration Debug for project Dequeue ****
make all 
make: Nothing to be done for `all'.
16:53:08 **** Incremental Build of configuration Debug for project ExceptionHandling ****
make all 
make: Nothing to be done for `all'.
16:53:08 **** Incremental Build of configuration Debug for project Quadratic ****
make all 
make: Nothing to be done for `all'.
16:53:08 **** Incremental Build of configuration Debug for project SortnSearch ****
make all 
Building file: ../SortnSearch.cpp
Invoking: GCC C++ Compiler
g++ -O0 -g3 -Wall -c -fmessage-length=0 -MMD -MP -MF"SortnSearch.d" -MT"SortnSearch.d" -o "SortnSearch.o" "../SortnSearch.cpp"
../SortnSearch.cpp: In member function ‘void stl::getData()’:
../SortnSearch.cpp:17:18: warning: for increment expression has no effect [-Wunused-value]
   for(i=0;i<n*3;i+3)
                  ^
../SortnSearch.cpp: In member function ‘void stl::sortByName()’:
../SortnSearch.cpp:32:13: error: ‘sort’ was not declared in this scope
   sort(a,a+N);
             ^
make: *** [SortnSearch.o] Error 1
16:53:09 **** Incremental Build of configuration Debug for project calc ****
make all 
make: Nothing to be done for `all'.
16:53:09 **** Incremental Build of configuration Debug for project calcadv ****
make all 
make: Nothing to be done for `all'.
16:53:09 **** Incremental Build of configuration Debug for project complex ****
make all 
make: Nothing to be done for `all'.
16:53:09 **** Incremental Build of configuration Debug for project employee ****
make all 
make: Nothing to be done for `all'.
16:53:09 **** Incremental Build of configuration Debug for project filehandling ****
make all 
make: Nothing to be done for `all'.
16:53:09 **** Incremental Build of configuration Debug for project stack&queue ****
make all 
make: Nothing to be done for `all'.
16:53:09 **** Incremental Build of configuration Debug for project student ****
make all 
make: Nothing to be done for `all'.
16:54:38 **** Incremental Build of configuration Debug for project Dequeue ****
make all 
make: Nothing to be done for `all'.
16:54:39 **** Incremental Build of configuration Debug for project ExceptionHandling ****
make all 
make: Nothing to be done for `all'.
16:54:39 **** Incremental Build of configuration Debug for project Quadratic ****
make all 
make: Nothing to be done for `all'.
16:54:39 **** Incremental Build of configuration Debug for project SortnSearch ****
make all 
Building file: ../SortnSearch.cpp
Invoking: GCC C++ Compiler
g++ -O0 -g3 -Wall -c -fmessage-length=0 -MMD -MP -MF"SortnSearch.d" -MT"SortnSearch.d" -o "SortnSearch.o" "../SortnSearch.cpp"
Finished building: ../SortnSearch.cpp
 
Building target: SortnSearch
Invoking: GCC C++ Linker
g++  -o "SortnSearch"  ./SortnSearch.o   
/usr/lib/gcc/x86_64-redhat-linux/4.8.3/../../../../lib64/crt1.o: In function `_start':
(.text+0x20): undefined reference to `main'
collect2: error: ld returned 1 exit status
make: *** [SortnSearch] Error 1
16:54:39 **** Incremental Build of configuration Debug for project calc ****
make all 
make: Nothing to be done for `all'.
16:54:39 **** Incremental Build of configuration Debug for project calcadv ****
make all 
make: Nothing to be done for `all'.
16:54:39 **** Incremental Build of configuration Debug for project complex ****
make all 
make: Nothing to be done for `all'.
16:54:39 **** Incremental Build of configuration Debug for project employee ****
make all 
make: Nothing to be done for `all'.
16:54:40 **** Incremental Build of configuration Debug for project filehandling ****
make all 
make: Nothing to be done for `all'.
16:54:40 **** Incremental Build of configuration Debug for project stack&queue ****
make all 
make: Nothing to be done for `all'.
16:54:40 **** Incremental Build of configuration Debug for project student ****
make all 
make: Nothing to be done for `all'.
16:54:52 **** Incremental Build of configuration Debug for project Dequeue ****
make all 
make: Nothing to be done for `all'.
16:54:52 **** Incremental Build of configuration Debug for project ExceptionHandling ****
make all 
make: Nothing to be done for `all'.
16:54:52 **** Incremental Build of configuration Debug for project Quadratic ****
make all 
make: Nothing to be done for `all'.
16:54:52 **** Incremental Build of configuration Debug for project SortnSearch ****
make all 
Building target: SortnSearch
Invoking: GCC C++ Linker
g++  -o "SortnSearch"  ./SortnSearch.o   
/usr/lib/gcc/x86_64-redhat-linux/4.8.3/../../../../lib64/crt1.o: In function `_start':
(.text+0x20): undefined reference to `main'
collect2: error: ld returned 1 exit status
make: *** [SortnSearch] Error 1
16:54:52 **** Incremental Build of configuration Debug for project calc ****
make all 
make: Nothing to be done for `all'.
16:54:52 **** Incremental Build of configuration Debug for project calcadv ****
make all 
make: Nothing to be done for `all'.
16:54:53 **** Incremental Build of configuration Debug for project complex ****
make all 
make: Nothing to be done for `all'.
16:54:53 **** Incremental Build of configuration Debug for project employee ****
make all 
make: Nothing to be done for `all'.
16:54:53 **** Incremental Build of configuration Debug for project filehandling ****
make all 
make: Nothing to be done for `all'.
16:54:53 **** Incremental Build of configuration Debug for project stack&queue ****
make all 
make: Nothing to be done for `all'.
16:54:53 **** Incremental Build of configuration Debug for project student ****
make all 
make: Nothing to be done for `all'.
16:54:57 **** Incremental Build of configuration Debug for project Dequeue ****
make all 
make: Nothing to be done for `all'.
16:54:57 **** Incremental Build of configuration Debug for project ExceptionHandling ****
make all 
make: Nothing to be done for `all'.
16:54:57 **** Incremental Build of configuration Debug for project Quadratic ****
make all 
make: Nothing to be done for `all'.
16:54:57 **** Incremental Build of configuration Debug for project SortnSearch ****
make all 
Building target: SortnSearch
Invoking: GCC C++ Linker
g++  -o "SortnSearch"  ./SortnSearch.o   
/usr/lib/gcc/x86_64-redhat-linux/4.8.3/../../../../lib64/crt1.o: In function `_start':
(.text+0x20): undefined reference to `main'
collect2: error: ld returned 1 exit status
make: *** [SortnSearch] Error 1
16:54:57 **** Incremental Build of configuration Debug for project calc ****
make all 
make: Nothing to be done for `all'.
16:54:57 **** Incremental Build of configuration Debug for project calcadv ****
make all 
make: Nothing to be done for `all'.
16:54:57 **** Incremental Build of configuration Debug for project complex ****
make all 
make: Nothing to be done for `all'.
16:54:57 **** Incremental Build of configuration Debug for project employee ****
make all 
make: Nothing to be done for `all'.
16:54:57 **** Incremental Build of configuration Debug for project filehandling ****
make all 
make: Nothing to be done for `all'.
16:54:57 **** Incremental Build of configuration Debug for project stack&queue ****
make all 
make: Nothing to be done for `all'.
16:54:58 **** Incremental Build of configuration Debug for project student ****
make all 
make: Nothing to be done for `all'.
15:31:18 **** Incremental Build of configuration Debug for project Dequeue ****
make all 
make: Nothing to be done for `all'.
15:31:18 **** Incremental Build of configuration Debug for project ExceptionHandling ****
make all 
make: Nothing to be done for `all'.
15:31:18 **** Incremental Build of configuration Debug for project Quadratic ****
make all 
make: Nothing to be done for `all'.
15:31:18 **** Incremental Build of configuration Debug for project SortnSearch ****
make all 
Building target: SortnSearch
Invoking: GCC C++ Linker
g++  -o "SortnSearch"  ./SortnSearch.o   
/usr/lib/gcc/x86_64-redhat-linux/4.8.3/../../../../lib64/crt1.o: In function `_start':
(.text+0x20): undefined reference to `main'
collect2: error: ld returned 1 exit status
make: *** [SortnSearch] Error 1
15:31:19 **** Incremental Build of configuration Debug for project calc ****
make all 
make: Nothing to be done for `all'.
15:31:19 **** Incremental Build of configuration Debug for project calcadv ****
make all 
make: Nothing to be done for `all'.
15:31:20 **** Incremental Build of configuration Debug for project complex ****
make all 
make: Nothing to be done for `all'.
15:31:20 **** Incremental Build of configuration Debug for project employee ****
make all 
make: Nothing to be done for `all'.
15:31:20 **** Incremental Build of configuration Debug for project filehandling ****
make all 
make: Nothing to be done for `all'.
15:31:20 **** Incremental Build of configuration Debug for project stack&queue ****
make all 
make: Nothing to be done for `all'.
15:31:20 **** Incremental Build of configuration Debug for project student ****
make all 
make: Nothing to be done for `all'.
16:19:52 **** Incremental Build of configuration Debug for project Dequeue ****
make all 
make: Nothing to be done for `all'.
16:19:52 **** Incremental Build of configuration Debug for project ExceptionHandling ****
make all 
make: Nothing to be done for `all'.
16:19:53 **** Incremental Build of configuration Debug for project Quadratic ****
make all 
make: Nothing to be done for `all'.
16:19:53 **** Incremental Build of configuration Debug for project SortnSearch ****
make all 
Building target: SortnSearch
Invoking: GCC C++ Linker
g++  -o "SortnSearch"  ./SortnSearch.o   
/usr/lib/gcc/x86_64-redhat-linux/4.8.3/../../../../lib64/crt1.o: In function `_start':
(.text+0x20): undefined reference to `main'
collect2: error: ld returned 1 exit status
make: *** [SortnSearch] Error 1
16:19:53 **** Incremental Build of configuration Debug for project calc ****
make all 
make: Nothing to be done for `all'.
16:19:53 **** Incremental Build of configuration Debug for project calcadv ****
make all 
make: Nothing to be done for `all'.
16:19:53 **** Incremental Build of configuration Debug for project complex ****
make all 
make: Nothing to be done for `all'.
16:19:53 **** Incremental Build of configuration Debug for project employee ****
make all 
make: Nothing to be done for `all'.
16:19:53 **** Incremental Build of configuration Debug for project filehandling ****
make all 
make: Nothing to be done for `all'.
16:19:54 **** Incremental Build of configuration Debug for project stack&queue ****
make all 
make: Nothing to be done for `all'.
16:19:54 **** Incremental Build of configuration Debug for project student ****
make all 
make: Nothing to be done for `all'.
16:20:51 **** Incremental Build of configuration Debug for project Dequeue ****
make all 
make: Nothing to be done for `all'.
16:20:51 **** Incremental Build of configuration Debug for project ExceptionHandling ****
make all 
make: Nothing to be done for `all'.
16:20:51 **** Incremental Build of configuration Debug for project Quadratic ****
make all 
make: Nothing to be done for `all'.
16:20:52 **** Incremental Build of configuration Debug for project SortnSearch ****
make all 
Building target: SortnSearch
Invoking: GCC C++ Linker
g++  -o "SortnSearch"  ./SortnSearch.o   
/usr/lib/gcc/x86_64-redhat-linux/4.8.3/../../../../lib64/crt1.o: In function `_start':
(.text+0x20): undefined reference to `main'
collect2: error: ld returned 1 exit status
make: *** [SortnSearch] Error 1
16:20:52 **** Incremental Build of configuration Debug for project calc ****
make all 
make: Nothing to be done for `all'.
16:20:52 **** Incremental Build of configuration Debug for project calcadv ****
make all 
make: Nothing to be done for `all'.
16:20:52 **** Incremental Build of configuration Debug for project complex ****
make all 
make: Nothing to be done for `all'.
16:20:53 **** Incremental Build of configuration Debug for project employee ****
make all 
make: Nothing to be done for `all'.
16:20:53 **** Incremental Build of configuration Debug for project filehandling ****
make all 
make: Nothing to be done for `all'.
16:20:53 **** Build of configuration Debug for project sortsearchstl ****
make all 
Building file: ../sortsearchstl.cpp
Invoking: GCC C++ Compiler
g++ -O0 -g3 -Wall -c -fmessage-length=0 -MMD -MP -MF"sortsearchstl.d" -MT"sortsearchstl.d" -o "sortsearchstl.o" "../sortsearchstl.cpp"
Finished building: ../sortsearchstl.cpp
 
Building target: sortsearchstl
Invoking: GCC C++ Linker
g++  -o "sortsearchstl"  ./sortsearchstl.o   
Finished building target: sortsearchstl
 
16:20:54 **** Incremental Build of configuration Debug for project stack&queue ****
make all 
make: Nothing to be done for `all'.
16:20:54 **** Incremental Build of configuration Debug for project student ****
make all 
make: Nothing to be done for `all'.
16:21:01 **** Incremental Build of configuration Debug for project sortsearchstl ****
make all 
make: Nothing to be done for `all'.
